2023-02-11 16:43:21.257  DEBUG [main] o.s.c.s.ClassPathXmlApplicationContext - Refreshing org.springframework.context.support.ClassPathXmlApplicationContext@7c0c77c7
2023-02-11 16:43:21.391  DEBUG [main] o.s.b.f.x.XmlBeanDefinitionReader - Loaded 2 bean definitions from class path resource [applicationContext.xml]
2023-02-11 16:43:21.416  DEBUG [main] o.s.b.f.s.DefaultListableBeanFactory - Creating shared instance of singleton bean 'jzqService'
2023-02-11 16:47:53.477  DEBUG [main] o.s.c.s.ClassPathXmlApplicationContext - Refreshing org.springframework.context.support.ClassPathXmlApplicationContext@7c0c77c7
2023-02-11 16:47:53.585  DEBUG [main] o.s.b.f.x.XmlBeanDefinitionReader - Loaded 2 bean definitions from class path resource [applicationContext.xml]
2023-02-11 16:47:53.607  DEBUG [main] o.s.b.f.s.DefaultListableBeanFactory - Creating shared instance of singleton bean 'jzqService'
2023-02-11 16:49:37.826  DEBUG [main] o.s.c.s.ClassPathXmlApplicationContext - Refreshing org.springframework.context.support.ClassPathXmlApplicationContext@7c0c77c7
2023-02-11 16:49:37.927  DEBUG [main] o.s.b.f.x.XmlBeanDefinitionReader - Loaded 2 bean definitions from class path resource [applicationContext.xml]
2023-02-11 16:49:37.947  DEBUG [main] o.s.b.f.s.DefaultListableBeanFactory - Creating shared instance of singleton bean 'jzqService'
2023-02-11 16:49:53.293  DEBUG [main] o.s.c.s.ClassPathXmlApplicationContext - Refreshing org.springframework.context.support.ClassPathXmlApplicationContext@7c0c77c7
2023-02-11 16:49:53.395  DEBUG [main] o.s.b.f.x.XmlBeanDefinitionReader - Loaded 2 bean definitions from class path resource [applicationContext.xml]
2023-02-11 16:49:53.415  DEBUG [main] o.s.b.f.s.DefaultListableBeanFactory - Creating shared instance of singleton bean 'jzqService'
2023-02-11 16:50:08.680  DEBUG [main] o.s.c.s.ClassPathXmlApplicationContext - Refreshing org.springframework.context.support.ClassPathXmlApplicationContext@7c0c77c7
2023-02-11 16:50:08.782  DEBUG [main] o.s.b.f.x.XmlBeanDefinitionReader - Loaded 2 bean definitions from class path resource [applicationContext.xml]
2023-02-11 16:50:08.802  DEBUG [main] o.s.b.f.s.DefaultListableBeanFactory - Creating shared instance of singleton bean 'jzqService'
2023-02-11 16:50:45.686  DEBUG [main] o.s.c.s.ClassPathXmlApplicationContext - Refreshing org.springframework.context.support.ClassPathXmlApplicationContext@7c0c77c7
2023-02-11 16:50:45.785  DEBUG [main] o.s.b.f.x.XmlBeanDefinitionReader - Loaded 2 bean definitions from class path resource [applicationContext.xml]
2023-02-11 16:50:45.805  DEBUG [main] o.s.b.f.s.DefaultListableBeanFactory - Creating shared instance of singleton bean 'jzqService'
2023-02-11 16:55:21.108  DEBUG [main] o.s.c.s.ClassPathXmlApplicationContext - Refreshing org.springframework.context.support.ClassPathXmlApplicationContext@7c0c77c7
2023-02-11 16:55:21.209  DEBUG [main] o.s.b.f.x.XmlBeanDefinitionReader - Loaded 2 bean definitions from class path resource [applicationContext.xml]
2023-02-11 16:55:21.228  DEBUG [main] o.s.b.f.s.DefaultListableBeanFactory - Creating shared instance of singleton bean 'jzqService'
2023-02-11 16:56:51.039  DEBUG [main] o.s.c.s.ClassPathXmlApplicationContext - Refreshing org.springframework.context.support.ClassPathXmlApplicationContext@7c0c77c7
2023-02-11 16:56:51.143  DEBUG [main] o.s.b.f.x.XmlBeanDefinitionReader - Loaded 2 bean definitions from class path resource [applicationContext.xml]
2023-02-11 16:56:51.163  DEBUG [main] o.s.b.f.s.DefaultListableBeanFactory - Creating shared instance of singleton bean 'jzqService'
2023-02-11 16:59:40.842  DEBUG [main] o.s.c.s.ClassPathXmlApplicationContext - Refreshing org.springframework.context.support.ClassPathXmlApplicationContext@7c0c77c7
2023-02-11 16:59:40.947  DEBUG [main] o.s.b.f.x.XmlBeanDefinitionReader - Loaded 2 bean definitions from class path resource [applicationContext.xml]
2023-02-11 16:59:40.967  DEBUG [main] o.s.b.f.s.DefaultListableBeanFactory - Creating shared instance of singleton bean 'jzqService'
2023-02-11 17:03:20.585  DEBUG [main] o.s.c.s.ClassPathXmlApplicationContext - Refreshing org.springframework.context.support.ClassPathXmlApplicationContext@7c0c77c7
2023-02-11 17:03:20.686  DEBUG [main] o.s.b.f.x.XmlBeanDefinitionReader - Loaded 2 bean definitions from class path resource [applicationContext.xml]
2023-02-11 17:03:20.706  DEBUG [main] o.s.b.f.s.DefaultListableBeanFactory - Creating shared instance of singleton bean 'jzqService'
2023-02-11 17:06:10.304  DEBUG [main] o.s.c.s.ClassPathXmlApplicationContext - Refreshing org.springframework.context.support.ClassPathXmlApplicationContext@7c0c77c7
2023-02-11 17:06:10.403  DEBUG [main] o.s.b.f.x.XmlBeanDefinitionReader - Loaded 2 bean definitions from class path resource [applicationContext.xml]
2023-02-11 17:06:10.422  DEBUG [main] o.s.b.f.s.DefaultListableBeanFactory - Creating shared instance of singleton bean 'jzqdao'
2023-02-11 17:06:10.431  DEBUG [main] o.s.b.f.s.DefaultListableBeanFactory - Creating shared instance of singleton bean 'jzqService'
2023-02-11 17:06:39.062  DEBUG [main] o.s.c.s.ClassPathXmlApplicationContext - Refreshing org.springframework.context.support.ClassPathXmlApplicationContext@7c0c77c7
2023-02-11 17:06:39.162  DEBUG [main] o.s.b.f.x.XmlBeanDefinitionReader - Loaded 2 bean definitions from class path resource [applicationContext.xml]
2023-02-11 17:06:39.182  DEBUG [main] o.s.b.f.s.DefaultListableBeanFactory - Creating shared instance of singleton bean 'jzqdao'
2023-02-11 17:06:39.191  DEBUG [main] o.s.b.f.s.DefaultListableBeanFactory - Creating shared instance of singleton bean 'jzqService'
2023-02-11 17:06:44.127  DEBUG [main] o.s.c.s.ClassPathXmlApplicationContext - Refreshing org.springframework.context.support.ClassPathXmlApplicationContext@7c0c77c7
2023-02-11 17:06:44.228  DEBUG [main] o.s.b.f.x.XmlBeanDefinitionReader - Loaded 2 bean definitions from class path resource [applicationContext.xml]
2023-02-11 17:06:44.247  DEBUG [main] o.s.b.f.s.DefaultListableBeanFactory - Creating shared instance of singleton bean 'jzqdao'
2023-02-11 17:06:44.257  DEBUG [main] o.s.b.f.s.DefaultListableBeanFactory - Creating shared instance of singleton bean 'jzqService'
2023-02-11 17:08:05.232  DEBUG [main] o.s.c.s.ClassPathXmlApplicationContext - Refreshing org.springframework.context.support.ClassPathXmlApplicationContext@7c0c77c7
2023-02-11 17:08:05.341  DEBUG [main] o.s.b.f.x.XmlBeanDefinitionReader - Loaded 2 bean definitions from class path resource [applicationContext.xml]
2023-02-11 17:08:05.362  DEBUG [main] o.s.b.f.s.DefaultListableBeanFactory - Creating shared instance of singleton bean 'jzqdao'
2023-02-11 17:08:05.370  DEBUG [main] o.s.b.f.s.DefaultListableBeanFactory - Creating shared instance of singleton bean 'jzqService'
2023-02-11 17:16:04.844  DEBUG [main] o.s.c.s.ClassPathXmlApplicationContext - Refreshing org.springframework.context.support.ClassPathXmlApplicationContext@7c0c77c7
2023-02-11 17:16:04.943  DEBUG [main] o.s.b.f.x.XmlBeanDefinitionReader - Loaded 2 bean definitions from class path resource [applicationContext.xml]
2023-02-11 17:16:04.962  DEBUG [main] o.s.b.f.s.DefaultListableBeanFactory - Creating shared instance of singleton bean 'jzqdao'
2023-02-11 17:16:04.970  DEBUG [main] o.s.b.f.s.DefaultListableBeanFactory - Creating shared instance of singleton bean 'jzqService'
2023-02-11 17:16:18.031  DEBUG [main] o.s.c.s.ClassPathXmlApplicationContext - Refreshing org.springframework.context.support.ClassPathXmlApplicationContext@7c0c77c7
2023-02-11 17:16:18.162  DEBUG [main] o.s.b.f.x.XmlBeanDefinitionReader - Loaded 2 bean definitions from class path resource [applicationContext.xml]
2023-02-11 17:16:18.185  DEBUG [main] o.s.b.f.s.DefaultListableBeanFactory - Creating shared instance of singleton bean 'jzqdao'
2023-02-11 17:16:18.194  DEBUG [main] o.s.b.f.s.DefaultListableBeanFactory - Creating shared instance of singleton bean 'jzqService'
2023-02-11 17:16:35.626  DEBUG [main] o.s.c.s.ClassPathXmlApplicationContext - Refreshing org.springframework.context.support.ClassPathXmlApplicationContext@7c0c77c7
2023-02-11 17:16:35.729  DEBUG [main] o.s.b.f.x.XmlBeanDefinitionReader - Loaded 2 bean definitions from class path resource [applicationContext.xml]
2023-02-11 17:16:35.749  DEBUG [main] o.s.b.f.s.DefaultListableBeanFactory - Creating shared instance of singleton bean 'jzqdao'
2023-02-11 17:16:35.757  DEBUG [main] o.s.b.f.s.DefaultListableBeanFactory - Creating shared instance of singleton bean 'jzqService'
2023-02-11 17:37:46.034  DEBUG [main] o.s.c.s.ClassPathXmlApplicationContext - Refreshing org.springframework.context.support.ClassPathXmlApplicationContext@7c0c77c7
2023-02-11 17:37:46.135  DEBUG [main] o.s.b.f.x.XmlBeanDefinitionReader - Loaded 3 bean definitions from class path resource [applicationContext.xml]
2023-02-11 17:37:46.161  DEBUG [main] o.s.b.f.s.DefaultListableBeanFactory - Creating shared instance of singleton bean 'jzqdao'
2023-02-11 17:37:46.170  DEBUG [main] o.s.b.f.s.DefaultListableBeanFactory - Creating shared instance of singleton bean 'jzqService'
2023-02-11 17:37:46.190  DEBUG [main] o.s.b.f.s.DefaultListableBeanFactory - Creating shared instance of singleton bean 'jzq'
2023-02-11 17:40:23.168  DEBUG [main] o.s.c.s.ClassPathXmlApplicationContext - Refreshing org.springframework.context.support.ClassPathXmlApplicationContext@7c0c77c7
2023-02-11 17:40:23.270  DEBUG [main] o.s.b.f.x.XmlBeanDefinitionReader - Loaded 3 bean definitions from class path resource [applicationContext.xml]
2023-02-11 17:40:23.295  DEBUG [main] o.s.b.f.s.DefaultListableBeanFactory - Creating shared instance of singleton bean 'jzqdao'
2023-02-11 17:40:23.304  DEBUG [main] o.s.b.f.s.DefaultListableBeanFactory - Creating shared instance of singleton bean 'jzqService'
2023-02-11 17:40:23.324  DEBUG [main] o.s.b.f.s.DefaultListableBeanFactory - Creating shared instance of singleton bean 'jzq'
2023-02-11 17:44:55.680  DEBUG [main] o.s.c.s.ClassPathXmlApplicationContext - Refreshing org.springframework.context.support.ClassPathXmlApplicationContext@7c0c77c7
2023-02-11 17:44:55.787  DEBUG [main] o.s.b.f.x.XmlBeanDefinitionReader - Loaded 3 bean definitions from class path resource [applicationContext.xml]
2023-02-11 17:44:55.816  DEBUG [main] o.s.b.f.s.DefaultListableBeanFactory - Creating shared instance of singleton bean 'jzqdao'
2023-02-11 17:44:55.825  DEBUG [main] o.s.b.f.s.DefaultListableBeanFactory - Creating shared instance of singleton bean 'jzqService'
2023-02-11 17:44:55.847  DEBUG [main] o.s.b.f.s.DefaultListableBeanFactory - Creating shared instance of singleton bean 'qjz'
2023-02-11 17:46:29.708  DEBUG [main] o.s.c.s.ClassPathXmlApplicationContext - Refreshing org.springframework.context.support.ClassPathXmlApplicationContext@7c0c77c7
2023-02-11 17:46:29.808  DEBUG [main] o.s.b.f.x.XmlBeanDefinitionReader - Loaded 3 bean definitions from class path resource [applicationContext.xml]
2023-02-11 17:46:29.834  DEBUG [main] o.s.b.f.s.DefaultListableBeanFactory - Creating shared instance of singleton bean 'jzqdao'
2023-02-11 17:46:29.842  DEBUG [main] o.s.b.f.s.DefaultListableBeanFactory - Creating shared instance of singleton bean 'jzqService'
2023-02-11 17:46:29.862  DEBUG [main] o.s.b.f.s.DefaultListableBeanFactory - Creating shared instance of singleton bean 'qjz'
2023-02-11 17:51:30.154  DEBUG [main] o.s.c.s.ClassPathXmlApplicationContext - Refreshing org.springframework.context.support.ClassPathXmlApplicationContext@7c0c77c7
2023-02-11 17:51:30.257  DEBUG [main] o.s.b.f.x.XmlBeanDefinitionReader - Loaded 3 bean definitions from class path resource [applicationContext.xml]
2023-02-11 17:51:30.282  DEBUG [main] o.s.b.f.s.DefaultListableBeanFactory - Creating shared instance of singleton bean 'jzqdao'
2023-02-11 17:51:30.291  DEBUG [main] o.s.b.f.s.DefaultListableBeanFactory - Creating shared instance of singleton bean 'jzqService'
2023-02-11 17:51:30.311  DEBUG [main] o.s.b.f.s.DefaultListableBeanFactory - Creating shared instance of singleton bean 'qjz'
2023-02-11 17:52:04.293  DEBUG [main] o.s.c.s.ClassPathXmlApplicationContext - Refreshing org.springframework.context.support.ClassPathXmlApplicationContext@7c0c77c7
2023-02-11 17:52:04.397  DEBUG [main] o.s.b.f.x.XmlBeanDefinitionReader - Loaded 3 bean definitions from class path resource [applicationContext.xml]
2023-02-11 17:52:04.422  DEBUG [main] o.s.b.f.s.DefaultListableBeanFactory - Creating shared instance of singleton bean 'jzqdao'
2023-02-11 17:52:04.431  DEBUG [main] o.s.b.f.s.DefaultListableBeanFactory - Creating shared instance of singleton bean 'jzqService'
2023-02-11 17:52:04.453  DEBUG [main] o.s.b.f.s.DefaultListableBeanFactory - Creating shared instance of singleton bean 'qjz'
2023-02-11 17:52:42.860  DEBUG [main] o.s.c.s.ClassPathXmlApplicationContext - Refreshing org.springframework.context.support.ClassPathXmlApplicationContext@7c0c77c7
2023-02-11 17:52:42.960  DEBUG [main] o.s.b.f.x.XmlBeanDefinitionReader - Loaded 3 bean definitions from class path resource [applicationContext.xml]
2023-02-11 17:52:42.984  DEBUG [main] o.s.b.f.s.DefaultListableBeanFactory - Creating shared instance of singleton bean 'jzqdao'
2023-02-11 17:52:42.992  DEBUG [main] o.s.b.f.s.DefaultListableBeanFactory - Creating shared instance of singleton bean 'jzqService'
2023-02-11 17:52:42.993  DEBUG [main] o.s.b.f.s.DefaultListableBeanFactory - Creating shared instance of singleton bean 'qjz'
2023-02-11 17:53:28.721  DEBUG [main] o.s.c.s.ClassPathXmlApplicationContext - Refreshing org.springframework.context.support.ClassPathXmlApplicationContext@7c0c77c7
2023-02-11 17:53:28.816  DEBUG [main] o.s.b.f.x.XmlBeanDefinitionReader - Loaded 2 bean definitions from class path resource [applicationContext.xml]
2023-02-11 17:53:28.838  DEBUG [main] o.s.b.f.s.DefaultListableBeanFactory - Creating shared instance of singleton bean 'jzqdao'
2023-02-11 17:53:28.847  DEBUG [main] o.s.b.f.s.DefaultListableBeanFactory - Creating shared instance of singleton bean 'qjz'
2023-02-11 17:54:08.905  DEBUG [main] o.s.c.s.ClassPathXmlApplicationContext - Refreshing org.springframework.context.support.ClassPathXmlApplicationContext@7c0c77c7
2023-02-11 17:54:09.005  DEBUG [main] o.s.b.f.x.XmlBeanDefinitionReader - Loaded 3 bean definitions from class path resource [applicationContext.xml]
2023-02-11 17:54:09.030  DEBUG [main] o.s.b.f.s.DefaultListableBeanFactory - Creating shared instance of singleton bean 'jzqdao'
2023-02-11 17:54:09.038  DEBUG [main] o.s.b.f.s.DefaultListableBeanFactory - Creating shared instance of singleton bean 'jzqService'
2023-02-11 17:54:09.058  DEBUG [main] o.s.b.f.s.DefaultListableBeanFactory - Creating shared instance of singleton bean 'jzq'
2023-02-11 20:23:07.784  DEBUG [main] o.s.c.s.ClassPathXmlApplicationContext - Refreshing org.springframework.context.support.ClassPathXmlApplicationContext@7c0c77c7
2023-02-11 20:23:07.884  DEBUG [main] o.s.b.f.x.XmlBeanDefinitionReader - Loaded 2 bean definitions from class path resource [applicationContext.xml]
2023-02-11 20:23:07.910  DEBUG [main] o.s.b.f.s.DefaultListableBeanFactory - Creating shared instance of singleton bean 'jzqService'
2023-02-11 20:23:07.918  DEBUG [main] o.s.b.f.s.DefaultListableBeanFactory - Creating shared instance of singleton bean 'jzq'
2023-02-11 20:32:28.465  DEBUG [main] o.s.c.s.ClassPathXmlApplicationContext - Refreshing org.springframework.context.support.ClassPathXmlApplicationContext@7c0c77c7
2023-02-11 20:32:28.566  DEBUG [main] o.s.b.f.x.XmlBeanDefinitionReader - Loaded 3 bean definitions from class path resource [applicationContext.xml]
2023-02-11 20:32:28.591  DEBUG [main] o.s.b.f.s.DefaultListableBeanFactory - Creating shared instance of singleton bean 'jzqdao'
2023-02-11 20:32:28.600  DEBUG [main] o.s.b.f.s.DefaultListableBeanFactory - Creating shared instance of singleton bean 'jzqService'
2023-02-11 20:32:28.622  DEBUG [main] o.s.b.f.s.DefaultListableBeanFactory - Creating shared instance of singleton bean 'OrderDaoFactory'
2023-02-11 20:37:30.214  DEBUG [main] o.s.c.s.ClassPathXmlApplicationContext - Refreshing org.springframework.context.support.ClassPathXmlApplicationContext@7c0c77c7
2023-02-11 20:37:30.314  DEBUG [main] o.s.b.f.x.XmlBeanDefinitionReader - Loaded 3 bean definitions from class path resource [applicationContext.xml]
2023-02-11 20:37:30.339  DEBUG [main] o.s.b.f.s.DefaultListableBeanFactory - Creating shared instance of singleton bean 'jzqdao'
2023-02-11 20:37:30.347  DEBUG [main] o.s.b.f.s.DefaultListableBeanFactory - Creating shared instance of singleton bean 'jzqService'
2023-02-11 20:37:30.367  DEBUG [main] o.s.b.f.s.DefaultListableBeanFactory - Creating shared instance of singleton bean 'jzqOrder'
2023-02-11 20:40:20.603  DEBUG [main] o.s.c.s.ClassPathXmlApplicationContext - Refreshing org.springframework.context.support.ClassPathXmlApplicationContext@7c0c77c7
2023-02-11 20:40:20.702  DEBUG [main] o.s.b.f.x.XmlBeanDefinitionReader - Loaded 2 bean definitions from class path resource [applicationContext.xml]
2023-02-11 20:40:20.726  DEBUG [main] o.s.b.f.s.DefaultListableBeanFactory - Creating shared instance of singleton bean 'jzqService'
2023-02-11 20:40:20.735  DEBUG [main] o.s.b.f.s.DefaultListableBeanFactory - Creating shared instance of singleton bean 'jzqOrder'
2023-02-11 20:54:29.004  DEBUG [main] o.s.c.s.ClassPathXmlApplicationContext - Refreshing org.springframework.context.support.ClassPathXmlApplicationContext@7c0c77c7
2023-02-11 20:54:29.103  DEBUG [main] o.s.b.f.x.XmlBeanDefinitionReader - Loaded 3 bean definitions from class path resource [applicationContext.xml]
2023-02-11 20:54:29.128  DEBUG [main] o.s.b.f.s.DefaultListableBeanFactory - Creating shared instance of singleton bean 'jzqdao'
2023-02-11 20:54:29.138  DEBUG [main] o.s.b.f.s.DefaultListableBeanFactory - Creating shared instance of singleton bean 'jzqService'
2023-02-11 20:54:29.158  DEBUG [main] o.s.b.f.s.DefaultListableBeanFactory - Creating shared instance of singleton bean 'jzq'
2023-02-11 20:55:29.089  DEBUG [main] o.s.c.s.ClassPathXmlApplicationContext - Refreshing org.springframework.context.support.ClassPathXmlApplicationContext@5cee5251
2023-02-11 20:55:29.189  DEBUG [main] o.s.b.f.x.XmlBeanDefinitionReader - Loaded 3 bean definitions from class path resource [applicationContext.xml]
2023-02-11 20:55:29.215  DEBUG [main] o.s.b.f.s.DefaultListableBeanFactory - Creating shared instance of singleton bean 'jzqdao'
2023-02-11 20:55:29.224  DEBUG [main] o.s.b.f.s.DefaultListableBeanFactory - Creating shared instance of singleton bean 'jzqService'
2023-02-11 20:55:29.243  DEBUG [main] o.s.b.f.s.DefaultListableBeanFactory - Creating shared instance of singleton bean 'jzq'
2023-02-11 20:55:40.239  DEBUG [main] o.s.c.s.ClassPathXmlApplicationContext - Refreshing org.springframework.context.support.ClassPathXmlApplicationContext@5cee5251
2023-02-11 20:55:40.340  DEBUG [main] o.s.b.f.x.XmlBeanDefinitionReader - Loaded 3 bean definitions from class path resource [applicationContext.xml]
2023-02-11 20:55:40.365  DEBUG [main] o.s.b.f.s.DefaultListableBeanFactory - Creating shared instance of singleton bean 'jzqdao'
2023-02-11 20:55:40.373  DEBUG [main] o.s.b.f.s.DefaultListableBeanFactory - Creating shared instance of singleton bean 'jzqService'
2023-02-11 20:55:40.393  DEBUG [main] o.s.b.f.s.DefaultListableBeanFactory - Creating shared instance of singleton bean 'jzq'
2023-02-11 20:56:54.569  DEBUG [main] o.s.c.s.ClassPathXmlApplicationContext - Refreshing org.springframework.context.support.ClassPathXmlApplicationContext@5cee5251
2023-02-11 20:56:54.668  DEBUG [main] o.s.b.f.x.XmlBeanDefinitionReader - Loaded 3 bean definitions from class path resource [applicationContext.xml]
2023-02-11 20:56:54.693  DEBUG [main] o.s.b.f.s.DefaultListableBeanFactory - Creating shared instance of singleton bean 'jzqdao'
2023-02-11 20:56:54.702  DEBUG [main] o.s.b.f.s.DefaultListableBeanFactory - Creating shared instance of singleton bean 'jzqService'
2023-02-11 20:56:54.722  DEBUG [main] o.s.b.f.s.DefaultListableBeanFactory - Creating shared instance of singleton bean 'jzq'
2023-02-11 20:57:10.699  DEBUG [main] o.s.c.s.ClassPathXmlApplicationContext - Refreshing org.springframework.context.support.ClassPathXmlApplicationContext@5cee5251
2023-02-11 20:57:10.798  DEBUG [main] o.s.b.f.x.XmlBeanDefinitionReader - Loaded 3 bean definitions from class path resource [applicationContext.xml]
2023-02-11 20:57:10.823  DEBUG [main] o.s.b.f.s.DefaultListableBeanFactory - Creating shared instance of singleton bean 'jzqdao'
2023-02-11 20:57:10.831  DEBUG [main] o.s.b.f.s.DefaultListableBeanFactory - Creating shared instance of singleton bean 'jzqService'
2023-02-11 20:57:10.851  DEBUG [main] o.s.b.f.s.DefaultListableBeanFactory - Creating shared instance of singleton bean 'jzq'
2023-02-11 20:57:17.019  DEBUG [main] o.s.c.s.ClassPathXmlApplicationContext - Refreshing org.springframework.context.support.ClassPathXmlApplicationContext@5cee5251
2023-02-11 20:57:17.119  DEBUG [main] o.s.b.f.x.XmlBeanDefinitionReader - Loaded 3 bean definitions from class path resource [applicationContext.xml]
2023-02-11 20:57:17.144  DEBUG [main] o.s.b.f.s.DefaultListableBeanFactory - Creating shared instance of singleton bean 'jzqdao'
2023-02-11 20:57:17.153  DEBUG [main] o.s.b.f.s.DefaultListableBeanFactory - Creating shared instance of singleton bean 'jzqService'
2023-02-11 20:57:17.173  DEBUG [main] o.s.b.f.s.DefaultListableBeanFactory - Creating shared instance of singleton bean 'jzq'
2023-02-11 20:57:29.027  DEBUG [main] o.s.c.s.ClassPathXmlApplicationContext - Refreshing org.springframework.context.support.ClassPathXmlApplicationContext@5cee5251
2023-02-11 20:57:29.132  DEBUG [main] o.s.b.f.x.XmlBeanDefinitionReader - Loaded 3 bean definitions from class path resource [applicationContext.xml]
2023-02-11 20:57:29.159  DEBUG [main] o.s.b.f.s.DefaultListableBeanFactory - Creating shared instance of singleton bean 'jzqdao'
2023-02-11 20:57:29.168  DEBUG [main] o.s.b.f.s.DefaultListableBeanFactory - Creating shared instance of singleton bean 'jzqService'
2023-02-11 20:57:29.188  DEBUG [main] o.s.b.f.s.DefaultListableBeanFactory - Creating shared instance of singleton bean 'jzq'
2023-02-11 20:59:06.629  DEBUG [main] o.s.c.s.ClassPathXmlApplicationContext - Refreshing org.springframework.context.support.ClassPathXmlApplicationContext@5cee5251
2023-02-11 20:59:06.738  DEBUG [main] o.s.b.f.x.XmlBeanDefinitionReader - Loaded 3 bean definitions from class path resource [applicationContext.xml]
2023-02-11 20:59:06.764  DEBUG [main] o.s.b.f.s.DefaultListableBeanFactory - Creating shared instance of singleton bean 'jzqdao'
2023-02-11 20:59:06.773  DEBUG [main] o.s.b.f.s.DefaultListableBeanFactory - Creating shared instance of singleton bean 'jzqService'
2023-02-11 20:59:06.793  DEBUG [main] o.s.b.f.s.DefaultListableBeanFactory - Creating shared instance of singleton bean 'jzq'
2023-02-11 21:03:47.928  DEBUG [main] o.s.c.s.ClassPathXmlApplicationContext - Refreshing org.springframework.context.support.ClassPathXmlApplicationContext@5cee5251
2023-02-11 21:03:48.031  DEBUG [main] o.s.b.f.x.XmlBeanDefinitionReader - Loaded 3 bean definitions from class path resource [applicationContext.xml]
2023-02-11 21:03:48.056  DEBUG [main] o.s.b.f.s.DefaultListableBeanFactory - Creating shared instance of singleton bean 'jzqdao'
2023-02-11 21:03:48.064  DEBUG [main] o.s.b.f.s.DefaultListableBeanFactory - Creating shared instance of singleton bean 'jzqService'
2023-02-11 21:03:48.084  DEBUG [main] o.s.b.f.s.DefaultListableBeanFactory - Creating shared instance of singleton bean 'jzqfactory'
2023-02-11 21:03:56.677  DEBUG [main] o.s.c.s.ClassPathXmlApplicationContext - Refreshing org.springframework.context.support.ClassPathXmlApplicationContext@5cee5251
2023-02-11 21:03:56.780  DEBUG [main] o.s.b.f.x.XmlBeanDefinitionReader - Loaded 3 bean definitions from class path resource [applicationContext.xml]
2023-02-11 21:03:56.807  DEBUG [main] o.s.b.f.s.DefaultListableBeanFactory - Creating shared instance of singleton bean 'jzqdao'
2023-02-11 21:03:56.816  DEBUG [main] o.s.b.f.s.DefaultListableBeanFactory - Creating shared instance of singleton bean 'jzqService'
2023-02-11 21:03:56.838  DEBUG [main] o.s.b.f.s.DefaultListableBeanFactory - Creating shared instance of singleton bean 'jzqfactory'
2023-02-11 21:04:03.850  DEBUG [main] o.s.c.s.ClassPathXmlApplicationContext - Refreshing org.springframework.context.support.ClassPathXmlApplicationContext@5cee5251
2023-02-11 21:04:03.952  DEBUG [main] o.s.b.f.x.XmlBeanDefinitionReader - Loaded 3 bean definitions from class path resource [applicationContext.xml]
2023-02-11 21:04:03.976  DEBUG [main] o.s.b.f.s.DefaultListableBeanFactory - Creating shared instance of singleton bean 'jzqdao'
2023-02-11 21:04:03.986  DEBUG [main] o.s.b.f.s.DefaultListableBeanFactory - Creating shared instance of singleton bean 'jzqService'
2023-02-11 21:04:04.006  DEBUG [main] o.s.b.f.s.DefaultListableBeanFactory - Creating shared instance of singleton bean 'jzqfactory'
2023-02-11 21:13:54.062  DEBUG [main] o.s.c.s.ClassPathXmlApplicationContext - Refreshing org.springframework.context.support.ClassPathXmlApplicationContext@5cee5251
2023-02-11 21:13:54.169  DEBUG [main] o.s.b.f.x.XmlBeanDefinitionReader - Loaded 4 bean definitions from class path resource [applicationContext.xml]
2023-02-11 21:13:54.197  DEBUG [main] o.s.b.f.s.DefaultListableBeanFactory - Creating shared instance of singleton bean 'jzqdao'
2023-02-11 21:13:54.206  DEBUG [main] o.s.b.f.s.DefaultListableBeanFactory - Creating shared instance of singleton bean 'jzqService'
2023-02-11 21:13:54.226  DEBUG [main] o.s.b.f.s.DefaultListableBeanFactory - Creating shared instance of singleton bean 'jzqfactory'
2023-02-11 21:13:54.226  DEBUG [main] o.s.b.f.s.DefaultListableBeanFactory - Creating shared instance of singleton bean 'jzqshili'
2023-02-11 21:14:09.121  DEBUG [main] o.s.c.s.ClassPathXmlApplicationContext - Refreshing org.springframework.context.support.ClassPathXmlApplicationContext@5cee5251
2023-02-11 21:14:09.221  DEBUG [main] o.s.b.f.x.XmlBeanDefinitionReader - Loaded 4 bean definitions from class path resource [applicationContext.xml]
2023-02-11 21:14:09.247  DEBUG [main] o.s.b.f.s.DefaultListableBeanFactory - Creating shared instance of singleton bean 'jzqdao'
2023-02-11 21:14:09.256  DEBUG [main] o.s.b.f.s.DefaultListableBeanFactory - Creating shared instance of singleton bean 'jzqService'
2023-02-11 21:14:09.275  DEBUG [main] o.s.b.f.s.DefaultListableBeanFactory - Creating shared instance of singleton bean 'jzqfactory'
2023-02-11 21:14:09.276  DEBUG [main] o.s.b.f.s.DefaultListableBeanFactory - Creating shared instance of singleton bean 'jzqshili'
2023-02-11 21:16:11.980  DEBUG [main] o.s.c.s.ClassPathXmlApplicationContext - Refreshing org.springframework.context.support.ClassPathXmlApplicationContext@5cee5251
2023-02-11 21:16:12.083  DEBUG [main] o.s.b.f.x.XmlBeanDefinitionReader - Loaded 4 bean definitions from class path resource [applicationContext.xml]
2023-02-11 21:16:12.109  DEBUG [main] o.s.b.f.s.DefaultListableBeanFactory - Creating shared instance of singleton bean 'jzqdao'
2023-02-11 21:16:12.118  DEBUG [main] o.s.b.f.s.DefaultListableBeanFactory - Creating shared instance of singleton bean 'jzqService'
2023-02-11 21:16:12.138  DEBUG [main] o.s.b.f.s.DefaultListableBeanFactory - Creating shared instance of singleton bean 'jzqfactory'
2023-02-11 21:16:12.138  DEBUG [main] o.s.b.f.s.DefaultListableBeanFactory - Creating shared instance of singleton bean 'jzqshili'
2023-02-11 21:17:44.675  DEBUG [main] o.s.c.s.ClassPathXmlApplicationContext - Refreshing org.springframework.context.support.ClassPathXmlApplicationContext@5cee5251
2023-02-11 21:17:44.776  DEBUG [main] o.s.b.f.x.XmlBeanDefinitionReader - Loaded 4 bean definitions from class path resource [applicationContext.xml]
2023-02-11 21:17:44.801  DEBUG [main] o.s.b.f.s.DefaultListableBeanFactory - Creating shared instance of singleton bean 'jzqdao'
2023-02-11 21:17:44.809  DEBUG [main] o.s.b.f.s.DefaultListableBeanFactory - Creating shared instance of singleton bean 'jzqService'
2023-02-11 21:17:44.829  DEBUG [main] o.s.b.f.s.DefaultListableBeanFactory - Creating shared instance of singleton bean 'jzqfactory'
2023-02-11 21:17:44.830  DEBUG [main] o.s.b.f.s.DefaultListableBeanFactory - Creating shared instance of singleton bean 'jzqshili'
2023-02-11 21:31:46.730  DEBUG [main] o.s.c.s.ClassPathXmlApplicationContext - Refreshing org.springframework.context.support.ClassPathXmlApplicationContext@5cee5251
2023-02-11 21:31:46.830  DEBUG [main] o.s.b.f.x.XmlBeanDefinitionReader - Loaded 5 bean definitions from class path resource [applicationContext.xml]
2023-02-11 21:31:46.857  DEBUG [main] o.s.b.f.s.DefaultListableBeanFactory - Creating shared instance of singleton bean 'jzqdao'
2023-02-11 21:31:46.866  DEBUG [main] o.s.b.f.s.DefaultListableBeanFactory - Creating shared instance of singleton bean 'jzqService'
2023-02-11 21:31:46.885  DEBUG [main] o.s.b.f.s.DefaultListableBeanFactory - Creating shared instance of singleton bean 'jzqfactory'
2023-02-11 21:31:46.886  DEBUG [main] o.s.b.f.s.DefaultListableBeanFactory - Creating shared instance of singleton bean 'jzqshili'
2023-02-11 21:31:46.888  DEBUG [main] o.s.b.f.s.DefaultListableBeanFactory - Creating shared instance of singleton bean 'jzqbean'
2023-02-11 21:32:33.497  DEBUG [main] o.s.c.s.ClassPathXmlApplicationContext - Refreshing org.springframework.context.support.ClassPathXmlApplicationContext@5cee5251
2023-02-11 21:32:33.601  DEBUG [main] o.s.b.f.x.XmlBeanDefinitionReader - Loaded 3 bean definitions from class path resource [applicationContext.xml]
2023-02-11 21:32:33.626  DEBUG [main] o.s.b.f.s.DefaultListableBeanFactory - Creating shared instance of singleton bean 'jzqdao'
2023-02-11 21:32:33.634  DEBUG [main] o.s.b.f.s.DefaultListableBeanFactory - Creating shared instance of singleton bean 'jzqService'
2023-02-11 21:32:33.656  DEBUG [main] o.s.b.f.s.DefaultListableBeanFactory - Creating shared instance of singleton bean 'jzqbean'
2023-02-11 21:32:45.055  DEBUG [main] o.s.c.s.ClassPathXmlApplicationContext - Refreshing org.springframework.context.support.ClassPathXmlApplicationContext@5cee5251
2023-02-11 21:32:45.153  DEBUG [main] o.s.b.f.x.XmlBeanDefinitionReader - Loaded 3 bean definitions from class path resource [applicationContext.xml]
2023-02-11 21:32:45.177  DEBUG [main] o.s.b.f.s.DefaultListableBeanFactory - Creating shared instance of singleton bean 'jzqdao'
2023-02-11 21:32:45.186  DEBUG [main] o.s.b.f.s.DefaultListableBeanFactory - Creating shared instance of singleton bean 'jzqService'
2023-02-11 21:32:45.206  DEBUG [main] o.s.b.f.s.DefaultListableBeanFactory - Creating shared instance of singleton bean 'jzqbean'
2023-02-11 21:34:41.021  DEBUG [main] o.s.c.s.ClassPathXmlApplicationContext - Refreshing org.springframework.context.support.ClassPathXmlApplicationContext@5cee5251
2023-02-11 21:34:41.128  DEBUG [main] o.s.b.f.x.XmlBeanDefinitionReader - Loaded 3 bean definitions from class path resource [applicationContext.xml]
2023-02-11 21:34:41.153  DEBUG [main] o.s.b.f.s.DefaultListableBeanFactory - Creating shared instance of singleton bean 'jzqdao'
2023-02-11 21:34:41.162  DEBUG [main] o.s.b.f.s.DefaultListableBeanFactory - Creating shared instance of singleton bean 'jzqService'
2023-02-11 21:34:41.182  DEBUG [main] o.s.b.f.s.DefaultListableBeanFactory - Creating shared instance of singleton bean 'jzqbean'
2023-02-11 21:38:03.062  DEBUG [main] o.s.c.s.ClassPathXmlApplicationContext - Refreshing org.springframework.context.support.ClassPathXmlApplicationContext@5cee5251
2023-02-11 21:38:03.167  DEBUG [main] o.s.b.f.x.XmlBeanDefinitionReader - Loaded 3 bean definitions from class path resource [applicationContext.xml]
2023-02-11 21:38:03.191  DEBUG [main] o.s.b.f.s.DefaultListableBeanFactory - Creating shared instance of singleton bean 'jzqdao'
2023-02-11 21:38:03.199  DEBUG [main] o.s.b.f.s.DefaultListableBeanFactory - Creating shared instance of singleton bean 'jzqService'
2023-02-11 21:38:03.221  DEBUG [main] o.s.b.f.s.DefaultListableBeanFactory - Creating shared instance of singleton bean 'jzqbean'
2023-02-11 21:39:01.371  DEBUG [main] o.s.c.s.ClassPathXmlApplicationContext - Refreshing org.springframework.context.support.ClassPathXmlApplicationContext@5cee5251
2023-02-11 21:39:01.474  DEBUG [main] o.s.b.f.x.XmlBeanDefinitionReader - Loaded 4 bean definitions from class path resource [applicationContext.xml]
2023-02-11 21:39:01.499  DEBUG [main] o.s.b.f.s.DefaultListableBeanFactory - Creating shared instance of singleton bean 'jzqdao'
2023-02-11 21:39:01.508  DEBUG [main] o.s.b.f.s.DefaultListableBeanFactory - Creating shared instance of singleton bean 'jzqService'
2023-02-11 21:39:01.528  DEBUG [main] o.s.b.f.s.DefaultListableBeanFactory - Creating shared instance of singleton bean 'jzqfactory'
2023-02-11 21:39:01.528  DEBUG [main] o.s.b.f.s.DefaultListableBeanFactory - Creating shared instance of singleton bean 'jzqshili'
2023-02-11 21:40:02.923  DEBUG [main] o.s.c.s.ClassPathXmlApplicationContext - Refreshing org.springframework.context.support.ClassPathXmlApplicationContext@5cee5251
2023-02-11 21:40:03.024  DEBUG [main] o.s.b.f.x.XmlBeanDefinitionReader - Loaded 3 bean definitions from class path resource [applicationContext.xml]
2023-02-11 21:40:03.049  DEBUG [main] o.s.b.f.s.DefaultListableBeanFactory - Creating shared instance of singleton bean 'jzqdao'
2023-02-11 21:40:03.059  DEBUG [main] o.s.b.f.s.DefaultListableBeanFactory - Creating shared instance of singleton bean 'jzqService'
2023-02-11 21:40:03.078  DEBUG [main] o.s.b.f.s.DefaultListableBeanFactory - Creating shared instance of singleton bean 'jzqfactory'
2023-02-11 21:41:22.123  DEBUG [main] o.s.c.s.ClassPathXmlApplicationContext - Refreshing org.springframework.context.support.ClassPathXmlApplicationContext@5cee5251
2023-02-11 21:41:22.221  DEBUG [main] o.s.b.f.x.XmlBeanDefinitionReader - Loaded 3 bean definitions from class path resource [applicationContext.xml]
2023-02-11 21:41:22.246  DEBUG [main] o.s.b.f.s.DefaultListableBeanFactory - Creating shared instance of singleton bean 'jzqdao'
2023-02-11 21:41:22.254  DEBUG [main] o.s.b.f.s.DefaultListableBeanFactory - Creating shared instance of singleton bean 'jzqService'
2023-02-11 21:41:22.274  DEBUG [main] o.s.b.f.s.DefaultListableBeanFactory - Creating shared instance of singleton bean 'jzqbean'
