2023-02-12 17:24:54.909  DEBUG [main] o.s.c.s.ClassPathXmlApplicationContext - Refreshing org.springframework.context.support.ClassPathXmlApplicationContext@5cee5251
2023-02-12 17:24:55.043  DEBUG [main] o.s.b.f.x.XmlBeanDefinitionReader - Loaded 3 bean definitions from class path resource [applicationContext.xml]
2023-02-12 17:24:55.070  DEBUG [main] o.s.b.f.s.DefaultListableBeanFactory - Creating shared instance of singleton bean 'jzqdao'
2023-02-12 17:24:55.080  DEBUG [main] o.s.b.f.s.DefaultListableBeanFactory - Creating shared instance of singleton bean 'jzqService'
2023-02-12 17:24:55.101  DEBUG [main] o.s.b.f.s.DefaultListableBeanFactory - Creating shared instance of singleton bean 'jzqbean'
2023-02-12 17:33:03.286  DEBUG [main] o.s.c.s.ClassPathXmlApplicationContext - Refreshing org.springframework.context.support.ClassPathXmlApplicationContext@5cee5251
2023-02-12 17:33:03.387  DEBUG [main] o.s.b.f.x.XmlBeanDefinitionReader - Loaded 3 bean definitions from class path resource [applicationContext.xml]
2023-02-12 17:33:03.411  DEBUG [main] o.s.b.f.s.DefaultListableBeanFactory - Creating shared instance of singleton bean 'jzqdao'
2023-02-12 17:33:03.420  DEBUG [main] o.s.b.f.s.DefaultListableBeanFactory - Creating shared instance of singleton bean 'jzqService'
2023-02-12 17:33:03.440  DEBUG [main] o.s.b.f.s.DefaultListableBeanFactory - Creating shared instance of singleton bean 'jzqbean'
2023-02-12 17:35:23.350  DEBUG [main] o.s.c.s.ClassPathXmlApplicationContext - Refreshing org.springframework.context.support.ClassPathXmlApplicationContext@5cee5251
2023-02-12 17:35:23.454  DEBUG [main] o.s.b.f.x.XmlBeanDefinitionReader - Loaded 3 bean definitions from class path resource [applicationContext.xml]
2023-02-12 17:35:23.478  DEBUG [main] o.s.b.f.s.DefaultListableBeanFactory - Creating shared instance of singleton bean 'jzqdao'
2023-02-12 17:35:23.487  DEBUG [main] o.s.b.f.s.DefaultListableBeanFactory - Creating shared instance of singleton bean 'jzqService'
2023-02-12 17:35:23.508  DEBUG [main] o.s.b.f.s.DefaultListableBeanFactory - Creating shared instance of singleton bean 'jzqbean'
2023-02-12 17:35:48.167  DEBUG [main] o.s.c.s.ClassPathXmlApplicationContext - Refreshing org.springframework.context.support.ClassPathXmlApplicationContext@5cee5251
2023-02-12 17:35:48.266  DEBUG [main] o.s.b.f.x.XmlBeanDefinitionReader - Loaded 3 bean definitions from class path resource [applicationContext.xml]
2023-02-12 17:35:48.291  DEBUG [main] o.s.b.f.s.DefaultListableBeanFactory - Creating shared instance of singleton bean 'jzqdao'
2023-02-12 17:35:48.300  DEBUG [main] o.s.b.f.s.DefaultListableBeanFactory - Creating shared instance of singleton bean 'jzqService'
2023-02-12 17:35:48.322  DEBUG [main] o.s.b.f.s.DefaultListableBeanFactory - Creating shared instance of singleton bean 'jzqbean'
2023-02-12 17:36:05.172  DEBUG [main] o.s.c.s.ClassPathXmlApplicationContext - Refreshing org.springframework.context.support.ClassPathXmlApplicationContext@5cee5251
2023-02-12 17:36:05.271  DEBUG [main] o.s.b.f.x.XmlBeanDefinitionReader - Loaded 3 bean definitions from class path resource [applicationContext.xml]
2023-02-12 17:36:05.295  DEBUG [main] o.s.b.f.s.DefaultListableBeanFactory - Creating shared instance of singleton bean 'jzqdao'
2023-02-12 17:36:05.304  DEBUG [main] o.s.b.f.s.DefaultListableBeanFactory - Creating shared instance of singleton bean 'jzqService'
2023-02-12 17:36:05.325  DEBUG [main] o.s.b.f.s.DefaultListableBeanFactory - Creating shared instance of singleton bean 'jzqbean'
2023-02-12 17:36:05.333  DEBUG [main] o.s.c.s.ClassPathXmlApplicationContext - Closing org.springframework.context.support.ClassPathXmlApplicationContext@5cee5251, started on Sun Feb 12 17:36:05 CST 2023
2023-02-12 17:38:36.966  DEBUG [main] o.s.c.s.ClassPathXmlApplicationContext - Refreshing org.springframework.context.support.ClassPathXmlApplicationContext@5cee5251
2023-02-12 17:38:37.074  DEBUG [main] o.s.b.f.x.XmlBeanDefinitionReader - Loaded 3 bean definitions from class path resource [applicationContext.xml]
2023-02-12 17:38:37.101  DEBUG [main] o.s.b.f.s.DefaultListableBeanFactory - Creating shared instance of singleton bean 'jzqdao'
2023-02-12 17:38:37.112  DEBUG [main] o.s.b.f.s.DefaultListableBeanFactory - Creating shared instance of singleton bean 'jzqService'
2023-02-12 17:38:37.138  DEBUG [main] o.s.b.f.s.DefaultListableBeanFactory - Creating shared instance of singleton bean 'jzqbean'
2023-02-12 17:38:37.146  DEBUG [main] o.s.c.s.ClassPathXmlApplicationContext - Closing org.springframework.context.support.ClassPathXmlApplicationContext@5cee5251, started on Sun Feb 12 17:38:36 CST 2023
2023-02-12 18:17:11.382  DEBUG [main] o.s.c.s.ClassPathXmlApplicationContext - Refreshing org.springframework.context.support.ClassPathXmlApplicationContext@5cee5251
2023-02-12 18:17:11.488  DEBUG [main] o.s.b.f.x.XmlBeanDefinitionReader - Loaded 4 bean definitions from class path resource [applicationContext.xml]
2023-02-12 18:17:11.514  DEBUG [main] o.s.b.f.s.DefaultListableBeanFactory - Creating shared instance of singleton bean 'jzqdao'
2023-02-12 18:17:11.523  DEBUG [main] o.s.b.f.s.DefaultListableBeanFactory - Creating shared instance of singleton bean 'dao'
2023-02-12 18:17:11.524  DEBUG [main] o.s.b.f.s.DefaultListableBeanFactory - Creating shared instance of singleton bean 'jzqService'
2023-02-12 18:17:11.546  DEBUG [main] o.s.b.f.s.DefaultListableBeanFactory - Creating shared instance of singleton bean 'jzqbean'
2023-02-12 18:17:11.555  DEBUG [main] o.s.c.s.ClassPathXmlApplicationContext - Closing org.springframework.context.support.ClassPathXmlApplicationContext@5cee5251, started on Sun Feb 12 18:17:11 CST 2023
2023-02-12 18:17:44.965  DEBUG [main] o.s.c.s.ClassPathXmlApplicationContext - Refreshing org.springframework.context.support.ClassPathXmlApplicationContext@5cee5251
2023-02-12 18:17:45.069  DEBUG [main] o.s.b.f.x.XmlBeanDefinitionReader - Loaded 4 bean definitions from class path resource [applicationContext.xml]
2023-02-12 18:17:45.094  DEBUG [main] o.s.b.f.s.DefaultListableBeanFactory - Creating shared instance of singleton bean 'jzqdao'
2023-02-12 18:17:45.103  DEBUG [main] o.s.b.f.s.DefaultListableBeanFactory - Creating shared instance of singleton bean 'dao'
2023-02-12 18:17:45.104  DEBUG [main] o.s.b.f.s.DefaultListableBeanFactory - Creating shared instance of singleton bean 'jzqService'
2023-02-12 18:17:45.126  DEBUG [main] o.s.b.f.s.DefaultListableBeanFactory - Creating shared instance of singleton bean 'jzqbean'
2023-02-12 18:17:45.134  DEBUG [main] o.s.c.s.ClassPathXmlApplicationContext - Closing org.springframework.context.support.ClassPathXmlApplicationContext@5cee5251, started on Sun Feb 12 18:17:44 CST 2023
2023-02-12 18:17:58.912  DEBUG [main] o.s.c.s.ClassPathXmlApplicationContext - Refreshing org.springframework.context.support.ClassPathXmlApplicationContext@5cee5251
2023-02-12 18:17:59.017  DEBUG [main] o.s.b.f.x.XmlBeanDefinitionReader - Loaded 4 bean definitions from class path resource [applicationContext.xml]
2023-02-12 18:17:59.041  DEBUG [main] o.s.b.f.s.DefaultListableBeanFactory - Creating shared instance of singleton bean 'jzqdao'
2023-02-12 18:17:59.051  DEBUG [main] o.s.b.f.s.DefaultListableBeanFactory - Creating shared instance of singleton bean 'dao'
2023-02-12 18:17:59.051  DEBUG [main] o.s.b.f.s.DefaultListableBeanFactory - Creating shared instance of singleton bean 'jzqService'
2023-02-12 18:17:59.075  DEBUG [main] o.s.b.f.s.DefaultListableBeanFactory - Creating shared instance of singleton bean 'jzqbean'
2023-02-12 18:17:59.085  DEBUG [main] o.s.c.s.ClassPathXmlApplicationContext - Closing org.springframework.context.support.ClassPathXmlApplicationContext@5cee5251, started on Sun Feb 12 18:17:58 CST 2023
2023-02-12 18:19:07.635  DEBUG [main] o.s.c.s.ClassPathXmlApplicationContext - Refreshing org.springframework.context.support.ClassPathXmlApplicationContext@5cee5251
2023-02-12 18:19:07.736  DEBUG [main] o.s.b.f.x.XmlBeanDefinitionReader - Loaded 4 bean definitions from class path resource [applicationContext.xml]
2023-02-12 18:19:07.760  DEBUG [main] o.s.b.f.s.DefaultListableBeanFactory - Creating shared instance of singleton bean 'jzqdao'
2023-02-12 18:19:07.770  DEBUG [main] o.s.b.f.s.DefaultListableBeanFactory - Creating shared instance of singleton bean 'dao'
2023-02-12 18:19:07.770  DEBUG [main] o.s.b.f.s.DefaultListableBeanFactory - Creating shared instance of singleton bean 'jzqService'
2023-02-12 18:19:07.792  DEBUG [main] o.s.b.f.s.DefaultListableBeanFactory - Creating shared instance of singleton bean 'jzqbean'
2023-02-12 18:26:41.148  DEBUG [main] o.s.c.s.ClassPathXmlApplicationContext - Refreshing org.springframework.context.support.ClassPathXmlApplicationContext@5cee5251
2023-02-12 18:26:41.249  DEBUG [main] o.s.b.f.x.XmlBeanDefinitionReader - Loaded 4 bean definitions from class path resource [applicationContext.xml]
2023-02-12 18:26:41.273  DEBUG [main] o.s.b.f.s.DefaultListableBeanFactory - Creating shared instance of singleton bean 'jzqdao'
2023-02-12 18:26:41.282  DEBUG [main] o.s.b.f.s.DefaultListableBeanFactory - Creating shared instance of singleton bean 'dao'
2023-02-12 18:26:41.282  DEBUG [main] o.s.b.f.s.DefaultListableBeanFactory - Creating shared instance of singleton bean 'jzqService'
2023-02-12 18:26:41.303  DEBUG [main] o.s.b.f.s.DefaultListableBeanFactory - Creating shared instance of singleton bean 'jzqbean'
2023-02-12 18:26:51.876  DEBUG [main] o.s.c.s.ClassPathXmlApplicationContext - Refreshing org.springframework.context.support.ClassPathXmlApplicationContext@5cee5251
2023-02-12 18:26:51.977  DEBUG [main] o.s.b.f.x.XmlBeanDefinitionReader - Loaded 4 bean definitions from class path resource [applicationContext.xml]
2023-02-12 18:26:52.002  DEBUG [main] o.s.b.f.s.DefaultListableBeanFactory - Creating shared instance of singleton bean 'jzqdao'
2023-02-12 18:26:52.011  DEBUG [main] o.s.b.f.s.DefaultListableBeanFactory - Creating shared instance of singleton bean 'dao'
2023-02-12 18:26:52.012  DEBUG [main] o.s.b.f.s.DefaultListableBeanFactory - Creating shared instance of singleton bean 'jzqService'
2023-02-12 18:26:52.032  DEBUG [main] o.s.b.f.s.DefaultListableBeanFactory - Creating shared instance of singleton bean 'jzqbean'
2023-02-12 18:27:18.800  DEBUG [main] o.s.c.s.ClassPathXmlApplicationContext - Refreshing org.springframework.context.support.ClassPathXmlApplicationContext@5cee5251
2023-02-12 18:27:18.899  DEBUG [main] o.s.b.f.x.XmlBeanDefinitionReader - Loaded 4 bean definitions from class path resource [applicationContext.xml]
2023-02-12 18:27:18.922  DEBUG [main] o.s.b.f.s.DefaultListableBeanFactory - Creating shared instance of singleton bean 'jzqdao'
2023-02-12 18:27:18.932  DEBUG [main] o.s.b.f.s.DefaultListableBeanFactory - Creating shared instance of singleton bean 'dao'
2023-02-12 18:27:18.932  DEBUG [main] o.s.b.f.s.DefaultListableBeanFactory - Creating shared instance of singleton bean 'jzqService'
2023-02-12 18:27:18.953  DEBUG [main] o.s.b.f.s.DefaultListableBeanFactory - Creating shared instance of singleton bean 'jzqbean'
2023-02-12 18:27:41.770  DEBUG [main] o.s.c.s.ClassPathXmlApplicationContext - Refreshing org.springframework.context.support.ClassPathXmlApplicationContext@5cee5251
2023-02-12 18:27:41.879  DEBUG [main] o.s.b.f.x.XmlBeanDefinitionReader - Loaded 4 bean definitions from class path resource [applicationContext.xml]
2023-02-12 18:27:41.904  DEBUG [main] o.s.b.f.s.DefaultListableBeanFactory - Creating shared instance of singleton bean 'jzqdao'
2023-02-12 18:27:41.913  DEBUG [main] o.s.b.f.s.DefaultListableBeanFactory - Creating shared instance of singleton bean 'dao'
2023-02-12 18:27:41.913  DEBUG [main] o.s.b.f.s.DefaultListableBeanFactory - Creating shared instance of singleton bean 'jzqService'
2023-02-12 18:27:41.935  DEBUG [main] o.s.b.f.s.DefaultListableBeanFactory - Creating shared instance of singleton bean 'jzqbean'
2023-02-12 18:27:48.483  DEBUG [main] o.s.c.s.ClassPathXmlApplicationContext - Refreshing org.springframework.context.support.ClassPathXmlApplicationContext@5cee5251
2023-02-12 18:27:48.584  DEBUG [main] o.s.b.f.x.XmlBeanDefinitionReader - Loaded 4 bean definitions from class path resource [applicationContext.xml]
2023-02-12 18:27:48.610  DEBUG [main] o.s.b.f.s.DefaultListableBeanFactory - Creating shared instance of singleton bean 'jzqdao'
2023-02-12 18:27:48.619  DEBUG [main] o.s.b.f.s.DefaultListableBeanFactory - Creating shared instance of singleton bean 'dao'
2023-02-12 18:27:48.619  DEBUG [main] o.s.b.f.s.DefaultListableBeanFactory - Creating shared instance of singleton bean 'jzqService'
2023-02-12 18:27:48.640  DEBUG [main] o.s.b.f.s.DefaultListableBeanFactory - Creating shared instance of singleton bean 'jzqbean'
2023-02-12 18:32:41.713  DEBUG [main] o.s.c.s.ClassPathXmlApplicationContext - Refreshing org.springframework.context.support.ClassPathXmlApplicationContext@5cee5251
2023-02-12 18:32:41.817  DEBUG [main] o.s.b.f.x.XmlBeanDefinitionReader - Loaded 4 bean definitions from class path resource [applicationContext.xml]
2023-02-12 18:32:41.842  DEBUG [main] o.s.b.f.s.DefaultListableBeanFactory - Creating shared instance of singleton bean 'jzqdao'
2023-02-12 18:32:41.875  DEBUG [main] o.s.b.f.s.DefaultListableBeanFactory - Creating shared instance of singleton bean 'dao'
2023-02-12 18:32:41.876  DEBUG [main] o.s.b.f.s.DefaultListableBeanFactory - Creating shared instance of singleton bean 'jzqService'
2023-02-12 18:32:41.879  DEBUG [main] o.s.b.f.s.DefaultListableBeanFactory - Creating shared instance of singleton bean 'jzqbean'
2023-02-12 18:32:41.890  DEBUG [main] o.s.c.s.ClassPathXmlApplicationContext - Closing org.springframework.context.support.ClassPathXmlApplicationContext@5cee5251, started on Sun Feb 12 18:32:41 CST 2023
2023-02-12 20:00:59.371  DEBUG [main] o.s.c.s.ClassPathXmlApplicationContext - Refreshing org.springframework.context.support.ClassPathXmlApplicationContext@5cee5251
2023-02-12 20:00:59.477  DEBUG [main] o.s.b.f.x.XmlBeanDefinitionReader - Loaded 4 bean definitions from class path resource [applicationContext.xml]
2023-02-12 20:00:59.503  DEBUG [main] o.s.b.f.s.DefaultListableBeanFactory - Creating shared instance of singleton bean 'jzqdao'
2023-02-12 20:00:59.514  DEBUG [main] o.s.b.f.s.DefaultListableBeanFactory - Creating shared instance of singleton bean 'jzqService'
2023-02-12 20:00:59.515  DEBUG [main] o.s.b.f.s.DefaultListableBeanFactory - Creating shared instance of singleton bean 'jzqdao'
2023-02-12 20:00:59.516  WARN  [main] o.s.c.s.ClassPathXmlApplicationContext - Exception encountered during context initialization - cancelling refresh attempt: org.springframework.beans.factory.BeanCreationException: Error creating bean with name 'jzqdao' defined in class path resource [applicationContext.xml]: Cannot resolve reference to bean 'jzqService' while setting constructor argument; nested exception is org.springframework.beans.factory.BeanCreationException: Error creating bean with name 'jzqService' defined in class path resource [applicationContext.xml]: Cannot resolve reference to bean 'jzqdao' while setting bean property 'bd'; nested exception is org.springframework.beans.factory.BeanCurrentlyInCreationException: Error creating bean with name 'jzqdao': Requested bean is currently in creation: Is there an unresolvable circular reference?
2023-02-12 20:03:41.765  DEBUG [main] o.s.c.s.ClassPathXmlApplicationContext - Refreshing org.springframework.context.support.ClassPathXmlApplicationContext@5cee5251
2023-02-12 20:03:41.884  DEBUG [main] o.s.b.f.x.XmlBeanDefinitionReader - Loaded 4 bean definitions from class path resource [applicationContext.xml]
2023-02-12 20:03:41.913  DEBUG [main] o.s.b.f.s.DefaultListableBeanFactory - Creating shared instance of singleton bean 'jzqdao'
2023-02-12 20:03:41.922  DEBUG [main] o.s.b.f.s.DefaultListableBeanFactory - Creating shared instance of singleton bean 'jzqService'
2023-02-12 20:03:41.923  WARN  [main] o.s.c.s.ClassPathXmlApplicationContext - Exception encountered during context initialization - cancelling refresh attempt: org.springframework.beans.factory.BeanCreationException: Error creating bean with name 'jzqdao' defined in class path resource [applicationContext.xml]: Cannot resolve reference to bean 'jzqService' while setting constructor argument; nested exception is org.springframework.beans.factory.BeanCreationException: Error creating bean with name 'jzqService' defined in class path resource [applicationContext.xml]: Instantiation of bean failed; nested exception is org.springframework.beans.BeanInstantiationException: Failed to instantiate [service.Impl.BookServiceImpl]: No default constructor found; nested exception is java.lang.NoSuchMethodException: service.Impl.BookServiceImpl.<init>()
2023-02-12 20:05:35.515  DEBUG [main] o.s.c.s.ClassPathXmlApplicationContext - Refreshing org.springframework.context.support.ClassPathXmlApplicationContext@5cee5251
2023-02-12 20:05:35.619  DEBUG [main] o.s.b.f.x.XmlBeanDefinitionReader - Loaded 4 bean definitions from class path resource [applicationContext.xml]
2023-02-12 20:05:35.645  DEBUG [main] o.s.b.f.s.DefaultListableBeanFactory - Creating shared instance of singleton bean 'jzqdao'
2023-02-12 20:05:35.678  DEBUG [main] o.s.b.f.s.DefaultListableBeanFactory - Creating shared instance of singleton bean 'dao'
2023-02-12 20:05:35.679  DEBUG [main] o.s.b.f.s.DefaultListableBeanFactory - Creating shared instance of singleton bean 'jzqService'
2023-02-12 20:05:35.685  DEBUG [main] o.s.c.LocalVariableTableParameterNameDiscoverer - ASM ClassReader failed to parse class file [class service.Impl.BookServiceImpl], probably due to a new Java class file version that isn't supported yet - unable to determine constructor/method parameter names
java.lang.IllegalArgumentException: Unsupported class file major version 60
	at org.springframework.asm.ClassReader.<init>(ClassReader.java:196)
	at org.springframework.asm.ClassReader.<init>(ClassReader.java:177)
	at org.springframework.asm.ClassReader.<init>(ClassReader.java:163)
	at org.springframework.asm.ClassReader.<init>(ClassReader.java:284)
	at org.springframework.core.LocalVariableTableParameterNameDiscoverer.inspectClass(LocalVariableTableParameterNameDiscoverer.java:105)
	at java.base/java.util.concurrent.ConcurrentHashMap.computeIfAbsent(ConcurrentHashMap.java:1708)
	at org.springframework.core.LocalVariableTableParameterNameDiscoverer.doGetParameterNames(LocalVariableTableParameterNameDiscoverer.java:84)
	at org.springframework.core.LocalVariableTableParameterNameDiscoverer.getParameterNames(LocalVariableTableParameterNameDiscoverer.java:78)
	at org.springframework.core.PrioritizedParameterNameDiscoverer.getParameterNames(PrioritizedParameterNameDiscoverer.java:67)
	at org.springframework.beans.factory.support.ConstructorResolver.autowireConstructor(ConstructorResolver.java:224)
	at org.springframework.beans.factory.support.AbstractAutowireCapableBeanFactory.autowireConstructor(AbstractAutowireCapableBeanFactory.java:1356)
	at org.springframework.beans.factory.support.AbstractAutowireCapableBeanFactory.createBeanInstance(AbstractAutowireCapableBeanFactory.java:1203)
	at org.springframework.beans.factory.support.AbstractAutowireCapableBeanFactory.doCreateBean(AbstractAutowireCapableBeanFactory.java:556)
	at org.springframework.beans.factory.support.AbstractAutowireCapableBeanFactory.createBean(AbstractAutowireCapableBeanFactory.java:516)
	at org.springframework.beans.factory.support.AbstractBeanFactory.lambda$doGetBean$0(AbstractBeanFactory.java:324)
	at org.springframework.beans.factory.support.DefaultSingletonBeanRegistry.getSingleton(DefaultSingletonBeanRegistry.java:234)
	at org.springframework.beans.factory.support.AbstractBeanFactory.doGetBean(AbstractBeanFactory.java:322)
	at org.springframework.beans.factory.support.AbstractBeanFactory.getBean(AbstractBeanFactory.java:202)
	at org.springframework.beans.factory.support.DefaultListableBeanFactory.preInstantiateSingletons(DefaultListableBeanFactory.java:897)
	at org.springframework.context.support.AbstractApplicationContext.finishBeanFactoryInitialization(AbstractApplicationContext.java:879)
	at org.springframework.context.support.AbstractApplicationContext.refresh(AbstractApplicationContext.java:551)
	at org.springframework.context.support.ClassPathXmlApplicationContext.<init>(ClassPathXmlApplicationContext.java:144)
	at org.springframework.context.support.ClassPathXmlApplicationContext.<init>(ClassPathXmlApplicationContext.java:85)
	at App2.main(App2.java:13)
2023-02-12 20:05:35.690  DEBUG [main] o.s.b.f.s.DefaultListableBeanFactory - Creating shared instance of singleton bean 'jzqbean'
2023-02-12 20:05:59.622  DEBUG [main] o.s.c.s.ClassPathXmlApplicationContext - Refreshing org.springframework.context.support.ClassPathXmlApplicationContext@5cee5251
2023-02-12 20:05:59.725  DEBUG [main] o.s.b.f.x.XmlBeanDefinitionReader - Loaded 4 bean definitions from class path resource [applicationContext.xml]
2023-02-12 20:05:59.751  DEBUG [main] o.s.b.f.s.DefaultListableBeanFactory - Creating shared instance of singleton bean 'jzqdao'
2023-02-12 20:05:59.785  DEBUG [main] o.s.b.f.s.DefaultListableBeanFactory - Creating shared instance of singleton bean 'dao'
2023-02-12 20:05:59.786  DEBUG [main] o.s.b.f.s.DefaultListableBeanFactory - Creating shared instance of singleton bean 'jzqService'
2023-02-12 20:05:59.792  DEBUG [main] o.s.c.LocalVariableTableParameterNameDiscoverer - ASM ClassReader failed to parse class file [class service.Impl.BookServiceImpl], probably due to a new Java class file version that isn't supported yet - unable to determine constructor/method parameter names
java.lang.IllegalArgumentException: Unsupported class file major version 60
	at org.springframework.asm.ClassReader.<init>(ClassReader.java:196)
	at org.springframework.asm.ClassReader.<init>(ClassReader.java:177)
	at org.springframework.asm.ClassReader.<init>(ClassReader.java:163)
	at org.springframework.asm.ClassReader.<init>(ClassReader.java:284)
	at org.springframework.core.LocalVariableTableParameterNameDiscoverer.inspectClass(LocalVariableTableParameterNameDiscoverer.java:105)
	at java.base/java.util.concurrent.ConcurrentHashMap.computeIfAbsent(ConcurrentHashMap.java:1708)
	at org.springframework.core.LocalVariableTableParameterNameDiscoverer.doGetParameterNames(LocalVariableTableParameterNameDiscoverer.java:84)
	at org.springframework.core.LocalVariableTableParameterNameDiscoverer.getParameterNames(LocalVariableTableParameterNameDiscoverer.java:78)
	at org.springframework.core.PrioritizedParameterNameDiscoverer.getParameterNames(PrioritizedParameterNameDiscoverer.java:67)
	at org.springframework.beans.factory.support.ConstructorResolver.autowireConstructor(ConstructorResolver.java:224)
	at org.springframework.beans.factory.support.AbstractAutowireCapableBeanFactory.autowireConstructor(AbstractAutowireCapableBeanFactory.java:1356)
	at org.springframework.beans.factory.support.AbstractAutowireCapableBeanFactory.createBeanInstance(AbstractAutowireCapableBeanFactory.java:1203)
	at org.springframework.beans.factory.support.AbstractAutowireCapableBeanFactory.doCreateBean(AbstractAutowireCapableBeanFactory.java:556)
	at org.springframework.beans.factory.support.AbstractAutowireCapableBeanFactory.createBean(AbstractAutowireCapableBeanFactory.java:516)
	at org.springframework.beans.factory.support.AbstractBeanFactory.lambda$doGetBean$0(AbstractBeanFactory.java:324)
	at org.springframework.beans.factory.support.DefaultSingletonBeanRegistry.getSingleton(DefaultSingletonBeanRegistry.java:234)
	at org.springframework.beans.factory.support.AbstractBeanFactory.doGetBean(AbstractBeanFactory.java:322)
	at org.springframework.beans.factory.support.AbstractBeanFactory.getBean(AbstractBeanFactory.java:202)
	at org.springframework.beans.factory.support.DefaultListableBeanFactory.preInstantiateSingletons(DefaultListableBeanFactory.java:897)
	at org.springframework.context.support.AbstractApplicationContext.finishBeanFactoryInitialization(AbstractApplicationContext.java:879)
	at org.springframework.context.support.AbstractApplicationContext.refresh(AbstractApplicationContext.java:551)
	at org.springframework.context.support.ClassPathXmlApplicationContext.<init>(ClassPathXmlApplicationContext.java:144)
	at org.springframework.context.support.ClassPathXmlApplicationContext.<init>(ClassPathXmlApplicationContext.java:85)
	at App2.main(App2.java:14)
2023-02-12 20:05:59.797  DEBUG [main] o.s.b.f.s.DefaultListableBeanFactory - Creating shared instance of singleton bean 'jzqbean'
2023-02-12 20:05:59.809  DEBUG [main] o.s.c.s.ClassPathXmlApplicationContext - Closing org.springframework.context.support.ClassPathXmlApplicationContext@5cee5251, started on Sun Feb 12 20:05:59 CST 2023
2023-02-12 20:06:54.738  DEBUG [main] o.s.c.s.ClassPathXmlApplicationContext - Refreshing org.springframework.context.support.ClassPathXmlApplicationContext@5cee5251
2023-02-12 20:06:54.847  DEBUG [main] o.s.b.f.x.XmlBeanDefinitionReader - Loaded 4 bean definitions from class path resource [applicationContext.xml]
2023-02-12 20:06:54.874  DEBUG [main] o.s.b.f.s.DefaultListableBeanFactory - Creating shared instance of singleton bean 'jzqdao'
2023-02-12 20:06:54.910  DEBUG [main] o.s.b.f.s.DefaultListableBeanFactory - Creating shared instance of singleton bean 'dao'
2023-02-12 20:06:54.911  DEBUG [main] o.s.b.f.s.DefaultListableBeanFactory - Creating shared instance of singleton bean 'jzqService'
2023-02-12 20:06:54.916  DEBUG [main] o.s.c.LocalVariableTableParameterNameDiscoverer - ASM ClassReader failed to parse class file [class service.Impl.BookServiceImpl], probably due to a new Java class file version that isn't supported yet - unable to determine constructor/method parameter names
java.lang.IllegalArgumentException: Unsupported class file major version 60
	at org.springframework.asm.ClassReader.<init>(ClassReader.java:196)
	at org.springframework.asm.ClassReader.<init>(ClassReader.java:177)
	at org.springframework.asm.ClassReader.<init>(ClassReader.java:163)
	at org.springframework.asm.ClassReader.<init>(ClassReader.java:284)
	at org.springframework.core.LocalVariableTableParameterNameDiscoverer.inspectClass(LocalVariableTableParameterNameDiscoverer.java:105)
	at java.base/java.util.concurrent.ConcurrentHashMap.computeIfAbsent(ConcurrentHashMap.java:1708)
	at org.springframework.core.LocalVariableTableParameterNameDiscoverer.doGetParameterNames(LocalVariableTableParameterNameDiscoverer.java:84)
	at org.springframework.core.LocalVariableTableParameterNameDiscoverer.getParameterNames(LocalVariableTableParameterNameDiscoverer.java:78)
	at org.springframework.core.PrioritizedParameterNameDiscoverer.getParameterNames(PrioritizedParameterNameDiscoverer.java:67)
	at org.springframework.beans.factory.support.ConstructorResolver.autowireConstructor(ConstructorResolver.java:224)
	at org.springframework.beans.factory.support.AbstractAutowireCapableBeanFactory.autowireConstructor(AbstractAutowireCapableBeanFactory.java:1356)
	at org.springframework.beans.factory.support.AbstractAutowireCapableBeanFactory.createBeanInstance(AbstractAutowireCapableBeanFactory.java:1203)
	at org.springframework.beans.factory.support.AbstractAutowireCapableBeanFactory.doCreateBean(AbstractAutowireCapableBeanFactory.java:556)
	at org.springframework.beans.factory.support.AbstractAutowireCapableBeanFactory.createBean(AbstractAutowireCapableBeanFactory.java:516)
	at org.springframework.beans.factory.support.AbstractBeanFactory.lambda$doGetBean$0(AbstractBeanFactory.java:324)
	at org.springframework.beans.factory.support.DefaultSingletonBeanRegistry.getSingleton(DefaultSingletonBeanRegistry.java:234)
	at org.springframework.beans.factory.support.AbstractBeanFactory.doGetBean(AbstractBeanFactory.java:322)
	at org.springframework.beans.factory.support.AbstractBeanFactory.getBean(AbstractBeanFactory.java:202)
	at org.springframework.beans.factory.support.DefaultListableBeanFactory.preInstantiateSingletons(DefaultListableBeanFactory.java:897)
	at org.springframework.context.support.AbstractApplicationContext.finishBeanFactoryInitialization(AbstractApplicationContext.java:879)
	at org.springframework.context.support.AbstractApplicationContext.refresh(AbstractApplicationContext.java:551)
	at org.springframework.context.support.ClassPathXmlApplicationContext.<init>(ClassPathXmlApplicationContext.java:144)
	at org.springframework.context.support.ClassPathXmlApplicationContext.<init>(ClassPathXmlApplicationContext.java:85)
	at App2.main(App2.java:14)
2023-02-12 20:06:54.922  DEBUG [main] o.s.b.f.s.DefaultListableBeanFactory - Creating shared instance of singleton bean 'jzqbean'
2023-02-12 20:06:54.936  DEBUG [main] o.s.c.s.ClassPathXmlApplicationContext - Closing org.springframework.context.support.ClassPathXmlApplicationContext@5cee5251, started on Sun Feb 12 20:06:54 CST 2023
2023-02-12 20:10:15.133  DEBUG [main] o.s.c.s.ClassPathXmlApplicationContext - Refreshing org.springframework.context.support.ClassPathXmlApplicationContext@5cee5251
2023-02-12 20:10:15.242  DEBUG [main] o.s.b.f.x.XmlBeanDefinitionReader - Loaded 4 bean definitions from class path resource [applicationContext.xml]
2023-02-12 20:10:15.268  DEBUG [main] o.s.b.f.s.DefaultListableBeanFactory - Creating shared instance of singleton bean 'jzqdao'
2023-02-12 20:10:15.281  DEBUG [main] o.s.c.LocalVariableTableParameterNameDiscoverer - ASM ClassReader failed to parse class file [class dao.Impl.BookDaoImpl], probably due to a new Java class file version that isn't supported yet - unable to determine constructor/method parameter names
java.lang.IllegalArgumentException: Unsupported class file major version 60
	at org.springframework.asm.ClassReader.<init>(ClassReader.java:196)
	at org.springframework.asm.ClassReader.<init>(ClassReader.java:177)
	at org.springframework.asm.ClassReader.<init>(ClassReader.java:163)
	at org.springframework.asm.ClassReader.<init>(ClassReader.java:284)
	at org.springframework.core.LocalVariableTableParameterNameDiscoverer.inspectClass(LocalVariableTableParameterNameDiscoverer.java:105)
	at java.base/java.util.concurrent.ConcurrentHashMap.computeIfAbsent(ConcurrentHashMap.java:1708)
	at org.springframework.core.LocalVariableTableParameterNameDiscoverer.doGetParameterNames(LocalVariableTableParameterNameDiscoverer.java:84)
	at org.springframework.core.LocalVariableTableParameterNameDiscoverer.getParameterNames(LocalVariableTableParameterNameDiscoverer.java:78)
	at org.springframework.core.PrioritizedParameterNameDiscoverer.getParameterNames(PrioritizedParameterNameDiscoverer.java:67)
	at org.springframework.beans.factory.support.ConstructorResolver.autowireConstructor(ConstructorResolver.java:224)
	at org.springframework.beans.factory.support.AbstractAutowireCapableBeanFactory.autowireConstructor(AbstractAutowireCapableBeanFactory.java:1356)
	at org.springframework.beans.factory.support.AbstractAutowireCapableBeanFactory.createBeanInstance(AbstractAutowireCapableBeanFactory.java:1203)
	at org.springframework.beans.factory.support.AbstractAutowireCapableBeanFactory.doCreateBean(AbstractAutowireCapableBeanFactory.java:556)
	at org.springframework.beans.factory.support.AbstractAutowireCapableBeanFactory.createBean(AbstractAutowireCapableBeanFactory.java:516)
	at org.springframework.beans.factory.support.AbstractBeanFactory.lambda$doGetBean$0(AbstractBeanFactory.java:324)
	at org.springframework.beans.factory.support.DefaultSingletonBeanRegistry.getSingleton(DefaultSingletonBeanRegistry.java:234)
	at org.springframework.beans.factory.support.AbstractBeanFactory.doGetBean(AbstractBeanFactory.java:322)
	at org.springframework.beans.factory.support.AbstractBeanFactory.getBean(AbstractBeanFactory.java:202)
	at org.springframework.beans.factory.support.DefaultListableBeanFactory.preInstantiateSingletons(DefaultListableBeanFactory.java:897)
	at org.springframework.context.support.AbstractApplicationContext.finishBeanFactoryInitialization(AbstractApplicationContext.java:879)
	at org.springframework.context.support.AbstractApplicationContext.refresh(AbstractApplicationContext.java:551)
	at org.springframework.context.support.ClassPathXmlApplicationContext.<init>(ClassPathXmlApplicationContext.java:144)
	at org.springframework.context.support.ClassPathXmlApplicationContext.<init>(ClassPathXmlApplicationContext.java:85)
	at App.main(App.java:25)
2023-02-12 20:10:15.308  DEBUG [main] o.s.b.f.s.DefaultListableBeanFactory - Creating shared instance of singleton bean 'dao'
2023-02-12 20:10:15.308  DEBUG [main] o.s.b.f.s.DefaultListableBeanFactory - Creating shared instance of singleton bean 'jzqService'
2023-02-12 20:10:15.310  DEBUG [main] o.s.c.LocalVariableTableParameterNameDiscoverer - ASM ClassReader failed to parse class file [class service.Impl.BookServiceImpl], probably due to a new Java class file version that isn't supported yet - unable to determine constructor/method parameter names
java.lang.IllegalArgumentException: Unsupported class file major version 60
	at org.springframework.asm.ClassReader.<init>(ClassReader.java:196)
	at org.springframework.asm.ClassReader.<init>(ClassReader.java:177)
	at org.springframework.asm.ClassReader.<init>(ClassReader.java:163)
	at org.springframework.asm.ClassReader.<init>(ClassReader.java:284)
	at org.springframework.core.LocalVariableTableParameterNameDiscoverer.inspectClass(LocalVariableTableParameterNameDiscoverer.java:105)
	at java.base/java.util.concurrent.ConcurrentHashMap.computeIfAbsent(ConcurrentHashMap.java:1708)
	at org.springframework.core.LocalVariableTableParameterNameDiscoverer.doGetParameterNames(LocalVariableTableParameterNameDiscoverer.java:84)
	at org.springframework.core.LocalVariableTableParameterNameDiscoverer.getParameterNames(LocalVariableTableParameterNameDiscoverer.java:78)
	at org.springframework.core.PrioritizedParameterNameDiscoverer.getParameterNames(PrioritizedParameterNameDiscoverer.java:67)
	at org.springframework.beans.factory.support.ConstructorResolver.autowireConstructor(ConstructorResolver.java:224)
	at org.springframework.beans.factory.support.AbstractAutowireCapableBeanFactory.autowireConstructor(AbstractAutowireCapableBeanFactory.java:1356)
	at org.springframework.beans.factory.support.AbstractAutowireCapableBeanFactory.createBeanInstance(AbstractAutowireCapableBeanFactory.java:1203)
	at org.springframework.beans.factory.support.AbstractAutowireCapableBeanFactory.doCreateBean(AbstractAutowireCapableBeanFactory.java:556)
	at org.springframework.beans.factory.support.AbstractAutowireCapableBeanFactory.createBean(AbstractAutowireCapableBeanFactory.java:516)
	at org.springframework.beans.factory.support.AbstractBeanFactory.lambda$doGetBean$0(AbstractBeanFactory.java:324)
	at org.springframework.beans.factory.support.DefaultSingletonBeanRegistry.getSingleton(DefaultSingletonBeanRegistry.java:234)
	at org.springframework.beans.factory.support.AbstractBeanFactory.doGetBean(AbstractBeanFactory.java:322)
	at org.springframework.beans.factory.support.AbstractBeanFactory.getBean(AbstractBeanFactory.java:202)
	at org.springframework.beans.factory.support.DefaultListableBeanFactory.preInstantiateSingletons(DefaultListableBeanFactory.java:897)
	at org.springframework.context.support.AbstractApplicationContext.finishBeanFactoryInitialization(AbstractApplicationContext.java:879)
	at org.springframework.context.support.AbstractApplicationContext.refresh(AbstractApplicationContext.java:551)
	at org.springframework.context.support.ClassPathXmlApplicationContext.<init>(ClassPathXmlApplicationContext.java:144)
	at org.springframework.context.support.ClassPathXmlApplicationContext.<init>(ClassPathXmlApplicationContext.java:85)
	at App.main(App.java:25)
2023-02-12 20:10:15.312  DEBUG [main] o.s.b.f.s.DefaultListableBeanFactory - Creating shared instance of singleton bean 'jzqbean'
2023-02-12 20:10:15.324  DEBUG [main] o.s.c.s.ClassPathXmlApplicationContext - Closing org.springframework.context.support.ClassPathXmlApplicationContext@5cee5251, started on Sun Feb 12 20:10:15 CST 2023
