2023-02-15 11:46:33.158  DEBUG [main] o.s.c.a.AnnotationConfigApplicationContext - Refreshing org.springframework.context.annotation.AnnotationConfigApplicationContext@163e4e87
2023-02-15 11:46:33.171  DEBUG [main] o.s.b.f.s.DefaultListableBeanFactory - Creating shared instance of singleton bean 'org.springframework.context.annotation.internalConfigurationAnnotationProcessor'
2023-02-15 11:46:33.237  DEBUG [main] o.s.b.f.s.DefaultListableBeanFactory - Creating shared instance of singleton bean 'mapperScannerConfigurer'
2023-02-15 11:46:33.239  DEBUG [main] o.s.b.f.s.DefaultListableBeanFactory - Creating shared instance of singleton bean 'mybatis'
2023-02-15 11:46:33.245  DEBUG [main] o.a.i.l.LogFactory - Logging initialized using 'class org.apache.ibatis.logging.slf4j.Slf4jImpl' adapter.
2023-02-15 11:49:40.645  DEBUG [main] o.s.c.a.AnnotationConfigApplicationContext - Refreshing org.springframework.context.annotation.AnnotationConfigApplicationContext@163e4e87
2023-02-15 11:49:40.655  DEBUG [main] o.s.b.f.s.DefaultListableBeanFactory - Creating shared instance of singleton bean 'org.springframework.context.annotation.internalConfigurationAnnotationProcessor'
2023-02-15 11:49:40.717  DEBUG [main] o.s.b.f.s.DefaultListableBeanFactory - Creating shared instance of singleton bean 'mapperScannerConfigurer'
2023-02-15 11:49:40.718  DEBUG [main] o.s.b.f.s.DefaultListableBeanFactory - Creating shared instance of singleton bean 'mybatis'
2023-02-15 11:49:40.724  DEBUG [main] o.a.i.l.LogFactory - Logging initialized using 'class org.apache.ibatis.logging.slf4j.Slf4jImpl' adapter.
2023-02-15 11:53:33.361  DEBUG [main] o.s.c.a.AnnotationConfigApplicationContext - Refreshing org.springframework.context.annotation.AnnotationConfigApplicationContext@163e4e87
2023-02-15 11:53:33.373  DEBUG [main] o.s.b.f.s.DefaultListableBeanFactory - Creating shared instance of singleton bean 'org.springframework.context.annotation.internalConfigurationAnnotationProcessor'
2023-02-15 11:53:33.445  DEBUG [main] o.s.b.f.s.DefaultListableBeanFactory - Creating shared instance of singleton bean 'mapperScannerConfigurer'
2023-02-15 11:53:33.446  DEBUG [main] o.s.b.f.s.DefaultListableBeanFactory - Creating shared instance of singleton bean 'mybatis'
2023-02-15 11:53:33.452  DEBUG [main] o.a.i.l.LogFactory - Logging initialized using 'class org.apache.ibatis.logging.slf4j.Slf4jImpl' adapter.
2023-02-15 11:53:33.457  DEBUG [main] o.m.s.m.ClassPathMapperScanner - Identified candidate component class: file [D:\WorkSpace\idea\2021.3\Jzq08016MAVEN\JzqSqring\target\classes\mybatis\accountdao.class]
2023-02-15 11:53:33.457  DEBUG [main] o.m.s.m.ClassPathMapperScanner - Ignored because not a concrete top-level class: file [D:\WorkSpace\idea\2021.3\Jzq08016MAVEN\JzqSqring\target\classes\mybatis\demo.class]
2023-02-15 11:53:33.457  DEBUG [main] o.m.s.m.ClassPathMapperScanner - Ignored because not a concrete top-level class: file [D:\WorkSpace\idea\2021.3\Jzq08016MAVEN\JzqSqring\target\classes\mybatis\demo1.class]
2023-02-15 11:53:33.457  DEBUG [main] o.m.s.m.ClassPathMapperScanner - Ignored because not a concrete top-level class: file [D:\WorkSpace\idea\2021.3\Jzq08016MAVEN\JzqSqring\target\classes\mybatis\mybatis.class]
2023-02-15 11:53:33.458  DEBUG [main] o.m.s.m.ClassPathMapperScanner - Creating MapperFactoryBean with name 'accountdao' and 'mybatis.dao.accountdao' mapperInterface
2023-02-15 11:53:33.462  DEBUG [main] o.m.s.m.ClassPathMapperScanner - Enabling autowire by type for MapperFactoryBean with name 'accountdao'.
2023-02-15 11:53:33.464  INFO  [main] o.s.c.a.ConfigurationClassPostProcessor - Cannot enhance @Configuration bean definition 'mybatis' since its singleton instance has been created too early. The typical cause is a non-static @Bean method with a BeanDefinitionRegistryPostProcessor return type: Consider declaring such methods as 'static'.
2023-02-15 11:53:33.512  DEBUG [main] o.s.b.f.s.DefaultListableBeanFactory - Creating shared instance of singleton bean 'org.springframework.context.event.internalEventListenerProcessor'
2023-02-15 11:53:33.513  DEBUG [main] o.s.b.f.s.DefaultListableBeanFactory - Creating shared instance of singleton bean 'org.springframework.context.event.internalEventListenerFactory'
2023-02-15 11:53:33.514  DEBUG [main] o.s.b.f.s.DefaultListableBeanFactory - Creating shared instance of singleton bean 'org.springframework.context.annotation.internalAutowiredAnnotationProcessor'
2023-02-15 11:53:33.515  DEBUG [main] o.s.b.f.s.DefaultListableBeanFactory - Creating shared instance of singleton bean 'org.springframework.context.annotation.internalCommonAnnotationProcessor'
2023-02-15 11:53:33.523  DEBUG [main] o.s.b.f.s.DefaultListableBeanFactory - Creating shared instance of singleton bean 'dataSource'
2023-02-15 11:53:33.562  DEBUG [main] o.s.b.f.s.DefaultListableBeanFactory - Creating shared instance of singleton bean 'sqlSessionFactory'
2023-02-15 11:53:33.586  DEBUG [main] o.s.b.f.s.DefaultListableBeanFactory - Autowiring by type from bean name 'sqlSessionFactory' via factory method to bean named 'dataSource'
2023-02-15 11:53:33.588  WARN  [main] o.s.c.a.AnnotationConfigApplicationContext - Exception encountered during context initialization - cancelling refresh attempt: org.springframework.beans.factory.BeanCreationException: Error creating bean with name 'sqlSessionFactory' defined in mybatis.mybatisconfig: Bean instantiation via factory method failed; nested exception is org.springframework.beans.BeanInstantiationException: Failed to instantiate [org.mybatis.spring.SqlSessionFactoryBean]: Factory method 'sqlSessionFactory' threw exception; nested exception is java.lang.UnsupportedClassVersionError: org/springframework/jdbc/datasource/TransactionAwareDataSourceProxy has been compiled by a more recent version of the Java Runtime (class file version 61.0), this version of the Java Runtime only recognizes class file versions up to 60.0
2023-02-15 11:53:33.588  INFO  [main] c.a.d.p.DruidDataSource - {dataSource-0} closing ...
2023-02-15 12:00:03.466  DEBUG [main] o.s.c.a.AnnotationConfigApplicationContext - Refreshing org.springframework.context.annotation.AnnotationConfigApplicationContext@163e4e87
2023-02-15 12:00:03.479  DEBUG [main] o.s.b.f.s.DefaultListableBeanFactory - Creating shared instance of singleton bean 'org.springframework.context.annotation.internalConfigurationAnnotationProcessor'
2023-02-15 12:00:03.555  DEBUG [main] o.s.b.f.s.DefaultListableBeanFactory - Creating shared instance of singleton bean 'mapperScannerConfigurer'
2023-02-15 12:00:03.557  DEBUG [main] o.s.b.f.s.DefaultListableBeanFactory - Creating shared instance of singleton bean 'mybatis'
2023-02-15 12:00:03.563  DEBUG [main] o.a.i.l.LogFactory - Logging initialized using 'class org.apache.ibatis.logging.slf4j.Slf4jImpl' adapter.
2023-02-15 12:00:03.570  DEBUG [main] o.m.s.m.ClassPathMapperScanner - Identified candidate component class: file [D:\WorkSpace\idea\2021.3\Jzq08016MAVEN\JzqSqring\target\classes\mybatis\accountdao.class]
2023-02-15 12:00:03.570  DEBUG [main] o.m.s.m.ClassPathMapperScanner - Ignored because not a concrete top-level class: file [D:\WorkSpace\idea\2021.3\Jzq08016MAVEN\JzqSqring\target\classes\mybatis\demo.class]
2023-02-15 12:00:03.570  DEBUG [main] o.m.s.m.ClassPathMapperScanner - Ignored because not a concrete top-level class: file [D:\WorkSpace\idea\2021.3\Jzq08016MAVEN\JzqSqring\target\classes\mybatis\demo1.class]
2023-02-15 12:00:03.571  DEBUG [main] o.m.s.m.ClassPathMapperScanner - Ignored because not a concrete top-level class: file [D:\WorkSpace\idea\2021.3\Jzq08016MAVEN\JzqSqring\target\classes\mybatis\mybatis.class]
2023-02-15 12:00:03.571  DEBUG [main] o.m.s.m.ClassPathMapperScanner - Creating MapperFactoryBean with name 'accountdao' and 'mybatis.dao.accountdao' mapperInterface
2023-02-15 12:00:03.574  DEBUG [main] o.m.s.m.ClassPathMapperScanner - Enabling autowire by type for MapperFactoryBean with name 'accountdao'.
2023-02-15 12:00:03.576  INFO  [main] o.s.c.a.ConfigurationClassPostProcessor - Cannot enhance @Configuration bean definition 'mybatis' since its singleton instance has been created too early. The typical cause is a non-static @Bean method with a BeanDefinitionRegistryPostProcessor return type: Consider declaring such methods as 'static'.
2023-02-15 12:00:03.624  DEBUG [main] o.s.b.f.s.DefaultListableBeanFactory - Creating shared instance of singleton bean 'org.springframework.context.event.internalEventListenerProcessor'
2023-02-15 12:00:03.626  DEBUG [main] o.s.b.f.s.DefaultListableBeanFactory - Creating shared instance of singleton bean 'org.springframework.context.event.internalEventListenerFactory'
2023-02-15 12:00:03.627  DEBUG [main] o.s.b.f.s.DefaultListableBeanFactory - Creating shared instance of singleton bean 'org.springframework.context.annotation.internalAutowiredAnnotationProcessor'
2023-02-15 12:00:03.629  DEBUG [main] o.s.b.f.s.DefaultListableBeanFactory - Creating shared instance of singleton bean 'org.springframework.context.annotation.internalCommonAnnotationProcessor'
2023-02-15 12:00:03.636  DEBUG [main] o.s.b.f.s.DefaultListableBeanFactory - Creating shared instance of singleton bean 'dataSource'
2023-02-15 12:00:03.672  DEBUG [main] o.s.b.f.s.DefaultListableBeanFactory - Creating shared instance of singleton bean 'sqlSessionFactory'
2023-02-15 12:00:03.694  DEBUG [main] o.s.b.f.s.DefaultListableBeanFactory - Autowiring by type from bean name 'sqlSessionFactory' via factory method to bean named 'dataSource'
2023-02-15 12:00:03.696  WARN  [main] o.s.c.a.AnnotationConfigApplicationContext - Exception encountered during context initialization - cancelling refresh attempt: org.springframework.beans.factory.BeanCreationException: Error creating bean with name 'sqlSessionFactory' defined in mybatis.mybatisconfig: Bean instantiation via factory method failed; nested exception is org.springframework.beans.BeanInstantiationException: Failed to instantiate [org.mybatis.spring.SqlSessionFactoryBean]: Factory method 'sqlSessionFactory' threw exception; nested exception is java.lang.UnsupportedClassVersionError: org/springframework/jdbc/datasource/TransactionAwareDataSourceProxy has been compiled by a more recent version of the Java Runtime (class file version 61.0), this version of the Java Runtime only recognizes class file versions up to 60.0
2023-02-15 12:00:03.697  INFO  [main] c.a.d.p.DruidDataSource - {dataSource-0} closing ...
2023-02-15 12:07:44.419  DEBUG [main] o.s.c.a.AnnotationConfigApplicationContext - Refreshing org.springframework.context.annotation.AnnotationConfigApplicationContext@163e4e87
2023-02-15 12:07:44.430  DEBUG [main] o.s.b.f.s.DefaultListableBeanFactory - Creating shared instance of singleton bean 'org.springframework.context.annotation.internalConfigurationAnnotationProcessor'
2023-02-15 12:07:44.471  DEBUG [main] o.s.c.a.ClassPathBeanDefinitionScanner - Ignored because not a concrete top-level class: file [D:\WorkSpace\idea\2021.3\Jzq08016MAVEN\JzqSqring\target\classes\mybatis\accountdao.class]
2023-02-15 12:07:44.492  DEBUG [main] o.s.b.f.s.DefaultListableBeanFactory - Creating shared instance of singleton bean 'mapperScannerConfigurer'
2023-02-15 12:07:44.493  DEBUG [main] o.s.b.f.s.DefaultListableBeanFactory - Creating shared instance of singleton bean 'mybatis.mybatisconfig'
2023-02-15 12:07:44.499  DEBUG [main] o.a.i.l.LogFactory - Logging initialized using 'class org.apache.ibatis.logging.slf4j.Slf4jImpl' adapter.
2023-02-15 12:07:44.503  DEBUG [main] o.m.s.m.ClassPathMapperScanner - Identified candidate component class: file [D:\WorkSpace\idea\2021.3\Jzq08016MAVEN\JzqSqring\target\classes\mybatis\accountdao.class]
2023-02-15 12:07:44.503  DEBUG [main] o.m.s.m.ClassPathMapperScanner - Ignored because not a concrete top-level class: file [D:\WorkSpace\idea\2021.3\Jzq08016MAVEN\JzqSqring\target\classes\mybatis\demo.class]
2023-02-15 12:07:44.503  DEBUG [main] o.m.s.m.ClassPathMapperScanner - Ignored because not a concrete top-level class: file [D:\WorkSpace\idea\2021.3\Jzq08016MAVEN\JzqSqring\target\classes\mybatis\demo1.class]
2023-02-15 12:07:44.503  DEBUG [main] o.m.s.m.ClassPathMapperScanner - Ignored because not a concrete top-level class: file [D:\WorkSpace\idea\2021.3\Jzq08016MAVEN\JzqSqring\target\classes\mybatis\jdbcconfig.class]
2023-02-15 12:07:44.503  DEBUG [main] o.m.s.m.ClassPathMapperScanner - Ignored because not a concrete top-level class: file [D:\WorkSpace\idea\2021.3\Jzq08016MAVEN\JzqSqring\target\classes\mybatis\mybatisconfig.class]
2023-02-15 12:07:44.503  DEBUG [main] o.m.s.m.ClassPathMapperScanner - Ignored because not a concrete top-level class: file [D:\WorkSpace\idea\2021.3\Jzq08016MAVEN\JzqSqring\target\classes\mybatis\springconfig.class]
2023-02-15 12:07:44.504  DEBUG [main] o.m.s.m.ClassPathMapperScanner - Creating MapperFactoryBean with name 'accountdao' and 'mybatis.dao.accountdao' mapperInterface
2023-02-15 12:07:44.506  DEBUG [main] o.m.s.m.ClassPathMapperScanner - Enabling autowire by type for MapperFactoryBean with name 'accountdao'.
2023-02-15 12:07:44.548  DEBUG [main] o.s.b.f.s.DefaultListableBeanFactory - Creating shared instance of singleton bean 'org.springframework.context.event.internalEventListenerProcessor'
2023-02-15 12:07:44.550  DEBUG [main] o.s.b.f.s.DefaultListableBeanFactory - Creating shared instance of singleton bean 'org.springframework.context.event.internalEventListenerFactory'
2023-02-15 12:07:44.551  DEBUG [main] o.s.b.f.s.DefaultListableBeanFactory - Creating shared instance of singleton bean 'org.springframework.context.annotation.internalAutowiredAnnotationProcessor'
2023-02-15 12:07:44.552  DEBUG [main] o.s.b.f.s.DefaultListableBeanFactory - Creating shared instance of singleton bean 'org.springframework.context.annotation.internalCommonAnnotationProcessor'
2023-02-15 12:07:44.558  DEBUG [main] o.s.b.f.s.DefaultListableBeanFactory - Creating shared instance of singleton bean 'springconfig'
2023-02-15 12:07:44.561  DEBUG [main] o.s.b.f.s.DefaultListableBeanFactory - Creating shared instance of singleton bean 'mybatis.jdbcconfig'
2023-02-15 12:07:44.562  DEBUG [main] o.s.b.f.s.DefaultListableBeanFactory - Creating shared instance of singleton bean 'dataSource'
2023-02-15 12:07:44.588  DEBUG [main] o.s.b.f.s.DefaultListableBeanFactory - Creating shared instance of singleton bean 'sqlSessionFactory'
2023-02-15 12:07:44.605  DEBUG [main] o.s.b.f.s.DefaultListableBeanFactory - Autowiring by type from bean name 'sqlSessionFactory' via factory method to bean named 'dataSource'
2023-02-15 12:07:44.607  WARN  [main] o.s.c.a.AnnotationConfigApplicationContext - Exception encountered during context initialization - cancelling refresh attempt: org.springframework.beans.factory.BeanCreationException: Error creating bean with name 'sqlSessionFactory' defined in mybatis.mybatisconfig: Bean instantiation via factory method failed; nested exception is org.springframework.beans.BeanInstantiationException: Failed to instantiate [org.mybatis.spring.SqlSessionFactoryBean]: Factory method 'sqlSessionFactory' threw exception; nested exception is java.lang.UnsupportedClassVersionError: org/springframework/jdbc/datasource/TransactionAwareDataSourceProxy has been compiled by a more recent version of the Java Runtime (class file version 61.0), this version of the Java Runtime only recognizes class file versions up to 60.0
2023-02-15 12:07:44.607  INFO  [main] c.a.d.p.DruidDataSource - {dataSource-0} closing ...
2023-02-15 12:16:49.046  DEBUG [main] o.s.c.a.AnnotationConfigApplicationContext - Refreshing org.springframework.context.annotation.AnnotationConfigApplicationContext@163e4e87
2023-02-15 12:16:49.059  DEBUG [main] o.s.b.f.s.DefaultListableBeanFactory - Creating shared instance of singleton bean 'org.springframework.context.annotation.internalConfigurationAnnotationProcessor'
2023-02-15 12:16:49.104  DEBUG [main] o.s.c.a.ClassPathBeanDefinitionScanner - Ignored because not a concrete top-level class: file [D:\WorkSpace\idea\2021.3\Jzq08016MAVEN\JzqSqring\target\classes\mybatis\accountdao.class]
2023-02-15 12:16:49.109  DEBUG [main] o.s.c.a.ClassPathBeanDefinitionScanner - Identified candidate component class: file [D:\WorkSpace\idea\2021.3\Jzq08016MAVEN\JzqSqring\target\classes\mybatis\jdbcconfig.class]
2023-02-15 12:16:49.110  DEBUG [main] o.s.c.a.ClassPathBeanDefinitionScanner - Identified candidate component class: file [D:\WorkSpace\idea\2021.3\Jzq08016MAVEN\JzqSqring\target\classes\mybatis\mybatisconfig.class]
2023-02-15 12:16:49.117  DEBUG [main] o.s.c.a.ClassPathBeanDefinitionScanner - Ignored because not a concrete top-level class: file [D:\WorkSpace\idea\2021.3\Jzq08016MAVEN\JzqSqring\target\classes\mybatis\accountdao.class]
2023-02-15 12:16:49.118  DEBUG [main] o.s.c.a.ClassPathBeanDefinitionScanner - Identified candidate component class: file [D:\WorkSpace\idea\2021.3\Jzq08016MAVEN\JzqSqring\target\classes\mybatis\jdbcconfig.class]
2023-02-15 12:16:49.118  DEBUG [main] o.s.c.a.ClassPathBeanDefinitionScanner - Identified candidate component class: file [D:\WorkSpace\idea\2021.3\Jzq08016MAVEN\JzqSqring\target\classes\mybatis\springconfig.class]
2023-02-15 12:16:49.138  DEBUG [main] o.s.b.f.s.DefaultListableBeanFactory - Creating shared instance of singleton bean 'mapperScannerConfigurer'
2023-02-15 12:16:49.140  DEBUG [main] o.s.b.f.s.DefaultListableBeanFactory - Creating shared instance of singleton bean 'mybatisconfig'
2023-02-15 12:16:49.144  DEBUG [main] o.a.i.l.LogFactory - Logging initialized using 'class org.apache.ibatis.logging.slf4j.Slf4jImpl' adapter.
2023-02-15 12:16:49.147  DEBUG [main] o.m.s.m.ClassPathMapperScanner - Identified candidate component class: file [D:\WorkSpace\idea\2021.3\Jzq08016MAVEN\JzqSqring\target\classes\mybatis\accountdao.class]
2023-02-15 12:16:49.148  DEBUG [main] o.m.s.m.ClassPathMapperScanner - Ignored because not a concrete top-level class: file [D:\WorkSpace\idea\2021.3\Jzq08016MAVEN\JzqSqring\target\classes\mybatis\demo.class]
2023-02-15 12:16:49.148  DEBUG [main] o.m.s.m.ClassPathMapperScanner - Ignored because not a concrete top-level class: file [D:\WorkSpace\idea\2021.3\Jzq08016MAVEN\JzqSqring\target\classes\mybatis\demo1.class]
2023-02-15 12:16:49.148  DEBUG [main] o.m.s.m.ClassPathMapperScanner - Ignored because not a concrete top-level class: file [D:\WorkSpace\idea\2021.3\Jzq08016MAVEN\JzqSqring\target\classes\mybatis\jdbcconfig.class]
2023-02-15 12:16:49.148  DEBUG [main] o.m.s.m.ClassPathMapperScanner - Ignored because not a concrete top-level class: file [D:\WorkSpace\idea\2021.3\Jzq08016MAVEN\JzqSqring\target\classes\mybatis\mybatisconfig.class]
2023-02-15 12:16:49.148  DEBUG [main] o.m.s.m.ClassPathMapperScanner - Ignored because not a concrete top-level class: file [D:\WorkSpace\idea\2021.3\Jzq08016MAVEN\JzqSqring\target\classes\mybatis\springconfig.class]
2023-02-15 12:16:49.149  DEBUG [main] o.m.s.m.ClassPathMapperScanner - Creating MapperFactoryBean with name 'accountdao' and 'mybatis.dao.accountdao' mapperInterface
2023-02-15 12:16:49.151  DEBUG [main] o.m.s.m.ClassPathMapperScanner - Enabling autowire by type for MapperFactoryBean with name 'accountdao'.
2023-02-15 12:16:49.153  INFO  [main] o.s.c.a.ConfigurationClassPostProcessor - Cannot enhance @Configuration bean definition 'mybatisconfig' since its singleton instance has been created too early. The typical cause is a non-static @Bean method with a BeanDefinitionRegistryPostProcessor return type: Consider declaring such methods as 'static'.
2023-02-15 12:16:49.198  DEBUG [main] o.s.b.f.s.DefaultListableBeanFactory - Creating shared instance of singleton bean 'org.springframework.context.event.internalEventListenerProcessor'
2023-02-15 12:16:49.199  DEBUG [main] o.s.b.f.s.DefaultListableBeanFactory - Creating shared instance of singleton bean 'org.springframework.context.event.internalEventListenerFactory'
2023-02-15 12:16:49.201  DEBUG [main] o.s.b.f.s.DefaultListableBeanFactory - Creating shared instance of singleton bean 'org.springframework.context.annotation.internalAutowiredAnnotationProcessor'
2023-02-15 12:16:49.202  DEBUG [main] o.s.b.f.s.DefaultListableBeanFactory - Creating shared instance of singleton bean 'org.springframework.context.annotation.internalCommonAnnotationProcessor'
2023-02-15 12:16:49.209  DEBUG [main] o.s.b.f.s.DefaultListableBeanFactory - Creating shared instance of singleton bean 'springconfig'
2023-02-15 12:16:49.213  DEBUG [main] o.s.b.f.s.DefaultListableBeanFactory - Creating shared instance of singleton bean 'jdbcconfig'
2023-02-15 12:16:49.213  DEBUG [main] o.s.b.f.s.DefaultListableBeanFactory - Creating shared instance of singleton bean 'dataSource'
2023-02-15 12:16:49.246  DEBUG [main] o.s.b.f.s.DefaultListableBeanFactory - Creating shared instance of singleton bean 'sqlSessionFactory'
2023-02-15 12:16:49.260  DEBUG [main] o.s.b.f.s.DefaultListableBeanFactory - Autowiring by type from bean name 'sqlSessionFactory' via factory method to bean named 'dataSource'
2023-02-15 12:16:49.262  WARN  [main] o.s.c.a.AnnotationConfigApplicationContext - Exception encountered during context initialization - cancelling refresh attempt: org.springframework.beans.factory.BeanCreationException: Error creating bean with name 'sqlSessionFactory' defined in class path resource [mybatis/mybatisconfig.class]: Bean instantiation via factory method failed; nested exception is org.springframework.beans.BeanInstantiationException: Failed to instantiate [org.mybatis.spring.SqlSessionFactoryBean]: Factory method 'sqlSessionFactory' threw exception; nested exception is java.lang.UnsupportedClassVersionError: org/springframework/jdbc/datasource/TransactionAwareDataSourceProxy has been compiled by a more recent version of the Java Runtime (class file version 61.0), this version of the Java Runtime only recognizes class file versions up to 60.0
2023-02-15 12:16:49.262  INFO  [main] c.a.d.p.DruidDataSource - {dataSource-0} closing ...
2023-02-15 19:06:16.872  DEBUG [main] o.s.c.a.AnnotationConfigApplicationContext - Refreshing org.springframework.context.annotation.AnnotationConfigApplicationContext@163e4e87
2023-02-15 19:06:16.885  DEBUG [main] o.s.b.f.s.DefaultListableBeanFactory - Creating shared instance of singleton bean 'org.springframework.context.annotation.internalConfigurationAnnotationProcessor'
2023-02-15 19:06:16.934  DEBUG [main] o.s.c.a.ClassPathBeanDefinitionScanner - Ignored because not a concrete top-level class: file [D:\WorkSpace\idea\2021.3\Jzq08016MAVEN\JzqSqring\target\classes\mybatis\accountdao.class]
2023-02-15 19:06:16.938  DEBUG [main] o.s.c.a.ClassPathBeanDefinitionScanner - Identified candidate component class: file [D:\WorkSpace\idea\2021.3\Jzq08016MAVEN\JzqSqring\target\classes\mybatis\jdbcconfig.class]
2023-02-15 19:06:16.939  DEBUG [main] o.s.c.a.ClassPathBeanDefinitionScanner - Identified candidate component class: file [D:\WorkSpace\idea\2021.3\Jzq08016MAVEN\JzqSqring\target\classes\mybatis\mybatisconfig.class]
2023-02-15 19:06:16.946  DEBUG [main] o.s.c.a.ClassPathBeanDefinitionScanner - Ignored because not a concrete top-level class: file [D:\WorkSpace\idea\2021.3\Jzq08016MAVEN\JzqSqring\target\classes\mybatis\accountdao.class]
2023-02-15 19:06:16.946  DEBUG [main] o.s.c.a.ClassPathBeanDefinitionScanner - Identified candidate component class: file [D:\WorkSpace\idea\2021.3\Jzq08016MAVEN\JzqSqring\target\classes\mybatis\jdbcconfig.class]
2023-02-15 19:06:16.946  DEBUG [main] o.s.c.a.ClassPathBeanDefinitionScanner - Identified candidate component class: file [D:\WorkSpace\idea\2021.3\Jzq08016MAVEN\JzqSqring\target\classes\mybatis\springconfig.class]
2023-02-15 19:06:16.970  DEBUG [main] o.s.b.f.s.DefaultListableBeanFactory - Creating shared instance of singleton bean 'mapperScannerConfigurer'
2023-02-15 19:06:16.971  DEBUG [main] o.s.b.f.s.DefaultListableBeanFactory - Creating shared instance of singleton bean 'mybatisconfig'
2023-02-15 19:06:16.977  DEBUG [main] o.a.i.l.LogFactory - Logging initialized using 'class org.apache.ibatis.logging.slf4j.Slf4jImpl' adapter.
2023-02-15 19:06:16.981  DEBUG [main] o.m.s.m.ClassPathMapperScanner - Identified candidate component class: file [D:\WorkSpace\idea\2021.3\Jzq08016MAVEN\JzqSqring\target\classes\mybatis\accountdao.class]
2023-02-15 19:06:16.981  DEBUG [main] o.m.s.m.ClassPathMapperScanner - Ignored because not a concrete top-level class: file [D:\WorkSpace\idea\2021.3\Jzq08016MAVEN\JzqSqring\target\classes\mybatis\demo.class]
2023-02-15 19:06:16.981  DEBUG [main] o.m.s.m.ClassPathMapperScanner - Ignored because not a concrete top-level class: file [D:\WorkSpace\idea\2021.3\Jzq08016MAVEN\JzqSqring\target\classes\mybatis\demo1.class]
2023-02-15 19:06:16.981  DEBUG [main] o.m.s.m.ClassPathMapperScanner - Ignored because not a concrete top-level class: file [D:\WorkSpace\idea\2021.3\Jzq08016MAVEN\JzqSqring\target\classes\mybatis\jdbcconfig.class]
2023-02-15 19:06:16.981  DEBUG [main] o.m.s.m.ClassPathMapperScanner - Ignored because not a concrete top-level class: file [D:\WorkSpace\idea\2021.3\Jzq08016MAVEN\JzqSqring\target\classes\mybatis\mybatisconfig.class]
2023-02-15 19:06:16.981  DEBUG [main] o.m.s.m.ClassPathMapperScanner - Ignored because not a concrete top-level class: file [D:\WorkSpace\idea\2021.3\Jzq08016MAVEN\JzqSqring\target\classes\mybatis\springconfig.class]
2023-02-15 19:06:16.982  DEBUG [main] o.m.s.m.ClassPathMapperScanner - Creating MapperFactoryBean with name 'accountdao' and 'mybatis.dao.accountdao' mapperInterface
2023-02-15 19:06:16.984  DEBUG [main] o.m.s.m.ClassPathMapperScanner - Enabling autowire by type for MapperFactoryBean with name 'accountdao'.
2023-02-15 19:06:16.985  INFO  [main] o.s.c.a.ConfigurationClassPostProcessor - Cannot enhance @Configuration bean definition 'mybatisconfig' since its singleton instance has been created too early. The typical cause is a non-static @Bean method with a BeanDefinitionRegistryPostProcessor return type: Consider declaring such methods as 'static'.
2023-02-15 19:06:17.034  DEBUG [main] o.s.b.f.s.DefaultListableBeanFactory - Creating shared instance of singleton bean 'org.springframework.context.event.internalEventListenerProcessor'
2023-02-15 19:06:17.036  DEBUG [main] o.s.b.f.s.DefaultListableBeanFactory - Creating shared instance of singleton bean 'org.springframework.context.event.internalEventListenerFactory'
2023-02-15 19:06:17.038  DEBUG [main] o.s.b.f.s.DefaultListableBeanFactory - Creating shared instance of singleton bean 'org.springframework.context.annotation.internalAutowiredAnnotationProcessor'
2023-02-15 19:06:17.039  DEBUG [main] o.s.b.f.s.DefaultListableBeanFactory - Creating shared instance of singleton bean 'org.springframework.context.annotation.internalCommonAnnotationProcessor'
2023-02-15 19:06:17.047  DEBUG [main] o.s.b.f.s.DefaultListableBeanFactory - Creating shared instance of singleton bean 'springconfig'
2023-02-15 19:06:17.051  DEBUG [main] o.s.b.f.s.DefaultListableBeanFactory - Creating shared instance of singleton bean 'jdbcconfig'
2023-02-15 19:06:17.052  DEBUG [main] o.s.b.f.s.DefaultListableBeanFactory - Creating shared instance of singleton bean 'dataSource'
2023-02-15 19:06:17.091  DEBUG [main] o.s.b.f.s.DefaultListableBeanFactory - Creating shared instance of singleton bean 'sqlSessionFactory'
2023-02-15 19:06:17.107  DEBUG [main] o.s.b.f.s.DefaultListableBeanFactory - Autowiring by type from bean name 'sqlSessionFactory' via factory method to bean named 'dataSource'
2023-02-15 19:06:17.110  WARN  [main] o.s.c.a.AnnotationConfigApplicationContext - Exception encountered during context initialization - cancelling refresh attempt: org.springframework.beans.factory.BeanCreationException: Error creating bean with name 'sqlSessionFactory' defined in class path resource [mybatis/mybatisconfig.class]: Bean instantiation via factory method failed; nested exception is org.springframework.beans.BeanInstantiationException: Failed to instantiate [org.mybatis.spring.SqlSessionFactoryBean]: Factory method 'sqlSessionFactory' threw exception; nested exception is java.lang.UnsupportedClassVersionError: org/springframework/jdbc/datasource/TransactionAwareDataSourceProxy has been compiled by a more recent version of the Java Runtime (class file version 61.0), this version of the Java Runtime only recognizes class file versions up to 60.0
2023-02-15 19:06:17.110  INFO  [main] c.a.d.p.DruidDataSource - {dataSource-0} closing ...
2023-02-15 19:13:20.843  DEBUG [main] o.s.c.a.AnnotationConfigApplicationContext - Refreshing org.springframework.context.annotation.AnnotationConfigApplicationContext@163e4e87
2023-02-15 19:13:20.854  DEBUG [main] o.s.b.f.s.DefaultListableBeanFactory - Creating shared instance of singleton bean 'org.springframework.context.annotation.internalConfigurationAnnotationProcessor'
2023-02-15 19:13:20.900  DEBUG [main] o.s.c.a.ClassPathBeanDefinitionScanner - Identified candidate component class: file [D:\WorkSpace\idea\2021.3\Jzq08016MAVEN\JzqSqring\target\classes\mybatis\accountdaodemo.class]
2023-02-15 19:13:20.903  DEBUG [main] o.s.c.a.ClassPathBeanDefinitionScanner - Identified candidate component class: file [D:\WorkSpace\idea\2021.3\Jzq08016MAVEN\JzqSqring\target\classes\mybatis\jdbcconfig.class]
2023-02-15 19:13:20.904  DEBUG [main] o.s.c.a.ClassPathBeanDefinitionScanner - Identified candidate component class: file [D:\WorkSpace\idea\2021.3\Jzq08016MAVEN\JzqSqring\target\classes\mybatis\mybatisconfig.class]
2023-02-15 19:13:20.912  DEBUG [main] o.s.c.a.ClassPathBeanDefinitionScanner - Identified candidate component class: file [D:\WorkSpace\idea\2021.3\Jzq08016MAVEN\JzqSqring\target\classes\mybatis\accountdaodemo.class]
2023-02-15 19:13:20.912  DEBUG [main] o.s.c.a.ClassPathBeanDefinitionScanner - Identified candidate component class: file [D:\WorkSpace\idea\2021.3\Jzq08016MAVEN\JzqSqring\target\classes\mybatis\jdbcconfig.class]
2023-02-15 19:13:20.912  DEBUG [main] o.s.c.a.ClassPathBeanDefinitionScanner - Identified candidate component class: file [D:\WorkSpace\idea\2021.3\Jzq08016MAVEN\JzqSqring\target\classes\mybatis\springconfig.class]
2023-02-15 19:13:20.935  DEBUG [main] o.s.b.f.s.DefaultListableBeanFactory - Creating shared instance of singleton bean 'mapperScannerConfigurer'
2023-02-15 19:13:20.937  DEBUG [main] o.s.b.f.s.DefaultListableBeanFactory - Creating shared instance of singleton bean 'mybatisconfig'
2023-02-15 19:13:20.941  DEBUG [main] o.a.i.l.LogFactory - Logging initialized using 'class org.apache.ibatis.logging.slf4j.Slf4jImpl' adapter.
2023-02-15 19:13:20.945  DEBUG [main] o.m.s.m.ClassPathMapperScanner - Identified candidate component class: file [D:\WorkSpace\idea\2021.3\Jzq08016MAVEN\JzqSqring\target\classes\mybatis\accountdao.class]
2023-02-15 19:13:20.945  DEBUG [main] o.m.s.m.ClassPathMapperScanner - Ignored because not a concrete top-level class: file [D:\WorkSpace\idea\2021.3\Jzq08016MAVEN\JzqSqring\target\classes\mybatis\accountdaodemo.class]
2023-02-15 19:13:20.945  DEBUG [main] o.m.s.m.ClassPathMapperScanner - Ignored because not a concrete top-level class: file [D:\WorkSpace\idea\2021.3\Jzq08016MAVEN\JzqSqring\target\classes\mybatis\demo.class]
2023-02-15 19:13:20.945  DEBUG [main] o.m.s.m.ClassPathMapperScanner - Ignored because not a concrete top-level class: file [D:\WorkSpace\idea\2021.3\Jzq08016MAVEN\JzqSqring\target\classes\mybatis\demo1.class]
2023-02-15 19:13:20.945  DEBUG [main] o.m.s.m.ClassPathMapperScanner - Ignored because not a concrete top-level class: file [D:\WorkSpace\idea\2021.3\Jzq08016MAVEN\JzqSqring\target\classes\mybatis\jdbcconfig.class]
2023-02-15 19:13:20.945  DEBUG [main] o.m.s.m.ClassPathMapperScanner - Ignored because not a concrete top-level class: file [D:\WorkSpace\idea\2021.3\Jzq08016MAVEN\JzqSqring\target\classes\mybatis\mybatisconfig.class]
2023-02-15 19:13:20.945  DEBUG [main] o.m.s.m.ClassPathMapperScanner - Ignored because not a concrete top-level class: file [D:\WorkSpace\idea\2021.3\Jzq08016MAVEN\JzqSqring\target\classes\mybatis\springconfig.class]
2023-02-15 19:13:20.946  DEBUG [main] o.m.s.m.ClassPathMapperScanner - Creating MapperFactoryBean with name 'accountdao' and 'mybatis.dao.accountdao' mapperInterface
2023-02-15 19:13:20.948  DEBUG [main] o.m.s.m.ClassPathMapperScanner - Enabling autowire by type for MapperFactoryBean with name 'accountdao'.
2023-02-15 19:13:20.949  INFO  [main] o.s.c.a.ConfigurationClassPostProcessor - Cannot enhance @Configuration bean definition 'mybatisconfig' since its singleton instance has been created too early. The typical cause is a non-static @Bean method with a BeanDefinitionRegistryPostProcessor return type: Consider declaring such methods as 'static'.
2023-02-15 19:13:20.995  DEBUG [main] o.s.b.f.s.DefaultListableBeanFactory - Creating shared instance of singleton bean 'org.springframework.context.event.internalEventListenerProcessor'
2023-02-15 19:13:20.996  DEBUG [main] o.s.b.f.s.DefaultListableBeanFactory - Creating shared instance of singleton bean 'org.springframework.context.event.internalEventListenerFactory'
2023-02-15 19:13:20.997  DEBUG [main] o.s.b.f.s.DefaultListableBeanFactory - Creating shared instance of singleton bean 'org.springframework.context.annotation.internalAutowiredAnnotationProcessor'
2023-02-15 19:13:20.998  DEBUG [main] o.s.b.f.s.DefaultListableBeanFactory - Creating shared instance of singleton bean 'org.springframework.context.annotation.internalCommonAnnotationProcessor'
2023-02-15 19:13:21.004  DEBUG [main] o.s.b.f.s.DefaultListableBeanFactory - Creating shared instance of singleton bean 'springconfig'
2023-02-15 19:13:21.008  DEBUG [main] o.s.b.f.s.DefaultListableBeanFactory - Creating shared instance of singleton bean 'accountdaodemo'
2023-02-15 19:13:21.021  DEBUG [main] o.s.b.f.s.DefaultListableBeanFactory - Creating shared instance of singleton bean 'accountdao'
2023-02-15 19:13:21.038  DEBUG [main] o.s.b.f.s.DefaultListableBeanFactory - Creating shared instance of singleton bean 'sqlSessionFactory'
2023-02-15 19:13:21.040  DEBUG [main] o.s.b.f.s.DefaultListableBeanFactory - Creating shared instance of singleton bean 'dataSource'
2023-02-15 19:13:21.040  DEBUG [main] o.s.b.f.s.DefaultListableBeanFactory - Creating shared instance of singleton bean 'jdbcconfig'
2023-02-15 19:13:21.073  DEBUG [main] o.s.b.f.s.DefaultListableBeanFactory - Autowiring by type from bean name 'sqlSessionFactory' via factory method to bean named 'dataSource'
2023-02-15 19:13:21.076  WARN  [main] o.s.c.a.AnnotationConfigApplicationContext - Exception encountered during context initialization - cancelling refresh attempt: org.springframework.beans.factory.UnsatisfiedDependencyException: Error creating bean with name 'accountdaodemo': Unsatisfied dependency expressed through field 'ad'; nested exception is org.springframework.beans.factory.UnsatisfiedDependencyException: Error creating bean with name 'accountdao' defined in file [D:\WorkSpace\idea\2021.3\Jzq08016MAVEN\JzqSqring\target\classes\mybatis\accountdao.class]: Unsatisfied dependency expressed through bean property 'sqlSessionFactory'; nested exception is org.springframework.beans.factory.BeanCreationException: Error creating bean with name 'sqlSessionFactory' defined in class path resource [mybatis/mybatisconfig.class]: Bean instantiation via factory method failed; nested exception is org.springframework.beans.BeanInstantiationException: Failed to instantiate [org.mybatis.spring.SqlSessionFactoryBean]: Factory method 'sqlSessionFactory' threw exception; nested exception is java.lang.UnsupportedClassVersionError: org/springframework/jdbc/datasource/TransactionAwareDataSourceProxy has been compiled by a more recent version of the Java Runtime (class file version 61.0), this version of the Java Runtime only recognizes class file versions up to 60.0
2023-02-15 19:13:21.076  INFO  [main] c.a.d.p.DruidDataSource - {dataSource-0} closing ...
2023-02-15 19:16:20.357  DEBUG [main] o.s.c.a.AnnotationConfigApplicationContext - Refreshing org.springframework.context.annotation.AnnotationConfigApplicationContext@163e4e87
2023-02-15 19:16:20.371  DEBUG [main] o.s.b.f.s.DefaultListableBeanFactory - Creating shared instance of singleton bean 'org.springframework.context.annotation.internalConfigurationAnnotationProcessor'
2023-02-15 19:16:20.418  DEBUG [main] o.s.c.a.ClassPathBeanDefinitionScanner - Identified candidate component class: file [D:\WorkSpace\idea\2021.3\Jzq08016MAVEN\JzqSqring\target\classes\mybatis\accountdaodemo.class]
2023-02-15 19:16:20.422  DEBUG [main] o.s.c.a.ClassPathBeanDefinitionScanner - Identified candidate component class: file [D:\WorkSpace\idea\2021.3\Jzq08016MAVEN\JzqSqring\target\classes\mybatis\jdbcconfig.class]
2023-02-15 19:16:20.423  DEBUG [main] o.s.c.a.ClassPathBeanDefinitionScanner - Identified candidate component class: file [D:\WorkSpace\idea\2021.3\Jzq08016MAVEN\JzqSqring\target\classes\mybatis\mybatisconfig.class]
2023-02-15 19:16:20.434  DEBUG [main] o.s.c.a.ClassPathBeanDefinitionScanner - Identified candidate component class: file [D:\WorkSpace\idea\2021.3\Jzq08016MAVEN\JzqSqring\target\classes\mybatis\accountdaodemo.class]
2023-02-15 19:16:20.435  DEBUG [main] o.s.c.a.ClassPathBeanDefinitionScanner - Identified candidate component class: file [D:\WorkSpace\idea\2021.3\Jzq08016MAVEN\JzqSqring\target\classes\mybatis\jdbcconfig.class]
2023-02-15 19:16:20.435  DEBUG [main] o.s.c.a.ClassPathBeanDefinitionScanner - Identified candidate component class: file [D:\WorkSpace\idea\2021.3\Jzq08016MAVEN\JzqSqring\target\classes\mybatis\springconfig.class]
2023-02-15 19:16:20.462  DEBUG [main] o.s.b.f.s.DefaultListableBeanFactory - Creating shared instance of singleton bean 'mapperScannerConfigurer'
2023-02-15 19:16:20.463  DEBUG [main] o.s.b.f.s.DefaultListableBeanFactory - Creating shared instance of singleton bean 'mybatisconfig'
2023-02-15 19:16:20.469  DEBUG [main] o.a.i.l.LogFactory - Logging initialized using 'class org.apache.ibatis.logging.slf4j.Slf4jImpl' adapter.
2023-02-15 19:16:20.472  DEBUG [main] o.m.s.m.ClassPathMapperScanner - Identified candidate component class: file [D:\WorkSpace\idea\2021.3\Jzq08016MAVEN\JzqSqring\target\classes\mybatis\accountdao.class]
2023-02-15 19:16:20.473  DEBUG [main] o.m.s.m.ClassPathMapperScanner - Ignored because not a concrete top-level class: file [D:\WorkSpace\idea\2021.3\Jzq08016MAVEN\JzqSqring\target\classes\mybatis\accountdaodemo.class]
2023-02-15 19:16:20.473  DEBUG [main] o.m.s.m.ClassPathMapperScanner - Ignored because not a concrete top-level class: file [D:\WorkSpace\idea\2021.3\Jzq08016MAVEN\JzqSqring\target\classes\mybatis\demo.class]
2023-02-15 19:16:20.473  DEBUG [main] o.m.s.m.ClassPathMapperScanner - Ignored because not a concrete top-level class: file [D:\WorkSpace\idea\2021.3\Jzq08016MAVEN\JzqSqring\target\classes\mybatis\demo1.class]
2023-02-15 19:16:20.473  DEBUG [main] o.m.s.m.ClassPathMapperScanner - Ignored because not a concrete top-level class: file [D:\WorkSpace\idea\2021.3\Jzq08016MAVEN\JzqSqring\target\classes\mybatis\jdbcconfig.class]
2023-02-15 19:16:20.473  DEBUG [main] o.m.s.m.ClassPathMapperScanner - Ignored because not a concrete top-level class: file [D:\WorkSpace\idea\2021.3\Jzq08016MAVEN\JzqSqring\target\classes\mybatis\mybatisconfig.class]
2023-02-15 19:16:20.473  DEBUG [main] o.m.s.m.ClassPathMapperScanner - Ignored because not a concrete top-level class: file [D:\WorkSpace\idea\2021.3\Jzq08016MAVEN\JzqSqring\target\classes\mybatis\springconfig.class]
2023-02-15 19:16:20.474  DEBUG [main] o.m.s.m.ClassPathMapperScanner - Creating MapperFactoryBean with name 'accountdao' and 'mybatis.dao.accountdao' mapperInterface
2023-02-15 19:16:20.476  DEBUG [main] o.m.s.m.ClassPathMapperScanner - Enabling autowire by type for MapperFactoryBean with name 'accountdao'.
2023-02-15 19:16:20.478  INFO  [main] o.s.c.a.ConfigurationClassPostProcessor - Cannot enhance @Configuration bean definition 'mybatisconfig' since its singleton instance has been created too early. The typical cause is a non-static @Bean method with a BeanDefinitionRegistryPostProcessor return type: Consider declaring such methods as 'static'.
2023-02-15 19:16:20.527  DEBUG [main] o.s.b.f.s.DefaultListableBeanFactory - Creating shared instance of singleton bean 'org.springframework.context.event.internalEventListenerProcessor'
2023-02-15 19:16:20.528  DEBUG [main] o.s.b.f.s.DefaultListableBeanFactory - Creating shared instance of singleton bean 'org.springframework.context.event.internalEventListenerFactory'
2023-02-15 19:16:20.530  DEBUG [main] o.s.b.f.s.DefaultListableBeanFactory - Creating shared instance of singleton bean 'org.springframework.context.annotation.internalAutowiredAnnotationProcessor'
2023-02-15 19:16:20.531  DEBUG [main] o.s.b.f.s.DefaultListableBeanFactory - Creating shared instance of singleton bean 'org.springframework.context.annotation.internalCommonAnnotationProcessor'
2023-02-15 19:16:20.538  DEBUG [main] o.s.b.f.s.DefaultListableBeanFactory - Creating shared instance of singleton bean 'springconfig'
2023-02-15 19:16:20.543  DEBUG [main] o.s.b.f.s.DefaultListableBeanFactory - Creating shared instance of singleton bean 'accountdaodemo'
2023-02-15 19:16:20.558  DEBUG [main] o.s.b.f.s.DefaultListableBeanFactory - Creating shared instance of singleton bean 'accountdao'
2023-02-15 19:16:20.583  DEBUG [main] o.s.b.f.s.DefaultListableBeanFactory - Creating shared instance of singleton bean 'sqlSessionFactory'
2023-02-15 19:16:20.585  DEBUG [main] o.s.b.f.s.DefaultListableBeanFactory - Creating shared instance of singleton bean 'dataSource'
2023-02-15 19:16:20.585  DEBUG [main] o.s.b.f.s.DefaultListableBeanFactory - Creating shared instance of singleton bean 'jdbcconfig'
2023-02-15 19:16:20.621  DEBUG [main] o.s.b.f.s.DefaultListableBeanFactory - Autowiring by type from bean name 'sqlSessionFactory' via factory method to bean named 'dataSource'
2023-02-15 19:16:20.624  WARN  [main] o.s.c.a.AnnotationConfigApplicationContext - Exception encountered during context initialization - cancelling refresh attempt: org.springframework.beans.factory.UnsatisfiedDependencyException: Error creating bean with name 'accountdaodemo': Unsatisfied dependency expressed through field 'ad'; nested exception is org.springframework.beans.factory.UnsatisfiedDependencyException: Error creating bean with name 'accountdao' defined in file [D:\WorkSpace\idea\2021.3\Jzq08016MAVEN\JzqSqring\target\classes\mybatis\accountdao.class]: Unsatisfied dependency expressed through bean property 'sqlSessionFactory'; nested exception is org.springframework.beans.factory.BeanCreationException: Error creating bean with name 'sqlSessionFactory' defined in class path resource [mybatis/mybatisconfig.class]: Bean instantiation via factory method failed; nested exception is org.springframework.beans.BeanInstantiationException: Failed to instantiate [org.mybatis.spring.SqlSessionFactoryBean]: Factory method 'sqlSessionFactory' threw exception; nested exception is java.lang.UnsupportedClassVersionError: org/springframework/jdbc/datasource/TransactionAwareDataSourceProxy has been compiled by a more recent version of the Java Runtime (class file version 61.0), this version of the Java Runtime only recognizes class file versions up to 60.0
2023-02-15 19:16:20.624  INFO  [main] c.a.d.p.DruidDataSource - {dataSource-0} closing ...
2023-02-15 19:29:35.236  DEBUG [main] o.s.c.a.AnnotationConfigApplicationContext - Refreshing org.springframework.context.annotation.AnnotationConfigApplicationContext@163e4e87
2023-02-15 19:29:35.247  DEBUG [main] o.s.b.f.s.DefaultListableBeanFactory - Creating shared instance of singleton bean 'org.springframework.context.annotation.internalConfigurationAnnotationProcessor'
2023-02-15 19:29:35.287  DEBUG [main] o.s.c.a.ClassPathBeanDefinitionScanner - Identified candidate component class: file [D:\WorkSpace\idea\2021.3\Jzq08016MAVEN\JzqSqring\target\classes\mybatis\accountdaodemo.class]
2023-02-15 19:29:35.294  DEBUG [main] o.s.c.a.ClassPathBeanDefinitionScanner - Identified candidate component class: file [D:\WorkSpace\idea\2021.3\Jzq08016MAVEN\JzqSqring\target\classes\mybatis\mybatisconfig.class]
2023-02-15 19:29:35.301  DEBUG [main] o.s.c.a.ClassPathBeanDefinitionScanner - Identified candidate component class: file [D:\WorkSpace\idea\2021.3\Jzq08016MAVEN\JzqSqring\target\classes\mybatis\accountdaodemo.class]
2023-02-15 19:29:35.301  DEBUG [main] o.s.c.a.ClassPathBeanDefinitionScanner - Identified candidate component class: file [D:\WorkSpace\idea\2021.3\Jzq08016MAVEN\JzqSqring\target\classes\mybatis\springconfig.class]
2023-02-15 19:29:35.326  DEBUG [main] o.s.b.f.s.DefaultListableBeanFactory - Creating shared instance of singleton bean 'mapperScannerConfigurer'
2023-02-15 19:29:35.328  DEBUG [main] o.s.b.f.s.DefaultListableBeanFactory - Creating shared instance of singleton bean 'mybatisconfig'
2023-02-15 19:29:35.333  DEBUG [main] o.a.i.l.LogFactory - Logging initialized using 'class org.apache.ibatis.logging.slf4j.Slf4jImpl' adapter.
2023-02-15 19:29:35.336  DEBUG [main] o.m.s.m.ClassPathMapperScanner - Identified candidate component class: file [D:\WorkSpace\idea\2021.3\Jzq08016MAVEN\JzqSqring\target\classes\mybatis\dao\accountdao.class]
2023-02-15 19:29:35.337  DEBUG [main] o.m.s.m.ClassPathMapperScanner - Creating MapperFactoryBean with name 'accountdao' and 'mybatis.dao.accountdao' mapperInterface
2023-02-15 19:29:35.339  DEBUG [main] o.m.s.m.ClassPathMapperScanner - Enabling autowire by type for MapperFactoryBean with name 'accountdao'.
2023-02-15 19:29:35.342  INFO  [main] o.s.c.a.ConfigurationClassPostProcessor - Cannot enhance @Configuration bean definition 'mybatisconfig' since its singleton instance has been created too early. The typical cause is a non-static @Bean method with a BeanDefinitionRegistryPostProcessor return type: Consider declaring such methods as 'static'.
2023-02-15 19:29:35.386  DEBUG [main] o.s.b.f.s.DefaultListableBeanFactory - Creating shared instance of singleton bean 'org.springframework.context.event.internalEventListenerProcessor'
2023-02-15 19:29:35.388  DEBUG [main] o.s.b.f.s.DefaultListableBeanFactory - Creating shared instance of singleton bean 'org.springframework.context.event.internalEventListenerFactory'
2023-02-15 19:29:35.389  DEBUG [main] o.s.b.f.s.DefaultListableBeanFactory - Creating shared instance of singleton bean 'org.springframework.context.annotation.internalAutowiredAnnotationProcessor'
2023-02-15 19:29:35.391  DEBUG [main] o.s.b.f.s.DefaultListableBeanFactory - Creating shared instance of singleton bean 'org.springframework.context.annotation.internalCommonAnnotationProcessor'
2023-02-15 19:29:35.399  DEBUG [main] o.s.b.f.s.DefaultListableBeanFactory - Creating shared instance of singleton bean 'springconfig'
2023-02-15 19:29:35.403  DEBUG [main] o.s.b.f.s.DefaultListableBeanFactory - Creating shared instance of singleton bean 'accountdaodemo'
2023-02-15 19:29:35.418  DEBUG [main] o.s.b.f.s.DefaultListableBeanFactory - Creating shared instance of singleton bean 'accountdao'
2023-02-15 19:29:35.436  DEBUG [main] o.s.b.f.s.DefaultListableBeanFactory - Creating shared instance of singleton bean 'sqlSessionFactory'
2023-02-15 19:29:35.437  DEBUG [main] o.s.b.f.s.DefaultListableBeanFactory - Creating shared instance of singleton bean 'dataSource'
2023-02-15 19:29:35.438  DEBUG [main] o.s.b.f.s.DefaultListableBeanFactory - Creating shared instance of singleton bean 'mybatis.jdbcconfig'
2023-02-15 19:29:35.468  DEBUG [main] o.s.b.f.s.DefaultListableBeanFactory - Autowiring by type from bean name 'sqlSessionFactory' via factory method to bean named 'dataSource'
2023-02-15 19:29:35.471  WARN  [main] o.s.c.a.AnnotationConfigApplicationContext - Exception encountered during context initialization - cancelling refresh attempt: org.springframework.beans.factory.UnsatisfiedDependencyException: Error creating bean with name 'accountdaodemo': Unsatisfied dependency expressed through field 'ad'; nested exception is org.springframework.beans.factory.UnsatisfiedDependencyException: Error creating bean with name 'accountdao' defined in file [D:\WorkSpace\idea\2021.3\Jzq08016MAVEN\JzqSqring\target\classes\mybatis\dao\accountdao.class]: Unsatisfied dependency expressed through bean property 'sqlSessionFactory'; nested exception is org.springframework.beans.factory.BeanCreationException: Error creating bean with name 'sqlSessionFactory' defined in class path resource [mybatis/mybatisconfig.class]: Bean instantiation via factory method failed; nested exception is org.springframework.beans.BeanInstantiationException: Failed to instantiate [org.mybatis.spring.SqlSessionFactoryBean]: Factory method 'sqlSessionFactory' threw exception; nested exception is java.lang.UnsupportedClassVersionError: org/springframework/jdbc/datasource/TransactionAwareDataSourceProxy has been compiled by a more recent version of the Java Runtime (class file version 61.0), this version of the Java Runtime only recognizes class file versions up to 60.0
2023-02-15 19:29:35.472  INFO  [main] c.a.d.p.DruidDataSource - {dataSource-0} closing ...
2023-02-15 19:54:16.572  DEBUG [main] o.s.c.a.AnnotationConfigApplicationContext - Refreshing org.springframework.context.annotation.AnnotationConfigApplicationContext@163e4e87
2023-02-15 19:54:16.583  DEBUG [main] o.s.b.f.s.DefaultListableBeanFactory - Creating shared instance of singleton bean 'org.springframework.context.annotation.internalConfigurationAnnotationProcessor'
2023-02-15 19:54:16.630  DEBUG [main] o.s.c.a.ClassPathBeanDefinitionScanner - Identified candidate component class: file [D:\WorkSpace\idea\2021.3\Jzq08016MAVEN\JzqSqring\target\classes\mybatis\mybatisconfig.class]
2023-02-15 19:54:16.632  DEBUG [main] o.s.c.a.ClassPathBeanDefinitionScanner - Identified candidate component class: file [D:\WorkSpace\idea\2021.3\Jzq08016MAVEN\JzqSqring\target\classes\mybatis\service\accountserviceimpl.class]
2023-02-15 19:54:16.638  DEBUG [main] o.s.c.a.ClassPathBeanDefinitionScanner - Identified candidate component class: file [D:\WorkSpace\idea\2021.3\Jzq08016MAVEN\JzqSqring\target\classes\mybatis\service\accountserviceimpl.class]
2023-02-15 19:54:16.638  DEBUG [main] o.s.c.a.ClassPathBeanDefinitionScanner - Identified candidate component class: file [D:\WorkSpace\idea\2021.3\Jzq08016MAVEN\JzqSqring\target\classes\mybatis\springconfig.class]
2023-02-15 19:54:16.668  DEBUG [main] o.s.b.f.s.DefaultListableBeanFactory - Creating shared instance of singleton bean 'mapperScannerConfigurer'
2023-02-15 19:54:16.669  DEBUG [main] o.s.b.f.s.DefaultListableBeanFactory - Creating shared instance of singleton bean 'mybatisconfig'
2023-02-15 19:54:16.674  DEBUG [main] o.a.i.l.LogFactory - Logging initialized using 'class org.apache.ibatis.logging.slf4j.Slf4jImpl' adapter.
2023-02-15 19:54:16.677  DEBUG [main] o.m.s.m.ClassPathMapperScanner - Identified candidate component class: file [D:\WorkSpace\idea\2021.3\Jzq08016MAVEN\JzqSqring\target\classes\mybatis\dao\accountdao.class]
2023-02-15 19:54:16.678  DEBUG [main] o.m.s.m.ClassPathMapperScanner - Creating MapperFactoryBean with name 'accountdao' and 'mybatis.dao.accountdao' mapperInterface
2023-02-15 19:54:16.680  DEBUG [main] o.m.s.m.ClassPathMapperScanner - Enabling autowire by type for MapperFactoryBean with name 'accountdao'.
2023-02-15 19:54:16.682  INFO  [main] o.s.c.a.ConfigurationClassPostProcessor - Cannot enhance @Configuration bean definition 'mybatisconfig' since its singleton instance has been created too early. The typical cause is a non-static @Bean method with a BeanDefinitionRegistryPostProcessor return type: Consider declaring such methods as 'static'.
2023-02-15 19:54:16.726  DEBUG [main] o.s.b.f.s.DefaultListableBeanFactory - Creating shared instance of singleton bean 'org.springframework.context.event.internalEventListenerProcessor'
2023-02-15 19:54:16.727  DEBUG [main] o.s.b.f.s.DefaultListableBeanFactory - Creating shared instance of singleton bean 'org.springframework.context.event.internalEventListenerFactory'
2023-02-15 19:54:16.729  DEBUG [main] o.s.b.f.s.DefaultListableBeanFactory - Creating shared instance of singleton bean 'org.springframework.context.annotation.internalAutowiredAnnotationProcessor'
2023-02-15 19:54:16.730  DEBUG [main] o.s.b.f.s.DefaultListableBeanFactory - Creating shared instance of singleton bean 'org.springframework.context.annotation.internalCommonAnnotationProcessor'
2023-02-15 19:54:16.738  DEBUG [main] o.s.b.f.s.DefaultListableBeanFactory - Creating shared instance of singleton bean 'springconfig'
2023-02-15 19:54:16.742  DEBUG [main] o.s.b.f.s.DefaultListableBeanFactory - Creating shared instance of singleton bean 'accountserviceimpl'
2023-02-15 19:54:16.758  DEBUG [main] o.s.b.f.s.DefaultListableBeanFactory - Creating shared instance of singleton bean 'accountdao'
2023-02-15 19:54:16.776  DEBUG [main] o.s.b.f.s.DefaultListableBeanFactory - Creating shared instance of singleton bean 'sqlSessionFactory'
2023-02-15 19:54:16.777  DEBUG [main] o.s.b.f.s.DefaultListableBeanFactory - Creating shared instance of singleton bean 'dataSource'
2023-02-15 19:54:16.777  DEBUG [main] o.s.b.f.s.DefaultListableBeanFactory - Creating shared instance of singleton bean 'mybatis.jdbcconfig'
2023-02-15 19:54:16.780  DEBUG [main] o.s.c.e.PropertySourcesPropertyResolver - Found key 'jdbc.driver' in PropertySource 'class path resource [jdbc.properties]' with value of type String
2023-02-15 19:54:16.780  DEBUG [main] o.s.c.e.PropertySourcesPropertyResolver - Found key 'jdbc.url' in PropertySource 'class path resource [jdbc.properties]' with value of type String
2023-02-15 19:54:16.780  DEBUG [main] o.s.c.e.PropertySourcesPropertyResolver - Found key 'jdbc.username' in PropertySource 'class path resource [jdbc.properties]' with value of type String
2023-02-15 19:54:16.781  DEBUG [main] o.s.c.e.PropertySourcesPropertyResolver - Found key 'jdbc.password' in PropertySource 'class path resource [jdbc.properties]' with value of type String
2023-02-15 19:54:16.809  DEBUG [main] o.s.b.f.s.DefaultListableBeanFactory - Autowiring by type from bean name 'sqlSessionFactory' via factory method to bean named 'dataSource'
2023-02-15 19:54:16.812  WARN  [main] o.s.c.a.AnnotationConfigApplicationContext - Exception encountered during context initialization - cancelling refresh attempt: org.springframework.beans.factory.UnsatisfiedDependencyException: Error creating bean with name 'accountserviceimpl': Unsatisfied dependency expressed through field 'ac'; nested exception is org.springframework.beans.factory.UnsatisfiedDependencyException: Error creating bean with name 'accountdao' defined in file [D:\WorkSpace\idea\2021.3\Jzq08016MAVEN\JzqSqring\target\classes\mybatis\dao\accountdao.class]: Unsatisfied dependency expressed through bean property 'sqlSessionFactory'; nested exception is org.springframework.beans.factory.BeanCreationException: Error creating bean with name 'sqlSessionFactory' defined in class path resource [mybatis/mybatisconfig.class]: Bean instantiation via factory method failed; nested exception is org.springframework.beans.BeanInstantiationException: Failed to instantiate [org.mybatis.spring.SqlSessionFactoryBean]: Factory method 'sqlSessionFactory' threw exception; nested exception is java.lang.UnsupportedClassVersionError: org/springframework/jdbc/datasource/TransactionAwareDataSourceProxy has been compiled by a more recent version of the Java Runtime (class file version 61.0), this version of the Java Runtime only recognizes class file versions up to 60.0
2023-02-15 19:54:16.812  INFO  [main] c.a.d.p.DruidDataSource - {dataSource-0} closing ...
2023-02-15 20:01:39.076  DEBUG [main] o.s.c.a.AnnotationConfigApplicationContext - Refreshing org.springframework.context.annotation.AnnotationConfigApplicationContext@163e4e87
2023-02-15 20:01:39.087  DEBUG [main] o.s.b.f.s.DefaultListableBeanFactory - Creating shared instance of singleton bean 'org.springframework.context.annotation.internalConfigurationAnnotationProcessor'
2023-02-15 20:01:39.134  DEBUG [main] o.s.c.a.ClassPathBeanDefinitionScanner - Identified candidate component class: file [D:\WorkSpace\idea\2021.3\Jzq08016MAVEN\JzqSqring\target\classes\mybatis\mybatisconfig.class]
2023-02-15 20:01:39.136  DEBUG [main] o.s.c.a.ClassPathBeanDefinitionScanner - Identified candidate component class: file [D:\WorkSpace\idea\2021.3\Jzq08016MAVEN\JzqSqring\target\classes\mybatis\service\accountserviceimpl.class]
2023-02-15 20:01:39.141  DEBUG [main] o.s.c.a.ClassPathBeanDefinitionScanner - Identified candidate component class: file [D:\WorkSpace\idea\2021.3\Jzq08016MAVEN\JzqSqring\target\classes\mybatis\service\accountserviceimpl.class]
2023-02-15 20:01:39.141  DEBUG [main] o.s.c.a.ClassPathBeanDefinitionScanner - Identified candidate component class: file [D:\WorkSpace\idea\2021.3\Jzq08016MAVEN\JzqSqring\target\classes\mybatis\springconfig.class]
2023-02-15 20:01:39.166  DEBUG [main] o.s.b.f.s.DefaultListableBeanFactory - Creating shared instance of singleton bean 'mapperScannerConfigurer'
2023-02-15 20:01:39.168  DEBUG [main] o.s.b.f.s.DefaultListableBeanFactory - Creating shared instance of singleton bean 'mybatisconfig'
2023-02-15 20:01:39.173  DEBUG [main] o.a.i.l.LogFactory - Logging initialized using 'class org.apache.ibatis.logging.slf4j.Slf4jImpl' adapter.
2023-02-15 20:06:55.501  DEBUG [main] o.s.c.a.AnnotationConfigApplicationContext - Refreshing org.springframework.context.annotation.AnnotationConfigApplicationContext@163e4e87
2023-02-15 20:06:55.514  DEBUG [main] o.s.b.f.s.DefaultListableBeanFactory - Creating shared instance of singleton bean 'org.springframework.context.annotation.internalConfigurationAnnotationProcessor'
2023-02-15 20:06:55.562  DEBUG [main] o.s.c.a.ClassPathBeanDefinitionScanner - Identified candidate component class: file [D:\WorkSpace\idea\2021.3\Jzq08016MAVEN\JzqSqring\target\classes\mybatis\mybatisconfig.class]
2023-02-15 20:06:55.564  DEBUG [main] o.s.c.a.ClassPathBeanDefinitionScanner - Identified candidate component class: file [D:\WorkSpace\idea\2021.3\Jzq08016MAVEN\JzqSqring\target\classes\mybatis\service\accountserviceimpl.class]
2023-02-15 20:06:55.569  DEBUG [main] o.s.c.a.ClassPathBeanDefinitionScanner - Identified candidate component class: file [D:\WorkSpace\idea\2021.3\Jzq08016MAVEN\JzqSqring\target\classes\mybatis\service\accountserviceimpl.class]
2023-02-15 20:06:55.570  DEBUG [main] o.s.c.a.ClassPathBeanDefinitionScanner - Identified candidate component class: file [D:\WorkSpace\idea\2021.3\Jzq08016MAVEN\JzqSqring\target\classes\mybatis\springconfig.class]
2023-02-15 20:06:55.597  DEBUG [main] o.s.b.f.s.DefaultListableBeanFactory - Creating shared instance of singleton bean 'mapperScannerConfigurer'
2023-02-15 20:06:55.599  DEBUG [main] o.s.b.f.s.DefaultListableBeanFactory - Creating shared instance of singleton bean 'mybatisconfig'
2023-02-15 20:06:55.604  DEBUG [main] o.a.i.l.LogFactory - Logging initialized using 'class org.apache.ibatis.logging.slf4j.Slf4jImpl' adapter.
2023-02-15 20:27:39.087  DEBUG [main] o.s.c.a.AnnotationConfigApplicationContext - Refreshing org.springframework.context.annotation.AnnotationConfigApplicationContext@163e4e87
2023-02-15 20:27:39.098  DEBUG [main] o.s.b.f.s.DefaultListableBeanFactory - Creating shared instance of singleton bean 'org.springframework.context.annotation.internalConfigurationAnnotationProcessor'
2023-02-15 20:27:39.146  DEBUG [main] o.s.c.a.ClassPathBeanDefinitionScanner - Identified candidate component class: file [D:\WorkSpace\idea\2021.3\Jzq08016MAVEN\JzqSqring\target\classes\mybatis\mybatisconfig.class]
2023-02-15 20:27:39.148  DEBUG [main] o.s.c.a.ClassPathBeanDefinitionScanner - Identified candidate component class: file [D:\WorkSpace\idea\2021.3\Jzq08016MAVEN\JzqSqring\target\classes\mybatis\service\accountserviceimpl.class]
2023-02-15 20:27:39.153  DEBUG [main] o.s.c.a.ClassPathBeanDefinitionScanner - Identified candidate component class: file [D:\WorkSpace\idea\2021.3\Jzq08016MAVEN\JzqSqring\target\classes\mybatis\service\accountserviceimpl.class]
2023-02-15 20:27:39.153  DEBUG [main] o.s.c.a.ClassPathBeanDefinitionScanner - Identified candidate component class: file [D:\WorkSpace\idea\2021.3\Jzq08016MAVEN\JzqSqring\target\classes\mybatis\springconfig.class]
2023-02-15 20:27:39.180  DEBUG [main] o.s.b.f.s.DefaultListableBeanFactory - Creating shared instance of singleton bean 'mapperScannerConfigurer'
2023-02-15 20:27:39.182  DEBUG [main] o.s.b.f.s.DefaultListableBeanFactory - Creating shared instance of singleton bean 'mybatisconfig'
2023-02-15 20:27:39.186  DEBUG [main] o.a.i.l.LogFactory - Logging initialized using 'class org.apache.ibatis.logging.slf4j.Slf4jImpl' adapter.
2023-02-15 20:27:39.189  DEBUG [main] o.m.s.m.ClassPathMapperScanner - Identified candidate component class: file [D:\WorkSpace\idea\2021.3\Jzq08016MAVEN\JzqSqring\target\classes\mybatis\dao\accountdao.class]
2023-02-15 20:27:39.190  DEBUG [main] o.m.s.m.ClassPathMapperScanner - Creating MapperFactoryBean with name 'accountdao' and 'mybatis.dao.accountdao' mapperInterface
2023-02-15 20:27:39.192  DEBUG [main] o.m.s.m.ClassPathMapperScanner - Enabling autowire by type for MapperFactoryBean with name 'accountdao'.
2023-02-15 20:27:39.193  INFO  [main] o.s.c.a.ConfigurationClassPostProcessor - Cannot enhance @Configuration bean definition 'mybatisconfig' since its singleton instance has been created too early. The typical cause is a non-static @Bean method with a BeanDefinitionRegistryPostProcessor return type: Consider declaring such methods as 'static'.
2023-02-15 20:27:39.237  DEBUG [main] o.s.b.f.s.DefaultListableBeanFactory - Creating shared instance of singleton bean 'org.springframework.context.event.internalEventListenerProcessor'
2023-02-15 20:27:39.238  DEBUG [main] o.s.b.f.s.DefaultListableBeanFactory - Creating shared instance of singleton bean 'org.springframework.context.event.internalEventListenerFactory'
2023-02-15 20:27:39.239  DEBUG [main] o.s.b.f.s.DefaultListableBeanFactory - Creating shared instance of singleton bean 'org.springframework.context.annotation.internalAutowiredAnnotationProcessor'
2023-02-15 20:27:39.240  DEBUG [main] o.s.b.f.s.DefaultListableBeanFactory - Creating shared instance of singleton bean 'org.springframework.context.annotation.internalCommonAnnotationProcessor'
2023-02-15 20:27:39.247  DEBUG [main] o.s.b.f.s.DefaultListableBeanFactory - Creating shared instance of singleton bean 'springconfig'
2023-02-15 20:27:39.251  DEBUG [main] o.s.b.f.s.DefaultListableBeanFactory - Creating shared instance of singleton bean 'accountserviceimpl'
2023-02-15 20:27:39.265  DEBUG [main] o.s.b.f.s.DefaultListableBeanFactory - Creating shared instance of singleton bean 'accountdao'
2023-02-15 20:27:39.283  DEBUG [main] o.s.b.f.s.DefaultListableBeanFactory - Creating shared instance of singleton bean 'sqlSessionFactory'
2023-02-15 20:27:39.284  DEBUG [main] o.s.b.f.s.DefaultListableBeanFactory - Creating shared instance of singleton bean 'dataSource'
2023-02-15 20:27:39.285  DEBUG [main] o.s.b.f.s.DefaultListableBeanFactory - Creating shared instance of singleton bean 'mybatis.jdbcconfig'
2023-02-15 20:27:39.288  DEBUG [main] o.s.c.e.PropertySourcesPropertyResolver - Found key 'jdbc.driver' in PropertySource 'class path resource [jdbc.properties]' with value of type String
2023-02-15 20:27:39.288  DEBUG [main] o.s.c.e.PropertySourcesPropertyResolver - Found key 'jdbc.url' in PropertySource 'class path resource [jdbc.properties]' with value of type String
2023-02-15 20:27:39.288  DEBUG [main] o.s.c.e.PropertySourcesPropertyResolver - Found key 'jdbc.username' in PropertySource 'class path resource [jdbc.properties]' with value of type String
2023-02-15 20:27:39.289  DEBUG [main] o.s.c.e.PropertySourcesPropertyResolver - Found key 'jdbc.password' in PropertySource 'class path resource [jdbc.properties]' with value of type String
2023-02-15 20:27:39.314  DEBUG [main] o.s.b.f.s.DefaultListableBeanFactory - Autowiring by type from bean name 'sqlSessionFactory' via factory method to bean named 'dataSource'
2023-02-15 20:27:39.322  DEBUG [main] o.m.s.SqlSessionFactoryBean - Property 'configuration' or 'configLocation' not specified, using default MyBatis Configuration
2023-02-15 20:27:39.363  DEBUG [main] o.m.s.SqlSessionFactoryBean - Property 'mapperLocations' was not specified or no matching resources found
2023-02-15 20:27:39.421  DEBUG [main] o.m.s.SqlSessionUtils - Creating a new SqlSession
2023-02-15 20:27:39.426  DEBUG [main] o.m.s.SqlSessionUtils - SqlSession [org.apache.ibatis.session.defaults.DefaultSqlSession@e077866] was not registered for synchronization because synchronization is not active
2023-02-15 20:27:39.432  DEBUG [main] o.s.j.d.DataSourceUtils - Fetching JDBC Connection from DataSource
2023-02-15 20:27:39.569  INFO  [main] c.a.d.p.DruidDataSource - {dataSource-1} inited
2023-02-15 20:27:39.715  DEBUG [main] o.m.s.t.SpringManagedTransaction - JDBC Connection [com.mysql.cj.jdbc.ConnectionImpl@1b11ef33] will not be managed by Spring
2023-02-15 20:27:39.720  DEBUG [main] m.d.a.select - ==>  Preparing: select * from demo1
2023-02-15 20:27:39.739  DEBUG [main] m.d.a.select - ==> Parameters: 
2023-02-15 20:27:39.773  DEBUG [main] m.d.a.select - <==      Total: 6
2023-02-15 20:27:39.775  DEBUG [main] o.m.s.SqlSessionUtils - Closing non transactional SqlSession [org.apache.ibatis.session.defaults.DefaultSqlSession@e077866]
