2023-07-09 18:55:08.268  DEBUG [main] o.s.t.c.j.SpringJUnit4ClassRunner - SpringJUnit4ClassRunner constructor called with [class transaction.test.AccountServiceTest]
2023-07-09 18:55:08.278  DEBUG [main] o.s.t.c.BootstrapUtils - Instantiating CacheAwareContextLoaderDelegate from class [org.springframework.test.context.cache.DefaultCacheAwareContextLoaderDelegate]
2023-07-09 18:55:08.288  DEBUG [main] o.s.t.c.BootstrapUtils - Instantiating BootstrapContext using constructor [public org.springframework.test.context.support.DefaultBootstrapContext(java.lang.Class,org.springframework.test.context.CacheAwareContextLoaderDelegate)]
2023-07-09 18:55:08.326  DEBUG [main] o.s.t.c.BootstrapUtils - Instantiating TestContextBootstrapper for test class [transaction.test.AccountServiceTest] from class [org.springframework.test.context.support.DefaultTestContextBootstrapper]
2023-07-09 18:55:08.349  DEBUG [main] o.s.t.c.s.AbstractDelegatingSmartContextLoader - Delegating to AnnotationConfigContextLoader to process context configuration [ContextConfigurationAttributes@4470f8a6 declaringClass = 'transaction.test.AccountServiceTest', classes = '{class transaction.springconfig}', locations = '{}', inheritLocations = true, initializers = '{}', inheritInitializers = true, name = [null], contextLoaderClass = 'org.springframework.test.context.ContextLoader'].
2023-07-09 18:55:08.372  DEBUG [main] o.s.t.c.s.ActiveProfilesUtils - Could not find an 'annotation declaring class' for annotation type [org.springframework.test.context.ActiveProfiles] and class [transaction.test.AccountServiceTest]
2023-07-09 18:55:08.374  DEBUG [main] o.s.t.c.s.DefaultTestContextBootstrapper - @TestExecutionListeners is not present for class [transaction.test.AccountServiceTest]: using defaults.
2023-07-09 18:55:08.374  INFO  [main] o.s.t.c.s.DefaultTestContextBootstrapper - Loaded default TestExecutionListener class names from location [META-INF/spring.factories]: [org.springframework.test.context.web.ServletTestExecutionListener, org.springframework.test.context.support.DirtiesContextBeforeModesTestExecutionListener, org.springframework.test.context.event.ApplicationEventsTestExecutionListener, org.springframework.test.context.support.DependencyInjectionTestExecutionListener, org.springframework.test.context.support.DirtiesContextTestExecutionListener, org.springframework.test.context.transaction.TransactionalTestExecutionListener, org.springframework.test.context.jdbc.SqlScriptsTestExecutionListener, org.springframework.test.context.event.EventPublishingTestExecutionListener]
2023-07-09 18:55:08.380  DEBUG [main] o.s.t.c.s.DefaultTestContextBootstrapper - Skipping candidate TestExecutionListener [org.springframework.test.context.web.ServletTestExecutionListener] due to a missing dependency. Specify custom listener classes or make the default listener classes and their required dependencies available. Offending class: [javax/servlet/ServletContext]
2023-07-09 18:55:08.390  INFO  [main] o.s.t.c.s.DefaultTestContextBootstrapper - Using TestExecutionListeners: [org.springframework.test.context.support.DirtiesContextBeforeModesTestExecutionListener@5fbdfdcf, org.springframework.test.context.event.ApplicationEventsTestExecutionListener@4efc180e, org.springframework.test.context.support.DependencyInjectionTestExecutionListener@bd4dc25, org.springframework.test.context.support.DirtiesContextTestExecutionListener@25084a1e, org.springframework.test.context.transaction.TransactionalTestExecutionListener@156b88f5, org.springframework.test.context.jdbc.SqlScriptsTestExecutionListener@3bf9ce3e, org.springframework.test.context.event.EventPublishingTestExecutionListener@16610890]
2023-07-09 18:55:08.392  DEBUG [main] o.s.t.a.ProfileValueUtils - Retrieved @ProfileValueSourceConfiguration [null] for test class [transaction.test.AccountServiceTest]
2023-07-09 18:55:08.393  DEBUG [main] o.s.t.a.ProfileValueUtils - Retrieved ProfileValueSource type [class org.springframework.test.annotation.SystemProfileValueSource] for class [transaction.test.AccountServiceTest]
2023-07-09 18:55:08.405  DEBUG [main] o.s.t.a.ProfileValueUtils - Retrieved @ProfileValueSourceConfiguration [null] for test class [transaction.test.AccountServiceTest]
2023-07-09 18:55:08.405  DEBUG [main] o.s.t.a.ProfileValueUtils - Retrieved ProfileValueSource type [class org.springframework.test.annotation.SystemProfileValueSource] for class [transaction.test.AccountServiceTest]
2023-07-09 18:55:08.406  DEBUG [main] o.s.t.a.ProfileValueUtils - Retrieved @ProfileValueSourceConfiguration [null] for test class [transaction.test.AccountServiceTest]
2023-07-09 18:55:08.406  DEBUG [main] o.s.t.a.ProfileValueUtils - Retrieved ProfileValueSource type [class org.springframework.test.annotation.SystemProfileValueSource] for class [transaction.test.AccountServiceTest]
2023-07-09 18:55:08.407  DEBUG [main] o.s.t.a.ProfileValueUtils - Retrieved @ProfileValueSourceConfiguration [null] for test class [transaction.test.AccountServiceTest]
2023-07-09 18:55:08.407  DEBUG [main] o.s.t.a.ProfileValueUtils - Retrieved ProfileValueSource type [class org.springframework.test.annotation.SystemProfileValueSource] for class [transaction.test.AccountServiceTest]
2023-07-09 18:55:08.409  DEBUG [main] o.s.t.c.s.AbstractDirtiesContextTestExecutionListener - Before test class: context [DefaultTestContext@3a44431a testClass = AccountServiceTest, testInstance = [null], testMethod = [null], testException = [null], mergedContextConfiguration = [MergedContextConfiguration@3c7f66c4 testClass = AccountServiceTest, locations = '{}', classes = '{class transaction.springconfig}', contextInitializerClasses = '[]', activeProfiles = '{}', propertySourceLocations = '{}', propertySourceProperties = '{}', contextCustomizers = set[[empty]], contextLoader = 'org.springframework.test.context.support.DelegatingSmartContextLoader', parent = [null]], attributes = map[[empty]]], class annotated with @DirtiesContext [false] with mode [null].
2023-07-09 18:55:08.411  DEBUG [main] o.s.t.a.ProfileValueUtils - Retrieved @ProfileValueSourceConfiguration [null] for test class [transaction.test.AccountServiceTest]
2023-07-09 18:55:08.411  DEBUG [main] o.s.t.a.ProfileValueUtils - Retrieved ProfileValueSource type [class org.springframework.test.annotation.SystemProfileValueSource] for class [transaction.test.AccountServiceTest]
2023-07-09 18:55:08.413  DEBUG [main] o.s.t.c.s.DependencyInjectionTestExecutionListener - Performing dependency injection for test context [[DefaultTestContext@3a44431a testClass = AccountServiceTest, testInstance = transaction.test.AccountServiceTest@3cebbb30, testMethod = [null], testException = [null], mergedContextConfiguration = [MergedContextConfiguration@3c7f66c4 testClass = AccountServiceTest, locations = '{}', classes = '{class transaction.springconfig}', contextInitializerClasses = '[]', activeProfiles = '{}', propertySourceLocations = '{}', propertySourceProperties = '{}', contextCustomizers = set[[empty]], contextLoader = 'org.springframework.test.context.support.DelegatingSmartContextLoader', parent = [null]], attributes = map['org.springframework.test.context.event.ApplicationEventsTestExecutionListener.recordApplicationEvents' -> false]]].
2023-07-09 18:55:08.413  DEBUG [main] o.s.t.c.s.AbstractDelegatingSmartContextLoader - Delegating to AnnotationConfigContextLoader to load context from [MergedContextConfiguration@3c7f66c4 testClass = AccountServiceTest, locations = '{}', classes = '{class transaction.springconfig}', contextInitializerClasses = '[]', activeProfiles = '{}', propertySourceLocations = '{}', propertySourceProperties = '{}', contextCustomizers = set[[empty]], contextLoader = 'org.springframework.test.context.support.DelegatingSmartContextLoader', parent = [null]].
2023-07-09 18:55:08.414  DEBUG [main] o.s.t.c.s.AbstractGenericContextLoader - Loading ApplicationContext for merged context configuration [[MergedContextConfiguration@3c7f66c4 testClass = AccountServiceTest, locations = '{}', classes = '{class transaction.springconfig}', contextInitializerClasses = '[]', activeProfiles = '{}', propertySourceLocations = '{}', propertySourceProperties = '{}', contextCustomizers = set[[empty]], contextLoader = 'org.springframework.test.context.support.DelegatingSmartContextLoader', parent = [null]]].
2023-07-09 18:55:08.450  DEBUG [main] o.s.c.e.StandardEnvironment - Activating profiles []
2023-07-09 18:55:08.451  DEBUG [main] o.s.t.c.s.AnnotationConfigContextLoader - Registering component classes: {class transaction.springconfig}
2023-07-09 18:55:08.499  DEBUG [main] o.s.c.s.GenericApplicationContext - Refreshing org.springframework.context.support.GenericApplicationContext@7b36aa0c
2023-07-09 18:55:08.517  DEBUG [main] o.s.b.f.s.DefaultListableBeanFactory - Creating shared instance of singleton bean 'org.springframework.context.annotation.internalConfigurationAnnotationProcessor'
2023-07-09 18:55:08.585  DEBUG [main] o.s.c.a.ClassPathBeanDefinitionScanner - Identified candidate component class: file [D:\WorkSpace\idea\2021.3\Jzq08016MAVEN\JzqSqring\target\classes\transaction\AccountServiceImpl.class]
2023-07-09 18:55:08.590  DEBUG [main] o.s.c.a.ClassPathBeanDefinitionScanner - Identified candidate component class: file [D:\WorkSpace\idea\2021.3\Jzq08016MAVEN\JzqSqring\target\classes\transaction\jdbcconfig.class]
2023-07-09 18:55:08.591  DEBUG [main] o.s.c.a.ClassPathBeanDefinitionScanner - Identified candidate component class: file [D:\WorkSpace\idea\2021.3\Jzq08016MAVEN\JzqSqring\target\classes\transaction\mybatisconfig.class]
2023-07-09 18:55:08.601  DEBUG [main] o.s.c.a.ClassPathBeanDefinitionScanner - Identified candidate component class: file [D:\WorkSpace\idea\2021.3\Jzq08016MAVEN\JzqSqring\target\classes\transaction\AccountServiceImpl.class]
2023-07-09 18:55:08.601  DEBUG [main] o.s.c.a.ClassPathBeanDefinitionScanner - Identified candidate component class: file [D:\WorkSpace\idea\2021.3\Jzq08016MAVEN\JzqSqring\target\classes\transaction\jdbcconfig.class]
2023-07-09 18:55:08.601  DEBUG [main] o.s.c.a.ClassPathBeanDefinitionScanner - Identified candidate component class: file [D:\WorkSpace\idea\2021.3\Jzq08016MAVEN\JzqSqring\target\classes\transaction\springconfig.class]
2023-07-09 18:55:08.643  DEBUG [main] o.s.b.f.s.DefaultListableBeanFactory - Creating shared instance of singleton bean 'mapperScannerConfigurer'
2023-07-09 18:55:08.645  DEBUG [main] o.s.b.f.s.DefaultListableBeanFactory - Creating shared instance of singleton bean 'mybatisconfig'
2023-07-09 18:55:08.652  DEBUG [main] o.a.i.l.LogFactory - Logging initialized using 'class org.apache.ibatis.logging.slf4j.Slf4jImpl' adapter.
2023-07-09 18:55:08.655  DEBUG [main] o.m.s.m.ClassPathMapperScanner - Identified candidate component class: file [D:\WorkSpace\idea\2021.3\Jzq08016MAVEN\JzqSqring\target\classes\transaction\dao\AccountDao.class]
2023-07-09 18:55:08.655  DEBUG [main] o.m.s.m.ClassPathMapperScanner - Creating MapperFactoryBean with name 'accountDao' and 'transaction.dao.AccountDao' mapperInterface
2023-07-09 18:55:08.657  DEBUG [main] o.m.s.m.ClassPathMapperScanner - Enabling autowire by type for MapperFactoryBean with name 'accountDao'.
2023-07-09 18:55:08.659  INFO  [main] o.s.c.a.ConfigurationClassPostProcessor - Cannot enhance @Configuration bean definition 'mybatisconfig' since its singleton instance has been created too early. The typical cause is a non-static @Bean method with a BeanDefinitionRegistryPostProcessor return type: Consider declaring such methods as 'static'.
2023-07-09 18:55:08.720  DEBUG [main] o.s.b.f.s.DefaultListableBeanFactory - Creating shared instance of singleton bean 'org.springframework.context.event.internalEventListenerProcessor'
2023-07-09 18:55:08.722  DEBUG [main] o.s.b.f.s.DefaultListableBeanFactory - Creating shared instance of singleton bean 'org.springframework.context.event.internalEventListenerFactory'
2023-07-09 18:55:08.722  DEBUG [main] o.s.b.f.s.DefaultListableBeanFactory - Creating shared instance of singleton bean 'org.springframework.transaction.config.internalTransactionalEventListenerFactory'
2023-07-09 18:55:08.724  DEBUG [main] o.s.b.f.s.DefaultListableBeanFactory - Creating shared instance of singleton bean 'org.springframework.context.annotation.internalAutowiredAnnotationProcessor'
2023-07-09 18:55:08.725  DEBUG [main] o.s.b.f.s.DefaultListableBeanFactory - Creating shared instance of singleton bean 'org.springframework.context.annotation.internalCommonAnnotationProcessor'
2023-07-09 18:55:08.731  DEBUG [main] o.s.b.f.s.DefaultListableBeanFactory - Creating shared instance of singleton bean 'org.springframework.aop.config.internalAutoProxyCreator'
2023-07-09 18:55:08.780  DEBUG [main] o.s.b.f.s.DefaultListableBeanFactory - Creating shared instance of singleton bean 'springconfig'
2023-07-09 18:55:08.782  DEBUG [main] o.s.b.f.s.DefaultListableBeanFactory - Creating shared instance of singleton bean 'org.springframework.transaction.config.internalTransactionAdvisor'
2023-07-09 18:55:08.782  DEBUG [main] o.s.b.f.s.DefaultListableBeanFactory - Creating shared instance of singleton bean 'org.springframework.transaction.annotation.ProxyTransactionManagementConfiguration'
2023-07-09 18:55:08.799  DEBUG [main] o.s.b.f.s.DefaultListableBeanFactory - Creating shared instance of singleton bean 'transactionAttributeSource'
2023-07-09 18:55:08.800  DEBUG [main] o.s.b.f.s.DefaultListableBeanFactory - Creating shared instance of singleton bean 'transactionInterceptor'
2023-07-09 18:55:08.801  DEBUG [main] o.s.b.f.s.DefaultListableBeanFactory - Autowiring by type from bean name 'transactionInterceptor' via factory method to bean named 'transactionAttributeSource'
2023-07-09 18:55:08.807  DEBUG [main] o.s.b.f.s.DefaultListableBeanFactory - Autowiring by type from bean name 'org.springframework.transaction.config.internalTransactionAdvisor' via factory method to bean named 'transactionAttributeSource'
2023-07-09 18:55:08.807  DEBUG [main] o.s.b.f.s.DefaultListableBeanFactory - Autowiring by type from bean name 'org.springframework.transaction.config.internalTransactionAdvisor' via factory method to bean named 'transactionInterceptor'
2023-07-09 18:55:08.812  DEBUG [main] o.s.b.f.s.DefaultListableBeanFactory - Creating shared instance of singleton bean 'accountServiceImpl'
2023-07-09 18:55:08.814  DEBUG [main] o.s.b.f.s.DefaultListableBeanFactory - Creating shared instance of singleton bean 'accountDao'
2023-07-09 18:55:08.820  DEBUG [main] o.s.b.f.s.DefaultListableBeanFactory - Creating shared instance of singleton bean 'sqlSessionFactory'
2023-07-09 18:55:08.821  DEBUG [main] o.s.b.f.s.DefaultListableBeanFactory - Creating shared instance of singleton bean 'dataSource'
2023-07-09 18:55:08.822  DEBUG [main] o.s.b.f.s.DefaultListableBeanFactory - Creating shared instance of singleton bean 'jdbcconfig'
2023-07-09 18:55:08.824  DEBUG [main] o.s.c.e.PropertySourcesPropertyResolver - Found key 'jdbc.driver' in PropertySource 'class path resource [jdbc.properties]' with value of type String
2023-07-09 18:55:08.825  DEBUG [main] o.s.c.e.PropertySourcesPropertyResolver - Found key 'jdbc.url' in PropertySource 'class path resource [jdbc.properties]' with value of type String
2023-07-09 18:55:08.825  DEBUG [main] o.s.c.e.PropertySourcesPropertyResolver - Found key 'jdbc.username' in PropertySource 'class path resource [jdbc.properties]' with value of type String
2023-07-09 18:55:08.825  DEBUG [main] o.s.c.e.PropertySourcesPropertyResolver - Found key 'jdbc.password' in PropertySource 'class path resource [jdbc.properties]' with value of type String
2023-07-09 18:55:08.888  DEBUG [main] o.s.b.f.s.DefaultListableBeanFactory - Autowiring by type from bean name 'sqlSessionFactory' via factory method to bean named 'dataSource'
2023-07-09 18:55:08.895  DEBUG [main] o.m.s.SqlSessionFactoryBean - Property 'configuration' or 'configLocation' not specified, using default MyBatis Configuration
2023-07-09 18:55:08.936  DEBUG [main] o.m.s.SqlSessionFactoryBean - Property 'mapperLocations' was not specified or no matching resources found
2023-07-09 18:55:08.981  DEBUG [main] o.s.b.f.s.DefaultListableBeanFactory - Creating shared instance of singleton bean 'transactionManager'
2023-07-09 18:55:08.982  DEBUG [main] o.s.b.f.s.DefaultListableBeanFactory - Autowiring by type from bean name 'transactionManager' via factory method to bean named 'dataSource'
2023-07-09 18:55:09.001  DEBUG [main] o.s.t.c.c.DefaultCacheAwareContextLoaderDelegate - Storing ApplicationContext [2067180044] in cache under key [[MergedContextConfiguration@3c7f66c4 testClass = AccountServiceTest, locations = '{}', classes = '{class transaction.springconfig}', contextInitializerClasses = '[]', activeProfiles = '{}', propertySourceLocations = '{}', propertySourceProperties = '{}', contextCustomizers = set[[empty]], contextLoader = 'org.springframework.test.context.support.DelegatingSmartContextLoader', parent = [null]]]
2023-07-09 18:55:09.001  DEBUG [main] o.s.t.c.cache - Spring test ApplicationContext cache statistics: [DefaultContextCache@6c4f9535 size = 1, maxSize = 32, parentContextCount = 0, hitCount = 0, missCount = 1]
2023-07-09 18:55:09.004  DEBUG [main] o.s.t.c.c.DefaultCacheAwareContextLoaderDelegate - Retrieved ApplicationContext [2067180044] from cache with key [[MergedContextConfiguration@3c7f66c4 testClass = AccountServiceTest, locations = '{}', classes = '{class transaction.springconfig}', contextInitializerClasses = '[]', activeProfiles = '{}', propertySourceLocations = '{}', propertySourceProperties = '{}', contextCustomizers = set[[empty]], contextLoader = 'org.springframework.test.context.support.DelegatingSmartContextLoader', parent = [null]]]
2023-07-09 18:55:09.005  DEBUG [main] o.s.t.c.cache - Spring test ApplicationContext cache statistics: [DefaultContextCache@6c4f9535 size = 1, maxSize = 32, parentContextCount = 0, hitCount = 1, missCount = 1]
2023-07-09 18:55:09.008  DEBUG [main] o.s.t.c.s.AbstractDirtiesContextTestExecutionListener - Before test method: context [DefaultTestContext@3a44431a testClass = AccountServiceTest, testInstance = transaction.test.AccountServiceTest@3cebbb30, testMethod = testTransfer@AccountServiceTest, testException = [null], mergedContextConfiguration = [MergedContextConfiguration@3c7f66c4 testClass = AccountServiceTest, locations = '{}', classes = '{class transaction.springconfig}', contextInitializerClasses = '[]', activeProfiles = '{}', propertySourceLocations = '{}', propertySourceProperties = '{}', contextCustomizers = set[[empty]], contextLoader = 'org.springframework.test.context.support.DelegatingSmartContextLoader', parent = [null]], attributes = map['org.springframework.test.context.event.ApplicationEventsTestExecutionListener.recordApplicationEvents' -> false]], class annotated with @DirtiesContext [false] with mode [null], method annotated with @DirtiesContext [false] with mode [null].
2023-07-09 18:55:09.015  DEBUG [main] o.s.t.c.c.DefaultCacheAwareContextLoaderDelegate - Retrieved ApplicationContext [2067180044] from cache with key [[MergedContextConfiguration@3c7f66c4 testClass = AccountServiceTest, locations = '{}', classes = '{class transaction.springconfig}', contextInitializerClasses = '[]', activeProfiles = '{}', propertySourceLocations = '{}', propertySourceProperties = '{}', contextCustomizers = set[[empty]], contextLoader = 'org.springframework.test.context.support.DelegatingSmartContextLoader', parent = [null]]]
2023-07-09 18:55:09.015  DEBUG [main] o.s.t.c.cache - Spring test ApplicationContext cache statistics: [DefaultContextCache@6c4f9535 size = 1, maxSize = 32, parentContextCount = 0, hitCount = 2, missCount = 1]
2023-07-09 18:55:09.017  DEBUG [main] o.s.t.c.c.DefaultCacheAwareContextLoaderDelegate - Retrieved ApplicationContext [2067180044] from cache with key [[MergedContextConfiguration@3c7f66c4 testClass = AccountServiceTest, locations = '{}', classes = '{class transaction.springconfig}', contextInitializerClasses = '[]', activeProfiles = '{}', propertySourceLocations = '{}', propertySourceProperties = '{}', contextCustomizers = set[[empty]], contextLoader = 'org.springframework.test.context.support.DelegatingSmartContextLoader', parent = [null]]]
2023-07-09 18:55:09.017  DEBUG [main] o.s.t.c.cache - Spring test ApplicationContext cache statistics: [DefaultContextCache@6c4f9535 size = 1, maxSize = 32, parentContextCount = 0, hitCount = 3, missCount = 1]
2023-07-09 18:55:09.024  DEBUG [main] o.s.j.d.DataSourceTransactionManager - Creating new transaction with name [transaction.service.impl.AccountServiceImpl.transfer]: PROPAGATION_REQUIRED,ISOLATION_DEFAULT,-java.io.IOException
2023-07-09 18:55:09.142  INFO  [main] c.a.d.p.DruidDataSource - {dataSource-1} inited
2023-07-09 18:55:09.301  DEBUG [main] o.s.j.d.DataSourceTransactionManager - Acquired Connection [com.mysql.cj.jdbc.ConnectionImpl@775594f2] for JDBC transaction
2023-07-09 18:55:09.304  DEBUG [main] o.s.j.d.DataSourceTransactionManager - Switching JDBC Connection [com.mysql.cj.jdbc.ConnectionImpl@775594f2] to manual commit
2023-07-09 18:55:09.310  DEBUG [main] o.m.s.SqlSessionUtils - Creating a new SqlSession
2023-07-09 18:55:09.314  DEBUG [main] o.m.s.SqlSessionUtils - Registering transaction synchronization for SqlSession [org.apache.ibatis.session.defaults.DefaultSqlSession@667e34b1]
2023-07-09 18:55:09.320  DEBUG [main] o.m.s.t.SpringManagedTransaction - JDBC Connection [com.mysql.cj.jdbc.ConnectionImpl@775594f2] will be managed by Spring
2023-07-09 18:55:09.326  DEBUG [main] t.d.A.inpassword - ==>  Preparing: update demo1 set password=password+? where username=?
2023-07-09 18:55:09.348  DEBUG [main] t.d.A.inpassword - ==> Parameters: 10.0(Double), fbb(String)
2023-07-09 18:55:09.372  DEBUG [main] t.d.A.inpassword - <==    Updates: 1
2023-07-09 18:55:09.372  DEBUG [main] o.m.s.SqlSessionUtils - Releasing transactional SqlSession [org.apache.ibatis.session.defaults.DefaultSqlSession@667e34b1]
2023-07-09 18:55:09.373  DEBUG [main] o.m.s.SqlSessionUtils - Fetched SqlSession [org.apache.ibatis.session.defaults.DefaultSqlSession@667e34b1] from current transaction
2023-07-09 18:55:09.373  DEBUG [main] t.d.A.outpassword - ==>  Preparing: update demo1 set password=password-? where username=?
2023-07-09 18:55:09.373  DEBUG [main] t.d.A.outpassword - ==> Parameters: 10.0(Double), lbb(String)
2023-07-09 18:55:09.375  DEBUG [main] t.d.A.outpassword - <==    Updates: 3
2023-07-09 18:55:09.375  DEBUG [main] o.m.s.SqlSessionUtils - Releasing transactional SqlSession [org.apache.ibatis.session.defaults.DefaultSqlSession@667e34b1]
2023-07-09 18:55:09.375  DEBUG [main] o.m.s.SqlSessionUtils - Transaction synchronization committing SqlSession [org.apache.ibatis.session.defaults.DefaultSqlSession@667e34b1]
2023-07-09 18:55:09.376  DEBUG [main] o.m.s.SqlSessionUtils - Transaction synchronization deregistering SqlSession [org.apache.ibatis.session.defaults.DefaultSqlSession@667e34b1]
2023-07-09 18:55:09.376  DEBUG [main] o.m.s.SqlSessionUtils - Transaction synchronization closing SqlSession [org.apache.ibatis.session.defaults.DefaultSqlSession@667e34b1]
2023-07-09 18:55:09.376  DEBUG [main] o.s.j.d.DataSourceTransactionManager - Initiating transaction commit
2023-07-09 18:55:09.376  DEBUG [main] o.s.j.d.DataSourceTransactionManager - Committing JDBC transaction on Connection [com.mysql.cj.jdbc.ConnectionImpl@775594f2]
2023-07-09 18:55:09.379  DEBUG [main] o.s.j.d.DataSourceTransactionManager - Releasing JDBC Connection [com.mysql.cj.jdbc.ConnectionImpl@775594f2] after transaction
2023-07-09 18:55:09.381  DEBUG [main] o.s.t.c.c.DefaultCacheAwareContextLoaderDelegate - Retrieved ApplicationContext [2067180044] from cache with key [[MergedContextConfiguration@3c7f66c4 testClass = AccountServiceTest, locations = '{}', classes = '{class transaction.springconfig}', contextInitializerClasses = '[]', activeProfiles = '{}', propertySourceLocations = '{}', propertySourceProperties = '{}', contextCustomizers = set[[empty]], contextLoader = 'org.springframework.test.context.support.DelegatingSmartContextLoader', parent = [null]]]
2023-07-09 18:55:09.381  DEBUG [main] o.s.t.c.cache - Spring test ApplicationContext cache statistics: [DefaultContextCache@6c4f9535 size = 1, maxSize = 32, parentContextCount = 0, hitCount = 4, missCount = 1]
2023-07-09 18:55:09.383  DEBUG [main] o.s.t.c.c.DefaultCacheAwareContextLoaderDelegate - Retrieved ApplicationContext [2067180044] from cache with key [[MergedContextConfiguration@3c7f66c4 testClass = AccountServiceTest, locations = '{}', classes = '{class transaction.springconfig}', contextInitializerClasses = '[]', activeProfiles = '{}', propertySourceLocations = '{}', propertySourceProperties = '{}', contextCustomizers = set[[empty]], contextLoader = 'org.springframework.test.context.support.DelegatingSmartContextLoader', parent = [null]]]
2023-07-09 18:55:09.383  DEBUG [main] o.s.t.c.cache - Spring test ApplicationContext cache statistics: [DefaultContextCache@6c4f9535 size = 1, maxSize = 32, parentContextCount = 0, hitCount = 5, missCount = 1]
2023-07-09 18:55:09.383  DEBUG [main] o.s.t.c.s.AbstractDirtiesContextTestExecutionListener - After test method: context [DefaultTestContext@3a44431a testClass = AccountServiceTest, testInstance = transaction.test.AccountServiceTest@3cebbb30, testMethod = testTransfer@AccountServiceTest, testException = [null], mergedContextConfiguration = [MergedContextConfiguration@3c7f66c4 testClass = AccountServiceTest, locations = '{}', classes = '{class transaction.springconfig}', contextInitializerClasses = '[]', activeProfiles = '{}', propertySourceLocations = '{}', propertySourceProperties = '{}', contextCustomizers = set[[empty]], contextLoader = 'org.springframework.test.context.support.DelegatingSmartContextLoader', parent = [null]], attributes = map['org.springframework.test.context.event.ApplicationEventsTestExecutionListener.recordApplicationEvents' -> false]], class annotated with @DirtiesContext [false] with mode [null], method annotated with @DirtiesContext [false] with mode [null].
2023-07-09 18:55:09.384  DEBUG [main] o.s.t.c.c.DefaultCacheAwareContextLoaderDelegate - Retrieved ApplicationContext [2067180044] from cache with key [[MergedContextConfiguration@3c7f66c4 testClass = AccountServiceTest, locations = '{}', classes = '{class transaction.springconfig}', contextInitializerClasses = '[]', activeProfiles = '{}', propertySourceLocations = '{}', propertySourceProperties = '{}', contextCustomizers = set[[empty]], contextLoader = 'org.springframework.test.context.support.DelegatingSmartContextLoader', parent = [null]]]
2023-07-09 18:55:09.385  DEBUG [main] o.s.t.c.cache - Spring test ApplicationContext cache statistics: [DefaultContextCache@6c4f9535 size = 1, maxSize = 32, parentContextCount = 0, hitCount = 6, missCount = 1]
2023-07-09 18:55:09.385  DEBUG [main] o.s.t.c.s.AbstractDirtiesContextTestExecutionListener - After test class: context [DefaultTestContext@3a44431a testClass = AccountServiceTest, testInstance = [null], testMethod = [null], testException = [null], mergedContextConfiguration = [MergedContextConfiguration@3c7f66c4 testClass = AccountServiceTest, locations = '{}', classes = '{class transaction.springconfig}', contextInitializerClasses = '[]', activeProfiles = '{}', propertySourceLocations = '{}', propertySourceProperties = '{}', contextCustomizers = set[[empty]], contextLoader = 'org.springframework.test.context.support.DelegatingSmartContextLoader', parent = [null]], attributes = map['org.springframework.test.context.event.ApplicationEventsTestExecutionListener.recordApplicationEvents' -> false]], class annotated with @DirtiesContext [false] with mode [null].
2023-07-09 18:55:09.387  DEBUG [SpringContextShutdownHook] o.s.c.s.GenericApplicationContext - Closing org.springframework.context.support.GenericApplicationContext@7b36aa0c, started on Sun Jul 09 18:55:08 CST 2023
2023-07-09 18:55:09.388  INFO  [SpringContextShutdownHook] c.a.d.p.DruidDataSource - {dataSource-1} closing ...
2023-07-09 18:55:09.397  INFO  [SpringContextShutdownHook] c.a.d.p.DruidDataSource - {dataSource-1} closed
