2023-07-06 17:16:04.497  DEBUG [main] o.s.t.c.j.SpringJUnit4ClassRunner - SpringJUnit4ClassRunner constructor called with [class junit.AccountServiceTest]
2023-07-06 17:16:04.502  DEBUG [main] o.s.t.c.BootstrapUtils - Instantiating CacheAwareContextLoaderDelegate from class [org.springframework.test.context.cache.DefaultCacheAwareContextLoaderDelegate]
2023-07-06 17:16:04.507  DEBUG [main] o.s.t.c.BootstrapUtils - Instantiating BootstrapContext using constructor [public org.springframework.test.context.support.DefaultBootstrapContext(java.lang.Class,org.springframework.test.context.CacheAwareContextLoaderDelegate)]
2023-07-06 17:16:04.528  DEBUG [main] o.s.t.c.BootstrapUtils - Instantiating TestContextBootstrapper for test class [junit.AccountServiceTest] from class [org.springframework.test.context.support.DefaultTestContextBootstrapper]
2023-07-06 17:16:04.543  DEBUG [main] o.s.t.c.s.AbstractDelegatingSmartContextLoader - Delegating to AnnotationConfigContextLoader to process context configuration [ContextConfigurationAttributes@4470f8a6 declaringClass = 'junit.AccountServiceTest', classes = '{class mybatis.springconfig}', locations = '{}', inheritLocations = true, initializers = '{}', inheritInitializers = true, name = [null], contextLoaderClass = 'org.springframework.test.context.ContextLoader'].
2023-07-06 17:16:04.560  DEBUG [main] o.s.t.c.s.ActiveProfilesUtils - Could not find an 'annotation declaring class' for annotation type [org.springframework.test.context.ActiveProfiles] and class [junit.AccountServiceTest]
2023-07-06 17:16:04.561  DEBUG [main] o.s.t.c.s.DefaultTestContextBootstrapper - @TestExecutionListeners is not present for class [junit.AccountServiceTest]: using defaults.
2023-07-06 17:16:04.562  INFO  [main] o.s.t.c.s.DefaultTestContextBootstrapper - Loaded default TestExecutionListener class names from location [META-INF/spring.factories]: [org.springframework.test.context.web.ServletTestExecutionListener, org.springframework.test.context.support.DirtiesContextBeforeModesTestExecutionListener, org.springframework.test.context.event.ApplicationEventsTestExecutionListener, org.springframework.test.context.support.DependencyInjectionTestExecutionListener, org.springframework.test.context.support.DirtiesContextTestExecutionListener, org.springframework.test.context.transaction.TransactionalTestExecutionListener, org.springframework.test.context.jdbc.SqlScriptsTestExecutionListener, org.springframework.test.context.event.EventPublishingTestExecutionListener]
2023-07-06 17:16:04.565  DEBUG [main] o.s.t.c.s.DefaultTestContextBootstrapper - Skipping candidate TestExecutionListener [org.springframework.test.context.web.ServletTestExecutionListener] due to a missing dependency. Specify custom listener classes or make the default listener classes and their required dependencies available. Offending class: [javax/servlet/ServletContext]
2023-07-06 17:16:04.573  INFO  [main] o.s.t.c.s.DefaultTestContextBootstrapper - Using TestExecutionListeners: [org.springframework.test.context.support.DirtiesContextBeforeModesTestExecutionListener@5fbdfdcf, org.springframework.test.context.event.ApplicationEventsTestExecutionListener@4efc180e, org.springframework.test.context.support.DependencyInjectionTestExecutionListener@bd4dc25, org.springframework.test.context.support.DirtiesContextTestExecutionListener@25084a1e, org.springframework.test.context.transaction.TransactionalTestExecutionListener@156b88f5, org.springframework.test.context.jdbc.SqlScriptsTestExecutionListener@3bf9ce3e, org.springframework.test.context.event.EventPublishingTestExecutionListener@16610890]
2023-07-06 17:16:04.574  DEBUG [main] o.s.t.a.ProfileValueUtils - Retrieved @ProfileValueSourceConfiguration [null] for test class [junit.AccountServiceTest]
2023-07-06 17:16:04.575  DEBUG [main] o.s.t.a.ProfileValueUtils - Retrieved ProfileValueSource type [class org.springframework.test.annotation.SystemProfileValueSource] for class [junit.AccountServiceTest]
2023-07-06 17:16:04.585  DEBUG [main] o.s.t.a.ProfileValueUtils - Retrieved @ProfileValueSourceConfiguration [null] for test class [junit.AccountServiceTest]
2023-07-06 17:16:04.586  DEBUG [main] o.s.t.a.ProfileValueUtils - Retrieved ProfileValueSource type [class org.springframework.test.annotation.SystemProfileValueSource] for class [junit.AccountServiceTest]
2023-07-06 17:16:04.587  DEBUG [main] o.s.t.a.ProfileValueUtils - Retrieved @ProfileValueSourceConfiguration [null] for test class [junit.AccountServiceTest]
2023-07-06 17:16:04.587  DEBUG [main] o.s.t.a.ProfileValueUtils - Retrieved ProfileValueSource type [class org.springframework.test.annotation.SystemProfileValueSource] for class [junit.AccountServiceTest]
2023-07-06 17:16:04.587  DEBUG [main] o.s.t.a.ProfileValueUtils - Retrieved @ProfileValueSourceConfiguration [null] for test class [junit.AccountServiceTest]
2023-07-06 17:16:04.588  DEBUG [main] o.s.t.a.ProfileValueUtils - Retrieved ProfileValueSource type [class org.springframework.test.annotation.SystemProfileValueSource] for class [junit.AccountServiceTest]
2023-07-06 17:16:04.589  DEBUG [main] o.s.t.c.s.AbstractDirtiesContextTestExecutionListener - Before test class: context [DefaultTestContext@3a44431a testClass = AccountServiceTest, testInstance = [null], testMethod = [null], testException = [null], mergedContextConfiguration = [MergedContextConfiguration@3c7f66c4 testClass = AccountServiceTest, locations = '{}', classes = '{class mybatis.springconfig}', contextInitializerClasses = '[]', activeProfiles = '{}', propertySourceLocations = '{}', propertySourceProperties = '{}', contextCustomizers = set[[empty]], contextLoader = 'org.springframework.test.context.support.DelegatingSmartContextLoader', parent = [null]], attributes = map[[empty]]], class annotated with @DirtiesContext [false] with mode [null].
2023-07-06 17:16:04.590  DEBUG [main] o.s.t.a.ProfileValueUtils - Retrieved @ProfileValueSourceConfiguration [null] for test class [junit.AccountServiceTest]
2023-07-06 17:16:04.590  DEBUG [main] o.s.t.a.ProfileValueUtils - Retrieved ProfileValueSource type [class org.springframework.test.annotation.SystemProfileValueSource] for class [junit.AccountServiceTest]
2023-07-06 17:16:04.592  DEBUG [main] o.s.t.c.s.DependencyInjectionTestExecutionListener - Performing dependency injection for test context [[DefaultTestContext@3a44431a testClass = AccountServiceTest, testInstance = junit.AccountServiceTest@3cebbb30, testMethod = [null], testException = [null], mergedContextConfiguration = [MergedContextConfiguration@3c7f66c4 testClass = AccountServiceTest, locations = '{}', classes = '{class mybatis.springconfig}', contextInitializerClasses = '[]', activeProfiles = '{}', propertySourceLocations = '{}', propertySourceProperties = '{}', contextCustomizers = set[[empty]], contextLoader = 'org.springframework.test.context.support.DelegatingSmartContextLoader', parent = [null]], attributes = map['org.springframework.test.context.event.ApplicationEventsTestExecutionListener.recordApplicationEvents' -> false]]].
2023-07-06 17:16:04.592  DEBUG [main] o.s.t.c.s.AbstractDelegatingSmartContextLoader - Delegating to AnnotationConfigContextLoader to load context from [MergedContextConfiguration@3c7f66c4 testClass = AccountServiceTest, locations = '{}', classes = '{class mybatis.springconfig}', contextInitializerClasses = '[]', activeProfiles = '{}', propertySourceLocations = '{}', propertySourceProperties = '{}', contextCustomizers = set[[empty]], contextLoader = 'org.springframework.test.context.support.DelegatingSmartContextLoader', parent = [null]].
2023-07-06 17:16:04.592  DEBUG [main] o.s.t.c.s.AbstractGenericContextLoader - Loading ApplicationContext for merged context configuration [[MergedContextConfiguration@3c7f66c4 testClass = AccountServiceTest, locations = '{}', classes = '{class mybatis.springconfig}', contextInitializerClasses = '[]', activeProfiles = '{}', propertySourceLocations = '{}', propertySourceProperties = '{}', contextCustomizers = set[[empty]], contextLoader = 'org.springframework.test.context.support.DelegatingSmartContextLoader', parent = [null]]].
2023-07-06 17:16:04.615  DEBUG [main] o.s.c.e.StandardEnvironment - Activating profiles []
2023-07-06 17:16:04.615  DEBUG [main] o.s.t.c.s.AnnotationConfigContextLoader - Registering component classes: {class mybatis.springconfig}
2023-07-06 17:16:04.642  DEBUG [main] o.s.c.s.GenericApplicationContext - Refreshing org.springframework.context.support.GenericApplicationContext@7b36aa0c
2023-07-06 17:16:04.651  DEBUG [main] o.s.b.f.s.DefaultListableBeanFactory - Creating shared instance of singleton bean 'org.springframework.context.annotation.internalConfigurationAnnotationProcessor'
2023-07-06 17:16:04.697  DEBUG [main] o.s.c.a.ClassPathBeanDefinitionScanner - Identified candidate component class: file [D:\WorkSpace\idea\2021.3\Jzq08016MAVEN\JzqSqring\target\classes\mybatis\mybatisconfig.class]
2023-07-06 17:16:04.699  DEBUG [main] o.s.c.a.ClassPathBeanDefinitionScanner - Identified candidate component class: file [D:\WorkSpace\idea\2021.3\Jzq08016MAVEN\JzqSqring\target\classes\mybatis\service\accountserviceimpl.class]
2023-07-06 17:16:04.703  DEBUG [main] o.s.c.a.ClassPathBeanDefinitionScanner - Identified candidate component class: file [D:\WorkSpace\idea\2021.3\Jzq08016MAVEN\JzqSqring\target\classes\mybatis\service\accountserviceimpl.class]
2023-07-06 17:16:04.704  DEBUG [main] o.s.c.a.ClassPathBeanDefinitionScanner - Identified candidate component class: file [D:\WorkSpace\idea\2021.3\Jzq08016MAVEN\JzqSqring\target\classes\mybatis\springconfig.class]
2023-07-06 17:16:04.726  DEBUG [main] o.s.b.f.s.DefaultListableBeanFactory - Creating shared instance of singleton bean 'mapperScannerConfigurer'
2023-07-06 17:16:04.728  DEBUG [main] o.s.b.f.s.DefaultListableBeanFactory - Creating shared instance of singleton bean 'mybatisconfig'
2023-07-06 17:16:04.734  DEBUG [main] o.a.i.l.LogFactory - Logging initialized using 'class org.apache.ibatis.logging.slf4j.Slf4jImpl' adapter.
2023-07-06 17:16:04.738  DEBUG [main] o.m.s.m.ClassPathMapperScanner - Identified candidate component class: file [D:\WorkSpace\idea\2021.3\Jzq08016MAVEN\JzqSqring\target\classes\mybatis\dao\accountdao.class]
2023-07-06 17:16:04.738  DEBUG [main] o.m.s.m.ClassPathMapperScanner - Creating MapperFactoryBean with name 'accountdao' and 'mybatis.dao.accountdao' mapperInterface
2023-07-06 17:16:04.740  DEBUG [main] o.m.s.m.ClassPathMapperScanner - Enabling autowire by type for MapperFactoryBean with name 'accountdao'.
2023-07-06 17:16:04.742  INFO  [main] o.s.c.a.ConfigurationClassPostProcessor - Cannot enhance @Configuration bean definition 'mybatisconfig' since its singleton instance has been created too early. The typical cause is a non-static @Bean method with a BeanDefinitionRegistryPostProcessor return type: Consider declaring such methods as 'static'.
2023-07-06 17:16:04.788  DEBUG [main] o.s.b.f.s.DefaultListableBeanFactory - Creating shared instance of singleton bean 'org.springframework.context.event.internalEventListenerProcessor'
2023-07-06 17:16:04.789  DEBUG [main] o.s.b.f.s.DefaultListableBeanFactory - Creating shared instance of singleton bean 'org.springframework.context.event.internalEventListenerFactory'
2023-07-06 17:16:04.790  DEBUG [main] o.s.b.f.s.DefaultListableBeanFactory - Creating shared instance of singleton bean 'org.springframework.context.annotation.internalAutowiredAnnotationProcessor'
2023-07-06 17:16:04.791  DEBUG [main] o.s.b.f.s.DefaultListableBeanFactory - Creating shared instance of singleton bean 'org.springframework.context.annotation.internalCommonAnnotationProcessor'
2023-07-06 17:16:04.799  DEBUG [main] o.s.b.f.s.DefaultListableBeanFactory - Creating shared instance of singleton bean 'springconfig'
2023-07-06 17:16:04.802  DEBUG [main] o.s.b.f.s.DefaultListableBeanFactory - Creating shared instance of singleton bean 'accountserviceimpl'
2023-07-06 17:16:04.816  DEBUG [main] o.s.b.f.s.DefaultListableBeanFactory - Creating shared instance of singleton bean 'accountdao'
2023-07-06 17:16:04.831  DEBUG [main] o.s.b.f.s.DefaultListableBeanFactory - Creating shared instance of singleton bean 'sqlSessionFactory'
2023-07-06 17:16:04.833  DEBUG [main] o.s.b.f.s.DefaultListableBeanFactory - Creating shared instance of singleton bean 'dataSource'
2023-07-06 17:16:04.833  DEBUG [main] o.s.b.f.s.DefaultListableBeanFactory - Creating shared instance of singleton bean 'mybatis.jdbcconfig'
2023-07-06 17:16:04.835  DEBUG [main] o.s.c.e.PropertySourcesPropertyResolver - Found key 'jdbc.driver' in PropertySource 'class path resource [jdbc.properties]' with value of type String
2023-07-06 17:16:04.835  DEBUG [main] o.s.c.e.PropertySourcesPropertyResolver - Found key 'jdbc.url' in PropertySource 'class path resource [jdbc.properties]' with value of type String
2023-07-06 17:16:04.835  DEBUG [main] o.s.c.e.PropertySourcesPropertyResolver - Found key 'jdbc.username' in PropertySource 'class path resource [jdbc.properties]' with value of type String
2023-07-06 17:16:04.835  DEBUG [main] o.s.c.e.PropertySourcesPropertyResolver - Found key 'jdbc.password' in PropertySource 'class path resource [jdbc.properties]' with value of type String
2023-07-06 17:16:04.862  DEBUG [main] o.s.b.f.s.DefaultListableBeanFactory - Autowiring by type from bean name 'sqlSessionFactory' via factory method to bean named 'dataSource'
2023-07-06 17:16:04.873  DEBUG [main] o.m.s.SqlSessionFactoryBean - Property 'configuration' or 'configLocation' not specified, using default MyBatis Configuration
2023-07-06 17:16:04.912  DEBUG [main] o.m.s.SqlSessionFactoryBean - Property 'mapperLocations' was not specified or no matching resources found
2023-07-06 17:16:04.963  DEBUG [main] o.s.t.c.c.DefaultCacheAwareContextLoaderDelegate - Storing ApplicationContext [2067180044] in cache under key [[MergedContextConfiguration@3c7f66c4 testClass = AccountServiceTest, locations = '{}', classes = '{class mybatis.springconfig}', contextInitializerClasses = '[]', activeProfiles = '{}', propertySourceLocations = '{}', propertySourceProperties = '{}', contextCustomizers = set[[empty]], contextLoader = 'org.springframework.test.context.support.DelegatingSmartContextLoader', parent = [null]]]
2023-07-06 17:16:04.963  DEBUG [main] o.s.t.c.cache - Spring test ApplicationContext cache statistics: [DefaultContextCache@5cc69cfe size = 1, maxSize = 32, parentContextCount = 0, hitCount = 0, missCount = 1]
2023-07-06 17:16:04.965  DEBUG [main] o.s.t.c.c.DefaultCacheAwareContextLoaderDelegate - Retrieved ApplicationContext [2067180044] from cache with key [[MergedContextConfiguration@3c7f66c4 testClass = AccountServiceTest, locations = '{}', classes = '{class mybatis.springconfig}', contextInitializerClasses = '[]', activeProfiles = '{}', propertySourceLocations = '{}', propertySourceProperties = '{}', contextCustomizers = set[[empty]], contextLoader = 'org.springframework.test.context.support.DelegatingSmartContextLoader', parent = [null]]]
2023-07-06 17:16:04.965  DEBUG [main] o.s.t.c.cache - Spring test ApplicationContext cache statistics: [DefaultContextCache@5cc69cfe size = 1, maxSize = 32, parentContextCount = 0, hitCount = 1, missCount = 1]
2023-07-06 17:16:04.967  DEBUG [main] o.s.t.c.s.AbstractDirtiesContextTestExecutionListener - Before test method: context [DefaultTestContext@3a44431a testClass = AccountServiceTest, testInstance = junit.AccountServiceTest@3cebbb30, testMethod = tsetselect@AccountServiceTest, testException = [null], mergedContextConfiguration = [MergedContextConfiguration@3c7f66c4 testClass = AccountServiceTest, locations = '{}', classes = '{class mybatis.springconfig}', contextInitializerClasses = '[]', activeProfiles = '{}', propertySourceLocations = '{}', propertySourceProperties = '{}', contextCustomizers = set[[empty]], contextLoader = 'org.springframework.test.context.support.DelegatingSmartContextLoader', parent = [null]], attributes = map['org.springframework.test.context.event.ApplicationEventsTestExecutionListener.recordApplicationEvents' -> false]], class annotated with @DirtiesContext [false] with mode [null], method annotated with @DirtiesContext [false] with mode [null].
2023-07-06 17:16:04.973  DEBUG [main] o.s.t.c.c.DefaultCacheAwareContextLoaderDelegate - Retrieved ApplicationContext [2067180044] from cache with key [[MergedContextConfiguration@3c7f66c4 testClass = AccountServiceTest, locations = '{}', classes = '{class mybatis.springconfig}', contextInitializerClasses = '[]', activeProfiles = '{}', propertySourceLocations = '{}', propertySourceProperties = '{}', contextCustomizers = set[[empty]], contextLoader = 'org.springframework.test.context.support.DelegatingSmartContextLoader', parent = [null]]]
2023-07-06 17:16:04.973  DEBUG [main] o.s.t.c.cache - Spring test ApplicationContext cache statistics: [DefaultContextCache@5cc69cfe size = 1, maxSize = 32, parentContextCount = 0, hitCount = 2, missCount = 1]
2023-07-06 17:16:04.974  DEBUG [main] o.s.t.c.c.DefaultCacheAwareContextLoaderDelegate - Retrieved ApplicationContext [2067180044] from cache with key [[MergedContextConfiguration@3c7f66c4 testClass = AccountServiceTest, locations = '{}', classes = '{class mybatis.springconfig}', contextInitializerClasses = '[]', activeProfiles = '{}', propertySourceLocations = '{}', propertySourceProperties = '{}', contextCustomizers = set[[empty]], contextLoader = 'org.springframework.test.context.support.DelegatingSmartContextLoader', parent = [null]]]
2023-07-06 17:16:04.974  DEBUG [main] o.s.t.c.cache - Spring test ApplicationContext cache statistics: [DefaultContextCache@5cc69cfe size = 1, maxSize = 32, parentContextCount = 0, hitCount = 3, missCount = 1]
2023-07-06 17:16:04.980  DEBUG [main] o.m.s.SqlSessionUtils - Creating a new SqlSession
2023-07-06 17:16:04.983  DEBUG [main] o.m.s.SqlSessionUtils - SqlSession [org.apache.ibatis.session.defaults.DefaultSqlSession@61d9efe0] was not registered for synchronization because synchronization is not active
2023-07-06 17:16:04.990  DEBUG [main] o.s.j.d.DataSourceUtils - Fetching JDBC Connection from DataSource
2023-07-06 17:16:05.080  INFO  [main] c.a.d.p.DruidDataSource - {dataSource-1} inited
2023-07-06 17:16:05.232  DEBUG [main] o.m.s.t.SpringManagedTransaction - JDBC Connection [com.mysql.cj.jdbc.ConnectionImpl@5fa47fea] will not be managed by Spring
2023-07-06 17:16:05.237  DEBUG [main] m.d.a.select - ==>  Preparing: select * from demo1
2023-07-06 17:16:05.254  DEBUG [main] m.d.a.select - ==> Parameters: 
2023-07-06 17:16:05.292  DEBUG [main] m.d.a.select - <==      Total: 9
2023-07-06 17:16:05.294  DEBUG [main] o.m.s.SqlSessionUtils - Closing non transactional SqlSession [org.apache.ibatis.session.defaults.DefaultSqlSession@61d9efe0]
2023-07-06 17:16:05.298  DEBUG [main] o.s.t.c.c.DefaultCacheAwareContextLoaderDelegate - Retrieved ApplicationContext [2067180044] from cache with key [[MergedContextConfiguration@3c7f66c4 testClass = AccountServiceTest, locations = '{}', classes = '{class mybatis.springconfig}', contextInitializerClasses = '[]', activeProfiles = '{}', propertySourceLocations = '{}', propertySourceProperties = '{}', contextCustomizers = set[[empty]], contextLoader = 'org.springframework.test.context.support.DelegatingSmartContextLoader', parent = [null]]]
2023-07-06 17:16:05.298  DEBUG [main] o.s.t.c.cache - Spring test ApplicationContext cache statistics: [DefaultContextCache@5cc69cfe size = 1, maxSize = 32, parentContextCount = 0, hitCount = 4, missCount = 1]
2023-07-06 17:16:05.299  DEBUG [main] o.s.t.c.c.DefaultCacheAwareContextLoaderDelegate - Retrieved ApplicationContext [2067180044] from cache with key [[MergedContextConfiguration@3c7f66c4 testClass = AccountServiceTest, locations = '{}', classes = '{class mybatis.springconfig}', contextInitializerClasses = '[]', activeProfiles = '{}', propertySourceLocations = '{}', propertySourceProperties = '{}', contextCustomizers = set[[empty]], contextLoader = 'org.springframework.test.context.support.DelegatingSmartContextLoader', parent = [null]]]
2023-07-06 17:16:05.299  DEBUG [main] o.s.t.c.cache - Spring test ApplicationContext cache statistics: [DefaultContextCache@5cc69cfe size = 1, maxSize = 32, parentContextCount = 0, hitCount = 5, missCount = 1]
2023-07-06 17:16:05.300  DEBUG [main] o.s.t.c.s.AbstractDirtiesContextTestExecutionListener - After test method: context [DefaultTestContext@3a44431a testClass = AccountServiceTest, testInstance = junit.AccountServiceTest@3cebbb30, testMethod = tsetselect@AccountServiceTest, testException = [null], mergedContextConfiguration = [MergedContextConfiguration@3c7f66c4 testClass = AccountServiceTest, locations = '{}', classes = '{class mybatis.springconfig}', contextInitializerClasses = '[]', activeProfiles = '{}', propertySourceLocations = '{}', propertySourceProperties = '{}', contextCustomizers = set[[empty]], contextLoader = 'org.springframework.test.context.support.DelegatingSmartContextLoader', parent = [null]], attributes = map['org.springframework.test.context.event.ApplicationEventsTestExecutionListener.recordApplicationEvents' -> false]], class annotated with @DirtiesContext [false] with mode [null], method annotated with @DirtiesContext [false] with mode [null].
2023-07-06 17:16:05.302  DEBUG [main] o.s.t.c.c.DefaultCacheAwareContextLoaderDelegate - Retrieved ApplicationContext [2067180044] from cache with key [[MergedContextConfiguration@3c7f66c4 testClass = AccountServiceTest, locations = '{}', classes = '{class mybatis.springconfig}', contextInitializerClasses = '[]', activeProfiles = '{}', propertySourceLocations = '{}', propertySourceProperties = '{}', contextCustomizers = set[[empty]], contextLoader = 'org.springframework.test.context.support.DelegatingSmartContextLoader', parent = [null]]]
2023-07-06 17:16:05.302  DEBUG [main] o.s.t.c.cache - Spring test ApplicationContext cache statistics: [DefaultContextCache@5cc69cfe size = 1, maxSize = 32, parentContextCount = 0, hitCount = 6, missCount = 1]
2023-07-06 17:16:05.302  DEBUG [main] o.s.t.c.s.AbstractDirtiesContextTestExecutionListener - After test class: context [DefaultTestContext@3a44431a testClass = AccountServiceTest, testInstance = [null], testMethod = [null], testException = [null], mergedContextConfiguration = [MergedContextConfiguration@3c7f66c4 testClass = AccountServiceTest, locations = '{}', classes = '{class mybatis.springconfig}', contextInitializerClasses = '[]', activeProfiles = '{}', propertySourceLocations = '{}', propertySourceProperties = '{}', contextCustomizers = set[[empty]], contextLoader = 'org.springframework.test.context.support.DelegatingSmartContextLoader', parent = [null]], attributes = map['org.springframework.test.context.event.ApplicationEventsTestExecutionListener.recordApplicationEvents' -> false]], class annotated with @DirtiesContext [false] with mode [null].
2023-07-06 17:16:05.303  DEBUG [SpringContextShutdownHook] o.s.c.s.GenericApplicationContext - Closing org.springframework.context.support.GenericApplicationContext@7b36aa0c, started on Thu Jul 06 17:16:04 CST 2023
2023-07-06 17:16:05.304  INFO  [SpringContextShutdownHook] c.a.d.p.DruidDataSource - {dataSource-1} closing ...
2023-07-06 17:16:05.313  INFO  [SpringContextShutdownHook] c.a.d.p.DruidDataSource - {dataSource-1} closed
